Added Component: Designator=C_V_CELL1(CAP-0603)
Add component. Clean all parameters for all variants
Added Component: Designator=C_V_CELL2(CAP-0603)
Add component. Clean all parameters for all variants
Added Component: Designator=C_V_CELL3(CAP-0603)
Add component. Clean all parameters for all variants
Added Component: Designator=C_V_CELL4(CAP-0603)
Add component. Clean all parameters for all variants
Added Component: Designator=C_V_CELL5(CAP-0603)
Add component. Clean all parameters for all variants
Added Component: Designator=C_V_CELL6(CAP-0603)
Add component. Clean all parameters for all variants
Added Component: Designator=C_V_CELL7(CAP-0603)
Add component. Clean all parameters for all variants
Added Component: Designator=C_V_CELL8(CAP-0603)
Add component. Clean all parameters for all variants
Added Component: Designator=C_V_CELL9(CAP-0603)
Add component. Clean all parameters for all variants
Added Component: Designator=C_V_CELL10(CAP-0603)
Add component. Clean all parameters for all variants
Added Component: Designator=C_V_CELL11(CAP-0603)
Add component. Clean all parameters for all variants
Added Component: Designator=C_V_CELL12(CAP-0603)
Add component. Clean all parameters for all variants
Added Component: Designator=C_V_CELL13(CAP-0603)
Add component. Clean all parameters for all variants
Added Component: Designator=C_V_CELL14(CAP-0603)
Add component. Clean all parameters for all variants
Added Component: Designator=C_V_CELL15(CAP-0603)
Add component. Clean all parameters for all variants
Added Component: Designator=C_V_CELL16(CAP-0603)
Add component. Clean all parameters for all variants
Added Component: Designator=Cell_CELL1(Li1x7pVTC6T)
Add component. Clean all parameters for all variants
Added Component: Designator=Cell_CELL2(Li1x7pVTC6T)
Add component. Clean all parameters for all variants
Added Component: Designator=Cell_CELL3(Li1x7pVTC6T)
Add component. Clean all parameters for all variants
Added Component: Designator=Cell_CELL4(Li1x7pVTC6T)
Add component. Clean all parameters for all variants
Added Component: Designator=Cell_CELL5(Li1x7pVTC6T)
Add component. Clean all parameters for all variants
Added Component: Designator=Cell_CELL6(Li1x7pVTC6T)
Add component. Clean all parameters for all variants
Added Component: Designator=Cell_CELL7(Li1x7pVTC6T)
Add component. Clean all parameters for all variants
Added Component: Designator=Cell_CELL8(Li1x7pVTC6T)
Add component. Clean all parameters for all variants
Added Component: Designator=Cell_CELL9(Li1x7pVTC6T)
Add component. Clean all parameters for all variants
Added Component: Designator=Cell_CELL10(Li1x7pVTC6T)
Add component. Clean all parameters for all variants
Added Component: Designator=Cell_CELL11(Li1x7pVTC6T)
Add component. Clean all parameters for all variants
Added Component: Designator=Cell_CELL12(Li1x7pVTC6T)
Add component. Clean all parameters for all variants
Added Component: Designator=Cell_CELL13(Li1x7pVTC6T)
Add component. Clean all parameters for all variants
Added Component: Designator=Cell_CELL14(Li1x7pVTC6T)
Add component. Clean all parameters for all variants
Added Component: Designator=Cell_CELL15(Li1x7pVTC6T)
Add component. Clean all parameters for all variants
Added Component: Designator=Cell_CELL16(Li1x7pVTC6T)
Add component. Clean all parameters for all variants
Added Component: Designator=F_T_CELL1(2410SMD)
Add component. Clean all parameters for all variants
Added Component: Designator=F_T_CELL2(2410SMD)
Add component. Clean all parameters for all variants
Added Component: Designator=F_T_CELL3(2410SMD)
Add component. Clean all parameters for all variants
Added Component: Designator=F_T_CELL4(2410SMD)
Add component. Clean all parameters for all variants
Added Component: Designator=F_T_CELL5(2410SMD)
Add component. Clean all parameters for all variants
Added Component: Designator=F_T_CELL6(2410SMD)
Add component. Clean all parameters for all variants
Added Component: Designator=F_T_CELL7(2410SMD)
Add component. Clean all parameters for all variants
Added Component: Designator=F_T_CELL8(2410SMD)
Add component. Clean all parameters for all variants
Added Component: Designator=F_T_CELL9(2410SMD)
Add component. Clean all parameters for all variants
Added Component: Designator=F_T_CELL10(2410SMD)
Add component. Clean all parameters for all variants
Added Component: Designator=F_T_CELL11(2410SMD)
Add component. Clean all parameters for all variants
Added Component: Designator=F_T_CELL12(2410SMD)
Add component. Clean all parameters for all variants
Added Component: Designator=F_T_CELL13(2410SMD)
Add component. Clean all parameters for all variants
Added Component: Designator=F_T_CELL14(2410SMD)
Add component. Clean all parameters for all variants
Added Component: Designator=F_T_CELL15(2410SMD)
Add component. Clean all parameters for all variants
Added Component: Designator=F_T_CELL16(2410SMD)
Add component. Clean all parameters for all variants
Added Component: Designator=F_V_CELL1(2410SMD)
Add component. Clean all parameters for all variants
Added Component: Designator=F_V_CELL2(2410SMD)
Add component. Clean all parameters for all variants
Added Component: Designator=F_V_CELL3(2410SMD)
Add component. Clean all parameters for all variants
Added Component: Designator=F_V_CELL4(2410SMD)
Add component. Clean all parameters for all variants
Added Component: Designator=F_V_CELL5(2410SMD)
Add component. Clean all parameters for all variants
Added Component: Designator=F_V_CELL6(2410SMD)
Add component. Clean all parameters for all variants
Added Component: Designator=F_V_CELL7(2410SMD)
Add component. Clean all parameters for all variants
Added Component: Designator=F_V_CELL8(2410SMD)
Add component. Clean all parameters for all variants
Added Component: Designator=F_V_CELL9(2410SMD)
Add component. Clean all parameters for all variants
Added Component: Designator=F_V_CELL10(2410SMD)
Add component. Clean all parameters for all variants
Added Component: Designator=F_V_CELL11(2410SMD)
Add component. Clean all parameters for all variants
Added Component: Designator=F_V_CELL12(2410SMD)
Add component. Clean all parameters for all variants
Added Component: Designator=F_V_CELL13(2410SMD)
Add component. Clean all parameters for all variants
Added Component: Designator=F_V_CELL14(2410SMD)
Add component. Clean all parameters for all variants
Added Component: Designator=F_V_CELL15(2410SMD)
Add component. Clean all parameters for all variants
Added Component: Designator=F_V_CELL16(2410SMD)
Add component. Clean all parameters for all variants
Added Component: Designator=LED_V_D_CELL1(LED-0603)
Add component. Clean all parameters for all variants
Added Component: Designator=LED_V_D_CELL2(LED-0603)
Add component. Clean all parameters for all variants
Added Component: Designator=LED_V_D_CELL3(LED-0603)
Add component. Clean all parameters for all variants
Added Component: Designator=LED_V_D_CELL4(LED-0603)
Add component. Clean all parameters for all variants
Added Component: Designator=LED_V_D_CELL5(LED-0603)
Add component. Clean all parameters for all variants
Added Component: Designator=LED_V_D_CELL6(LED-0603)
Add component. Clean all parameters for all variants
Added Component: Designator=LED_V_D_CELL7(LED-0603)
Add component. Clean all parameters for all variants
Added Component: Designator=LED_V_D_CELL8(LED-0603)
Add component. Clean all parameters for all variants
Added Component: Designator=LED_V_D_CELL9(LED-0603)
Add component. Clean all parameters for all variants
Added Component: Designator=LED_V_D_CELL10(LED-0603)
Add component. Clean all parameters for all variants
Added Component: Designator=LED_V_D_CELL11(LED-0603)
Add component. Clean all parameters for all variants
Added Component: Designator=LED_V_D_CELL12(LED-0603)
Add component. Clean all parameters for all variants
Added Component: Designator=LED_V_D_CELL13(LED-0603)
Add component. Clean all parameters for all variants
Added Component: Designator=LED_V_D_CELL14(LED-0603)
Add component. Clean all parameters for all variants
Added Component: Designator=LED_V_D_CELL15(LED-0603)
Add component. Clean all parameters for all variants
Added Component: Designator=LED_V_D_CELL16(LED-0603)
Add component. Clean all parameters for all variants
Added Component: Designator=NTC_Gate_CELL1(NTC-0603)
Add component. Clean all parameters for all variants
Added Component: Designator=NTC_Gate_CELL2(NTC-0603)
Add component. Clean all parameters for all variants
Added Component: Designator=NTC_Gate_CELL3(NTC-0603)
Add component. Clean all parameters for all variants
Added Component: Designator=NTC_Gate_CELL4(NTC-0603)
Add component. Clean all parameters for all variants
Added Component: Designator=NTC_Gate_CELL5(NTC-0603)
Add component. Clean all parameters for all variants
Added Component: Designator=NTC_Gate_CELL6(NTC-0603)
Add component. Clean all parameters for all variants
Added Component: Designator=NTC_Gate_CELL7(NTC-0603)
Add component. Clean all parameters for all variants
Added Component: Designator=NTC_Gate_CELL8(NTC-0603)
Add component. Clean all parameters for all variants
Added Component: Designator=NTC_Gate_CELL9(NTC-0603)
Add component. Clean all parameters for all variants
Added Component: Designator=NTC_Gate_CELL10(NTC-0603)
Add component. Clean all parameters for all variants
Added Component: Designator=NTC_Gate_CELL11(NTC-0603)
Add component. Clean all parameters for all variants
Added Component: Designator=NTC_Gate_CELL12(NTC-0603)
Add component. Clean all parameters for all variants
Added Component: Designator=NTC_Gate_CELL13(NTC-0603)
Add component. Clean all parameters for all variants
Added Component: Designator=NTC_Gate_CELL14(NTC-0603)
Add component. Clean all parameters for all variants
Added Component: Designator=NTC_Gate_CELL15(NTC-0603)
Add component. Clean all parameters for all variants
Added Component: Designator=NTC_Gate_CELL16(NTC-0603)
Add component. Clean all parameters for all variants
Added Component: Designator=Q_V_Mosfet_CELL1(TO252)
Add component. Clean all parameters for all variants
Add component (AddParameter): Name = "DeviceName"; Value = ""; VariantName = "[No Variations]"
Add component (AddParameter): Name = "DeviceSetName"; Value = "DMP10H400SK3-13"; VariantName = "[No Variations]"
Add component (AddParameter): Name = "GateName_1"; Value = "G$1"; VariantName = "[No Variations]"
Add component (AddParameter): Name = "LibraryName"; Value = "IFE_Transistors"; VariantName = "[No Variations]"
Add component (AddParameter): Name = "Package"; Value = "TO252"; VariantName = "[No Variations]"
Add component (AddParameter): Name = "SymbolName_1"; Value = "LABELED-PMOS"; VariantName = "[No Variations]"
Added Component: Designator=Q_V_Mosfet_CELL2(TO252)
Add component. Clean all parameters for all variants
Add component (AddParameter): Name = "DeviceName"; Value = ""; VariantName = "[No Variations]"
Add component (AddParameter): Name = "DeviceSetName"; Value = "DMP10H400SK3-13"; VariantName = "[No Variations]"
Add component (AddParameter): Name = "GateName_1"; Value = "G$1"; VariantName = "[No Variations]"
Add component (AddParameter): Name = "LibraryName"; Value = "IFE_Transistors"; VariantName = "[No Variations]"
Add component (AddParameter): Name = "Package"; Value = "TO252"; VariantName = "[No Variations]"
Add component (AddParameter): Name = "SymbolName_1"; Value = "LABELED-PMOS"; VariantName = "[No Variations]"
Added Component: Designator=Q_V_Mosfet_CELL3(TO252)
Add component. Clean all parameters for all variants
Add component (AddParameter): Name = "DeviceName"; Value = ""; VariantName = "[No Variations]"
Add component (AddParameter): Name = "DeviceSetName"; Value = "DMP10H400SK3-13"; VariantName = "[No Variations]"
Add component (AddParameter): Name = "GateName_1"; Value = "G$1"; VariantName = "[No Variations]"
Add component (AddParameter): Name = "LibraryName"; Value = "IFE_Transistors"; VariantName = "[No Variations]"
Add component (AddParameter): Name = "Package"; Value = "TO252"; VariantName = "[No Variations]"
Add component (AddParameter): Name = "SymbolName_1"; Value = "LABELED-PMOS"; VariantName = "[No Variations]"
Added Component: Designator=Q_V_Mosfet_CELL4(TO252)
Add component. Clean all parameters for all variants
Add component (AddParameter): Name = "DeviceName"; Value = ""; VariantName = "[No Variations]"
Add component (AddParameter): Name = "DeviceSetName"; Value = "DMP10H400SK3-13"; VariantName = "[No Variations]"
Add component (AddParameter): Name = "GateName_1"; Value = "G$1"; VariantName = "[No Variations]"
Add component (AddParameter): Name = "LibraryName"; Value = "IFE_Transistors"; VariantName = "[No Variations]"
Add component (AddParameter): Name = "Package"; Value = "TO252"; VariantName = "[No Variations]"
Add component (AddParameter): Name = "SymbolName_1"; Value = "LABELED-PMOS"; VariantName = "[No Variations]"
Added Component: Designator=Q_V_Mosfet_CELL5(TO252)
Add component. Clean all parameters for all variants
Add component (AddParameter): Name = "DeviceName"; Value = ""; VariantName = "[No Variations]"
Add component (AddParameter): Name = "DeviceSetName"; Value = "DMP10H400SK3-13"; VariantName = "[No Variations]"
Add component (AddParameter): Name = "GateName_1"; Value = "G$1"; VariantName = "[No Variations]"
Add component (AddParameter): Name = "LibraryName"; Value = "IFE_Transistors"; VariantName = "[No Variations]"
Add component (AddParameter): Name = "Package"; Value = "TO252"; VariantName = "[No Variations]"
Add component (AddParameter): Name = "SymbolName_1"; Value = "LABELED-PMOS"; VariantName = "[No Variations]"
Added Component: Designator=Q_V_Mosfet_CELL6(TO252)
Add component. Clean all parameters for all variants
Add component (AddParameter): Name = "DeviceName"; Value = ""; VariantName = "[No Variations]"
Add component (AddParameter): Name = "DeviceSetName"; Value = "DMP10H400SK3-13"; VariantName = "[No Variations]"
Add component (AddParameter): Name = "GateName_1"; Value = "G$1"; VariantName = "[No Variations]"
Add component (AddParameter): Name = "LibraryName"; Value = "IFE_Transistors"; VariantName = "[No Variations]"
Add component (AddParameter): Name = "Package"; Value = "TO252"; VariantName = "[No Variations]"
Add component (AddParameter): Name = "SymbolName_1"; Value = "LABELED-PMOS"; VariantName = "[No Variations]"
Added Component: Designator=Q_V_Mosfet_CELL7(TO252)
Add component. Clean all parameters for all variants
Add component (AddParameter): Name = "DeviceName"; Value = ""; VariantName = "[No Variations]"
Add component (AddParameter): Name = "DeviceSetName"; Value = "DMP10H400SK3-13"; VariantName = "[No Variations]"
Add component (AddParameter): Name = "GateName_1"; Value = "G$1"; VariantName = "[No Variations]"
Add component (AddParameter): Name = "LibraryName"; Value = "IFE_Transistors"; VariantName = "[No Variations]"
Add component (AddParameter): Name = "Package"; Value = "TO252"; VariantName = "[No Variations]"
Add component (AddParameter): Name = "SymbolName_1"; Value = "LABELED-PMOS"; VariantName = "[No Variations]"
Added Component: Designator=Q_V_Mosfet_CELL8(TO252)
Add component. Clean all parameters for all variants
Add component (AddParameter): Name = "DeviceName"; Value = ""; VariantName = "[No Variations]"
Add component (AddParameter): Name = "DeviceSetName"; Value = "DMP10H400SK3-13"; VariantName = "[No Variations]"
Add component (AddParameter): Name = "GateName_1"; Value = "G$1"; VariantName = "[No Variations]"
Add component (AddParameter): Name = "LibraryName"; Value = "IFE_Transistors"; VariantName = "[No Variations]"
Add component (AddParameter): Name = "Package"; Value = "TO252"; VariantName = "[No Variations]"
Add component (AddParameter): Name = "SymbolName_1"; Value = "LABELED-PMOS"; VariantName = "[No Variations]"
Added Component: Designator=Q_V_Mosfet_CELL9(TO252)
Add component. Clean all parameters for all variants
Add component (AddParameter): Name = "DeviceName"; Value = ""; VariantName = "[No Variations]"
Add component (AddParameter): Name = "DeviceSetName"; Value = "DMP10H400SK3-13"; VariantName = "[No Variations]"
Add component (AddParameter): Name = "GateName_1"; Value = "G$1"; VariantName = "[No Variations]"
Add component (AddParameter): Name = "LibraryName"; Value = "IFE_Transistors"; VariantName = "[No Variations]"
Add component (AddParameter): Name = "Package"; Value = "TO252"; VariantName = "[No Variations]"
Add component (AddParameter): Name = "SymbolName_1"; Value = "LABELED-PMOS"; VariantName = "[No Variations]"
Added Component: Designator=Q_V_Mosfet_CELL10(TO252)
Add component. Clean all parameters for all variants
Add component (AddParameter): Name = "DeviceName"; Value = ""; VariantName = "[No Variations]"
Add component (AddParameter): Name = "DeviceSetName"; Value = "DMP10H400SK3-13"; VariantName = "[No Variations]"
Add component (AddParameter): Name = "GateName_1"; Value = "G$1"; VariantName = "[No Variations]"
Add component (AddParameter): Name = "LibraryName"; Value = "IFE_Transistors"; VariantName = "[No Variations]"
Add component (AddParameter): Name = "Package"; Value = "TO252"; VariantName = "[No Variations]"
Add component (AddParameter): Name = "SymbolName_1"; Value = "LABELED-PMOS"; VariantName = "[No Variations]"
Added Component: Designator=Q_V_Mosfet_CELL11(TO252)
Add component. Clean all parameters for all variants
Add component (AddParameter): Name = "DeviceName"; Value = ""; VariantName = "[No Variations]"
Add component (AddParameter): Name = "DeviceSetName"; Value = "DMP10H400SK3-13"; VariantName = "[No Variations]"
Add component (AddParameter): Name = "GateName_1"; Value = "G$1"; VariantName = "[No Variations]"
Add component (AddParameter): Name = "LibraryName"; Value = "IFE_Transistors"; VariantName = "[No Variations]"
Add component (AddParameter): Name = "Package"; Value = "TO252"; VariantName = "[No Variations]"
Add component (AddParameter): Name = "SymbolName_1"; Value = "LABELED-PMOS"; VariantName = "[No Variations]"
Added Component: Designator=Q_V_Mosfet_CELL12(TO252)
Add component. Clean all parameters for all variants
Add component (AddParameter): Name = "DeviceName"; Value = ""; VariantName = "[No Variations]"
Add component (AddParameter): Name = "DeviceSetName"; Value = "DMP10H400SK3-13"; VariantName = "[No Variations]"
Add component (AddParameter): Name = "GateName_1"; Value = "G$1"; VariantName = "[No Variations]"
Add component (AddParameter): Name = "LibraryName"; Value = "IFE_Transistors"; VariantName = "[No Variations]"
Add component (AddParameter): Name = "Package"; Value = "TO252"; VariantName = "[No Variations]"
Add component (AddParameter): Name = "SymbolName_1"; Value = "LABELED-PMOS"; VariantName = "[No Variations]"
Added Component: Designator=Q_V_Mosfet_CELL13(TO252)
Add component. Clean all parameters for all variants
Add component (AddParameter): Name = "DeviceName"; Value = ""; VariantName = "[No Variations]"
Add component (AddParameter): Name = "DeviceSetName"; Value = "DMP10H400SK3-13"; VariantName = "[No Variations]"
Add component (AddParameter): Name = "GateName_1"; Value = "G$1"; VariantName = "[No Variations]"
Add component (AddParameter): Name = "LibraryName"; Value = "IFE_Transistors"; VariantName = "[No Variations]"
Add component (AddParameter): Name = "Package"; Value = "TO252"; VariantName = "[No Variations]"
Add component (AddParameter): Name = "SymbolName_1"; Value = "LABELED-PMOS"; VariantName = "[No Variations]"
Added Component: Designator=Q_V_Mosfet_CELL14(TO252)
Add component. Clean all parameters for all variants
Add component (AddParameter): Name = "DeviceName"; Value = ""; VariantName = "[No Variations]"
Add component (AddParameter): Name = "DeviceSetName"; Value = "DMP10H400SK3-13"; VariantName = "[No Variations]"
Add component (AddParameter): Name = "GateName_1"; Value = "G$1"; VariantName = "[No Variations]"
Add component (AddParameter): Name = "LibraryName"; Value = "IFE_Transistors"; VariantName = "[No Variations]"
Add component (AddParameter): Name = "Package"; Value = "TO252"; VariantName = "[No Variations]"
Add component (AddParameter): Name = "SymbolName_1"; Value = "LABELED-PMOS"; VariantName = "[No Variations]"
Added Component: Designator=Q_V_Mosfet_CELL15(TO252)
Add component. Clean all parameters for all variants
Add component (AddParameter): Name = "DeviceName"; Value = ""; VariantName = "[No Variations]"
Add component (AddParameter): Name = "DeviceSetName"; Value = "DMP10H400SK3-13"; VariantName = "[No Variations]"
Add component (AddParameter): Name = "GateName_1"; Value = "G$1"; VariantName = "[No Variations]"
Add component (AddParameter): Name = "LibraryName"; Value = "IFE_Transistors"; VariantName = "[No Variations]"
Add component (AddParameter): Name = "Package"; Value = "TO252"; VariantName = "[No Variations]"
Add component (AddParameter): Name = "SymbolName_1"; Value = "LABELED-PMOS"; VariantName = "[No Variations]"
Added Component: Designator=Q_V_Mosfet_CELL16(TO252)
Add component. Clean all parameters for all variants
Add component (AddParameter): Name = "DeviceName"; Value = ""; VariantName = "[No Variations]"
Add component (AddParameter): Name = "DeviceSetName"; Value = "DMP10H400SK3-13"; VariantName = "[No Variations]"
Add component (AddParameter): Name = "GateName_1"; Value = "G$1"; VariantName = "[No Variations]"
Add component (AddParameter): Name = "LibraryName"; Value = "IFE_Transistors"; VariantName = "[No Variations]"
Add component (AddParameter): Name = "Package"; Value = "TO252"; VariantName = "[No Variations]"
Add component (AddParameter): Name = "SymbolName_1"; Value = "LABELED-PMOS"; VariantName = "[No Variations]"
Added Component: Designator=R_D_CELL1(TO252-TKH-45)
Add component. Clean all parameters for all variants
Added Component: Designator=R_D_CELL2(TO252-TKH-45)
Add component. Clean all parameters for all variants
Added Component: Designator=R_D_CELL3(TO252-TKH-45)
Add component. Clean all parameters for all variants
Added Component: Designator=R_D_CELL4(TO252-TKH-45)
Add component. Clean all parameters for all variants
Added Component: Designator=R_D_CELL5(TO252-TKH-45)
Add component. Clean all parameters for all variants
Added Component: Designator=R_D_CELL6(TO252-TKH-45)
Add component. Clean all parameters for all variants
Added Component: Designator=R_D_CELL7(TO252-TKH-45)
Add component. Clean all parameters for all variants
Added Component: Designator=R_D_CELL8(TO252-TKH-45)
Add component. Clean all parameters for all variants
Added Component: Designator=R_D_CELL9(TO252-TKH-45)
Add component. Clean all parameters for all variants
Added Component: Designator=R_D_CELL10(TO252-TKH-45)
Add component. Clean all parameters for all variants
Added Component: Designator=R_D_CELL11(TO252-TKH-45)
Add component. Clean all parameters for all variants
Added Component: Designator=R_D_CELL12(TO252-TKH-45)
Add component. Clean all parameters for all variants
Added Component: Designator=R_D_CELL13(TO252-TKH-45)
Add component. Clean all parameters for all variants
Added Component: Designator=R_D_CELL14(TO252-TKH-45)
Add component. Clean all parameters for all variants
Added Component: Designator=R_D_CELL15(TO252-TKH-45)
Add component. Clean all parameters for all variants
Added Component: Designator=R_D_CELL16(TO252-TKH-45)
Add component. Clean all parameters for all variants
Added Component: Designator=R_Gate_CELL1(RES-0603)
Add component. Clean all parameters for all variants
Added Component: Designator=R_Gate_CELL2(RES-0603)
Add component. Clean all parameters for all variants
Added Component: Designator=R_Gate_CELL3(RES-0603)
Add component. Clean all parameters for all variants
Added Component: Designator=R_Gate_CELL4(RES-0603)
Add component. Clean all parameters for all variants
Added Component: Designator=R_Gate_CELL5(RES-0603)
Add component. Clean all parameters for all variants
Added Component: Designator=R_Gate_CELL6(RES-0603)
Add component. Clean all parameters for all variants
Added Component: Designator=R_Gate_CELL7(RES-0603)
Add component. Clean all parameters for all variants
Added Component: Designator=R_Gate_CELL8(RES-0603)
Add component. Clean all parameters for all variants
Added Component: Designator=R_Gate_CELL9(RES-0603)
Add component. Clean all parameters for all variants
Added Component: Designator=R_Gate_CELL10(RES-0603)
Add component. Clean all parameters for all variants
Added Component: Designator=R_Gate_CELL11(RES-0603)
Add component. Clean all parameters for all variants
Added Component: Designator=R_Gate_CELL12(RES-0603)
Add component. Clean all parameters for all variants
Added Component: Designator=R_Gate_CELL13(RES-0603)
Add component. Clean all parameters for all variants
Added Component: Designator=R_Gate_CELL14(RES-0603)
Add component. Clean all parameters for all variants
Added Component: Designator=R_Gate_CELL15(RES-0603)
Add component. Clean all parameters for all variants
Added Component: Designator=R_Gate_CELL16(RES-0603)
Add component. Clean all parameters for all variants
Added Component: Designator=R_Input_CELL1(RES-0603)
Add component. Clean all parameters for all variants
Added Component: Designator=R_Input_CELL2(RES-0603)
Add component. Clean all parameters for all variants
Added Component: Designator=R_Input_CELL3(RES-0603)
Add component. Clean all parameters for all variants
Added Component: Designator=R_Input_CELL4(RES-0603)
Add component. Clean all parameters for all variants
Added Component: Designator=R_Input_CELL5(RES-0603)
Add component. Clean all parameters for all variants
Added Component: Designator=R_Input_CELL6(RES-0603)
Add component. Clean all parameters for all variants
Added Component: Designator=R_Input_CELL7(RES-0603)
Add component. Clean all parameters for all variants
Added Component: Designator=R_Input_CELL8(RES-0603)
Add component. Clean all parameters for all variants
Added Component: Designator=R_Input_CELL9(RES-0603)
Add component. Clean all parameters for all variants
Added Component: Designator=R_Input_CELL10(RES-0603)
Add component. Clean all parameters for all variants
Added Component: Designator=R_Input_CELL11(RES-0603)
Add component. Clean all parameters for all variants
Added Component: Designator=R_Input_CELL12(RES-0603)
Add component. Clean all parameters for all variants
Added Component: Designator=R_Input_CELL13(RES-0603)
Add component. Clean all parameters for all variants
Added Component: Designator=R_Input_CELL14(RES-0603)
Add component. Clean all parameters for all variants
Added Component: Designator=R_Input_CELL15(RES-0603)
Add component. Clean all parameters for all variants
Added Component: Designator=R_Input_CELL16(RES-0603)
Add component. Clean all parameters for all variants
Added Component: Designator=R_T_CELL1(RES-0603)
Add component. Clean all parameters for all variants
Added Component: Designator=R_T_CELL2(RES-0603)
Add component. Clean all parameters for all variants
Added Component: Designator=R_T_CELL3(RES-0603)
Add component. Clean all parameters for all variants
Added Component: Designator=R_T_CELL4(RES-0603)
Add component. Clean all parameters for all variants
Added Component: Designator=R_T_CELL5(RES-0603)
Add component. Clean all parameters for all variants
Added Component: Designator=R_T_CELL6(RES-0603)
Add component. Clean all parameters for all variants
Added Component: Designator=R_T_CELL7(RES-0603)
Add component. Clean all parameters for all variants
Added Component: Designator=R_T_CELL8(RES-0603)
Add component. Clean all parameters for all variants
Added Component: Designator=R_T_CELL9(RES-0603)
Add component. Clean all parameters for all variants
Added Component: Designator=R_T_CELL10(RES-0603)
Add component. Clean all parameters for all variants
Added Component: Designator=R_T_CELL11(RES-0603)
Add component. Clean all parameters for all variants
Added Component: Designator=R_T_CELL12(RES-0603)
Add component. Clean all parameters for all variants
Added Component: Designator=R_T_CELL13(RES-0603)
Add component. Clean all parameters for all variants
Added Component: Designator=R_T_CELL14(RES-0603)
Add component. Clean all parameters for all variants
Added Component: Designator=R_T_CELL15(RES-0603)
Add component. Clean all parameters for all variants
Added Component: Designator=R_T_CELL16(RES-0603)
Add component. Clean all parameters for all variants
Added Component: Designator=R_V_D_LED_CELL1(RES-0603)
Add component. Clean all parameters for all variants
Added Component: Designator=R_V_D_LED_CELL2(RES-0603)
Add component. Clean all parameters for all variants
Added Component: Designator=R_V_D_LED_CELL3(RES-0603)
Add component. Clean all parameters for all variants
Added Component: Designator=R_V_D_LED_CELL4(RES-0603)
Add component. Clean all parameters for all variants
Added Component: Designator=R_V_D_LED_CELL5(RES-0603)
Add component. Clean all parameters for all variants
Added Component: Designator=R_V_D_LED_CELL6(RES-0603)
Add component. Clean all parameters for all variants
Added Component: Designator=R_V_D_LED_CELL7(RES-0603)
Add component. Clean all parameters for all variants
Added Component: Designator=R_V_D_LED_CELL8(RES-0603)
Add component. Clean all parameters for all variants
Added Component: Designator=R_V_D_LED_CELL9(RES-0603)
Add component. Clean all parameters for all variants
Added Component: Designator=R_V_D_LED_CELL10(RES-0603)
Add component. Clean all parameters for all variants
Added Component: Designator=R_V_D_LED_CELL11(RES-0603)
Add component. Clean all parameters for all variants
Added Component: Designator=R_V_D_LED_CELL12(RES-0603)
Add component. Clean all parameters for all variants
Added Component: Designator=R_V_D_LED_CELL13(RES-0603)
Add component. Clean all parameters for all variants
Added Component: Designator=R_V_D_LED_CELL14(RES-0603)
Add component. Clean all parameters for all variants
Added Component: Designator=R_V_D_LED_CELL15(RES-0603)
Add component. Clean all parameters for all variants
Added Component: Designator=R_V_D_LED_CELL16(RES-0603)
Add component. Clean all parameters for all variants
Added Pin To Net: NetName=F_CELL1 Pin=C_V_CELL1-1
Added Pin To Net: NetName=F_CELL1 Pin=F_V_CELL1-1
Added Pin To Net: NetName=F_CELL1 Pin=NTC_Gate_CELL1-2
Added Pin To Net: NetName=F_CELL1 Pin=Q_V_Mosfet_CELL1-3
Added Pin To Net: NetName=F_CELL1 Pin=R_D_CELL1-3
Added Pin To Net: NetName=F_CELL1 Pin=R_Input_CELL1-1
Added Net: Name=F_CELL1
Added Pin To Net: NetName=F_CELL2 Pin=C_V_CELL2-1
Added Pin To Net: NetName=F_CELL2 Pin=F_V_CELL2-1
Added Pin To Net: NetName=F_CELL2 Pin=NTC_Gate_CELL2-2
Added Pin To Net: NetName=F_CELL2 Pin=Q_V_Mosfet_CELL2-3
Added Pin To Net: NetName=F_CELL2 Pin=R_D_CELL2-3
Added Pin To Net: NetName=F_CELL2 Pin=R_Input_CELL2-1
Added Net: Name=F_CELL2
Added Pin To Net: NetName=F_CELL3 Pin=C_V_CELL3-1
Added Pin To Net: NetName=F_CELL3 Pin=F_V_CELL3-1
Added Pin To Net: NetName=F_CELL3 Pin=NTC_Gate_CELL3-2
Added Pin To Net: NetName=F_CELL3 Pin=Q_V_Mosfet_CELL3-3
Added Pin To Net: NetName=F_CELL3 Pin=R_D_CELL3-3
Added Pin To Net: NetName=F_CELL3 Pin=R_Input_CELL3-1
Added Net: Name=F_CELL3
Added Pin To Net: NetName=F_CELL4 Pin=C_V_CELL4-1
Added Pin To Net: NetName=F_CELL4 Pin=F_V_CELL4-1
Added Pin To Net: NetName=F_CELL4 Pin=NTC_Gate_CELL4-2
Added Pin To Net: NetName=F_CELL4 Pin=Q_V_Mosfet_CELL4-3
Added Pin To Net: NetName=F_CELL4 Pin=R_D_CELL4-3
Added Pin To Net: NetName=F_CELL4 Pin=R_Input_CELL4-1
Added Net: Name=F_CELL4
Added Pin To Net: NetName=F_CELL5 Pin=C_V_CELL5-1
Added Pin To Net: NetName=F_CELL5 Pin=F_V_CELL5-1
Added Pin To Net: NetName=F_CELL5 Pin=NTC_Gate_CELL5-2
Added Pin To Net: NetName=F_CELL5 Pin=Q_V_Mosfet_CELL5-3
Added Pin To Net: NetName=F_CELL5 Pin=R_D_CELL5-3
Added Pin To Net: NetName=F_CELL5 Pin=R_Input_CELL5-1
Added Net: Name=F_CELL5
Added Pin To Net: NetName=F_CELL6 Pin=C_V_CELL6-1
Added Pin To Net: NetName=F_CELL6 Pin=F_V_CELL6-1
Added Pin To Net: NetName=F_CELL6 Pin=NTC_Gate_CELL6-2
Added Pin To Net: NetName=F_CELL6 Pin=Q_V_Mosfet_CELL6-3
Added Pin To Net: NetName=F_CELL6 Pin=R_D_CELL6-3
Added Pin To Net: NetName=F_CELL6 Pin=R_Input_CELL6-1
Added Net: Name=F_CELL6
Added Pin To Net: NetName=F_CELL7 Pin=C_V_CELL7-1
Added Pin To Net: NetName=F_CELL7 Pin=F_V_CELL7-1
Added Pin To Net: NetName=F_CELL7 Pin=NTC_Gate_CELL7-2
Added Pin To Net: NetName=F_CELL7 Pin=Q_V_Mosfet_CELL7-3
Added Pin To Net: NetName=F_CELL7 Pin=R_D_CELL7-3
Added Pin To Net: NetName=F_CELL7 Pin=R_Input_CELL7-1
Added Net: Name=F_CELL7
Added Pin To Net: NetName=F_CELL8 Pin=C_V_CELL8-1
Added Pin To Net: NetName=F_CELL8 Pin=F_V_CELL8-1
Added Pin To Net: NetName=F_CELL8 Pin=NTC_Gate_CELL8-2
Added Pin To Net: NetName=F_CELL8 Pin=Q_V_Mosfet_CELL8-3
Added Pin To Net: NetName=F_CELL8 Pin=R_D_CELL8-3
Added Pin To Net: NetName=F_CELL8 Pin=R_Input_CELL8-1
Added Net: Name=F_CELL8
Added Pin To Net: NetName=F_CELL9 Pin=C_V_CELL9-1
Added Pin To Net: NetName=F_CELL9 Pin=F_V_CELL9-1
Added Pin To Net: NetName=F_CELL9 Pin=NTC_Gate_CELL9-2
Added Pin To Net: NetName=F_CELL9 Pin=Q_V_Mosfet_CELL9-3
Added Pin To Net: NetName=F_CELL9 Pin=R_D_CELL9-3
Added Pin To Net: NetName=F_CELL9 Pin=R_Input_CELL9-1
Added Net: Name=F_CELL9
Added Pin To Net: NetName=F_CELL10 Pin=C_V_CELL10-1
Added Pin To Net: NetName=F_CELL10 Pin=F_V_CELL10-1
Added Pin To Net: NetName=F_CELL10 Pin=NTC_Gate_CELL10-2
Added Pin To Net: NetName=F_CELL10 Pin=Q_V_Mosfet_CELL10-3
Added Pin To Net: NetName=F_CELL10 Pin=R_D_CELL10-3
Added Pin To Net: NetName=F_CELL10 Pin=R_Input_CELL10-1
Added Net: Name=F_CELL10
Added Pin To Net: NetName=F_CELL11 Pin=C_V_CELL11-1
Added Pin To Net: NetName=F_CELL11 Pin=F_V_CELL11-1
Added Pin To Net: NetName=F_CELL11 Pin=NTC_Gate_CELL11-2
Added Pin To Net: NetName=F_CELL11 Pin=Q_V_Mosfet_CELL11-3
Added Pin To Net: NetName=F_CELL11 Pin=R_D_CELL11-3
Added Pin To Net: NetName=F_CELL11 Pin=R_Input_CELL11-1
Added Net: Name=F_CELL11
Added Pin To Net: NetName=F_CELL12 Pin=C_V_CELL12-1
Added Pin To Net: NetName=F_CELL12 Pin=F_V_CELL12-1
Added Pin To Net: NetName=F_CELL12 Pin=NTC_Gate_CELL12-2
Added Pin To Net: NetName=F_CELL12 Pin=Q_V_Mosfet_CELL12-3
Added Pin To Net: NetName=F_CELL12 Pin=R_D_CELL12-3
Added Pin To Net: NetName=F_CELL12 Pin=R_Input_CELL12-1
Added Net: Name=F_CELL12
Added Pin To Net: NetName=F_CELL13 Pin=C_V_CELL13-1
Added Pin To Net: NetName=F_CELL13 Pin=F_V_CELL13-1
Added Pin To Net: NetName=F_CELL13 Pin=NTC_Gate_CELL13-2
Added Pin To Net: NetName=F_CELL13 Pin=Q_V_Mosfet_CELL13-3
Added Pin To Net: NetName=F_CELL13 Pin=R_D_CELL13-3
Added Pin To Net: NetName=F_CELL13 Pin=R_Input_CELL13-1
Added Net: Name=F_CELL13
Added Pin To Net: NetName=F_CELL14 Pin=C_V_CELL14-1
Added Pin To Net: NetName=F_CELL14 Pin=F_V_CELL14-1
Added Pin To Net: NetName=F_CELL14 Pin=NTC_Gate_CELL14-2
Added Pin To Net: NetName=F_CELL14 Pin=Q_V_Mosfet_CELL14-3
Added Pin To Net: NetName=F_CELL14 Pin=R_D_CELL14-3
Added Pin To Net: NetName=F_CELL14 Pin=R_Input_CELL14-1
Added Net: Name=F_CELL14
Added Pin To Net: NetName=F_CELL15 Pin=C_V_CELL15-1
Added Pin To Net: NetName=F_CELL15 Pin=F_V_CELL15-1
Added Pin To Net: NetName=F_CELL15 Pin=NTC_Gate_CELL15-2
Added Pin To Net: NetName=F_CELL15 Pin=Q_V_Mosfet_CELL15-3
Added Pin To Net: NetName=F_CELL15 Pin=R_D_CELL15-3
Added Pin To Net: NetName=F_CELL15 Pin=R_Input_CELL15-1
Added Net: Name=F_CELL15
Added Pin To Net: NetName=F_CELL16 Pin=C_V_CELL16-1
Added Pin To Net: NetName=F_CELL16 Pin=F_V_CELL16-1
Added Pin To Net: NetName=F_CELL16 Pin=NTC_Gate_CELL16-2
Added Pin To Net: NetName=F_CELL16 Pin=Q_V_Mosfet_CELL16-3
Added Pin To Net: NetName=F_CELL16 Pin=R_D_CELL16-3
Added Pin To Net: NetName=F_CELL16 Pin=R_Input_CELL16-1
Added Net: Name=F_CELL16
Added Pin To Net: NetName=GND Pin=C_V_CELL1-2
Added Pin To Net: NetName=GND Pin=C_V_CELL2-2
Added Pin To Net: NetName=GND Pin=C_V_CELL3-2
Added Pin To Net: NetName=GND Pin=C_V_CELL4-2
Added Pin To Net: NetName=GND Pin=C_V_CELL5-2
Added Pin To Net: NetName=GND Pin=C_V_CELL6-2
Added Pin To Net: NetName=GND Pin=C_V_CELL7-2
Added Pin To Net: NetName=GND Pin=C_V_CELL8-2
Added Pin To Net: NetName=GND Pin=C_V_CELL9-2
Added Pin To Net: NetName=GND Pin=C_V_CELL10-2
Added Pin To Net: NetName=GND Pin=C_V_CELL11-2
Added Pin To Net: NetName=GND Pin=C_V_CELL12-2
Added Pin To Net: NetName=GND Pin=C_V_CELL13-2
Added Pin To Net: NetName=GND Pin=C_V_CELL14-2
Added Pin To Net: NetName=GND Pin=C_V_CELL15-2
Added Pin To Net: NetName=GND Pin=C_V_CELL16-2
Added Net: Name=GND
Added Pin To Net: NetName=NEG1 Pin=Cell_CELL1--
Added Pin To Net: NetName=NEG1 Pin=LED_V_D_CELL1-K
Added Pin To Net: NetName=NEG1 Pin=R_D_CELL1-1
Added Net: Name=NEG1
Added Pin To Net: NetName=NEG2 Pin=Cell_CELL1-+
Added Pin To Net: NetName=NEG2 Pin=Cell_CELL2--
Added Pin To Net: NetName=NEG2 Pin=F_T_CELL1-1
Added Pin To Net: NetName=NEG2 Pin=F_V_CELL1-2
Added Pin To Net: NetName=NEG2 Pin=LED_V_D_CELL2-K
Added Pin To Net: NetName=NEG2 Pin=R_D_CELL2-1
Added Net: Name=NEG2
Added Pin To Net: NetName=NEG3 Pin=Cell_CELL2-+
Added Pin To Net: NetName=NEG3 Pin=Cell_CELL3--
Added Pin To Net: NetName=NEG3 Pin=F_T_CELL2-1
Added Pin To Net: NetName=NEG3 Pin=F_V_CELL2-2
Added Pin To Net: NetName=NEG3 Pin=LED_V_D_CELL3-K
Added Pin To Net: NetName=NEG3 Pin=R_D_CELL3-1
Added Net: Name=NEG3
Added Pin To Net: NetName=NEG4 Pin=Cell_CELL3-+
Added Pin To Net: NetName=NEG4 Pin=Cell_CELL4--
Added Pin To Net: NetName=NEG4 Pin=F_T_CELL3-1
Added Pin To Net: NetName=NEG4 Pin=F_V_CELL3-2
Added Pin To Net: NetName=NEG4 Pin=LED_V_D_CELL4-K
Added Pin To Net: NetName=NEG4 Pin=R_D_CELL4-1
Added Net: Name=NEG4
Added Pin To Net: NetName=NEG5 Pin=Cell_CELL4-+
Added Pin To Net: NetName=NEG5 Pin=Cell_CELL5--
Added Pin To Net: NetName=NEG5 Pin=F_T_CELL4-1
Added Pin To Net: NetName=NEG5 Pin=F_V_CELL4-2
Added Pin To Net: NetName=NEG5 Pin=LED_V_D_CELL5-K
Added Pin To Net: NetName=NEG5 Pin=R_D_CELL5-1
Added Net: Name=NEG5
Added Pin To Net: NetName=NEG6 Pin=Cell_CELL5-+
Added Pin To Net: NetName=NEG6 Pin=Cell_CELL6--
Added Pin To Net: NetName=NEG6 Pin=F_T_CELL5-1
Added Pin To Net: NetName=NEG6 Pin=F_V_CELL5-2
Added Pin To Net: NetName=NEG6 Pin=LED_V_D_CELL6-K
Added Pin To Net: NetName=NEG6 Pin=R_D_CELL6-1
Added Net: Name=NEG6
Added Pin To Net: NetName=NEG7 Pin=Cell_CELL6-+
Added Pin To Net: NetName=NEG7 Pin=Cell_CELL7--
Added Pin To Net: NetName=NEG7 Pin=F_T_CELL6-1
Added Pin To Net: NetName=NEG7 Pin=F_V_CELL6-2
Added Pin To Net: NetName=NEG7 Pin=LED_V_D_CELL7-K
Added Pin To Net: NetName=NEG7 Pin=R_D_CELL7-1
Added Net: Name=NEG7
Added Pin To Net: NetName=NEG8 Pin=Cell_CELL7-+
Added Pin To Net: NetName=NEG8 Pin=Cell_CELL8--
Added Pin To Net: NetName=NEG8 Pin=F_T_CELL7-1
Added Pin To Net: NetName=NEG8 Pin=F_V_CELL7-2
Added Pin To Net: NetName=NEG8 Pin=LED_V_D_CELL8-K
Added Pin To Net: NetName=NEG8 Pin=R_D_CELL8-1
Added Net: Name=NEG8
Added Pin To Net: NetName=NEG9 Pin=Cell_CELL8-+
Added Pin To Net: NetName=NEG9 Pin=Cell_CELL9--
Added Pin To Net: NetName=NEG9 Pin=F_T_CELL8-1
Added Pin To Net: NetName=NEG9 Pin=F_V_CELL8-2
Added Pin To Net: NetName=NEG9 Pin=LED_V_D_CELL9-K
Added Pin To Net: NetName=NEG9 Pin=R_D_CELL9-1
Added Net: Name=NEG9
Added Pin To Net: NetName=NEG10 Pin=Cell_CELL9-+
Added Pin To Net: NetName=NEG10 Pin=Cell_CELL10--
Added Pin To Net: NetName=NEG10 Pin=F_T_CELL9-1
Added Pin To Net: NetName=NEG10 Pin=F_V_CELL9-2
Added Pin To Net: NetName=NEG10 Pin=LED_V_D_CELL10-K
Added Pin To Net: NetName=NEG10 Pin=R_D_CELL10-1
Added Net: Name=NEG10
Added Pin To Net: NetName=NEG11 Pin=Cell_CELL10-+
Added Pin To Net: NetName=NEG11 Pin=Cell_CELL11--
Added Pin To Net: NetName=NEG11 Pin=F_T_CELL10-1
Added Pin To Net: NetName=NEG11 Pin=F_V_CELL10-2
Added Pin To Net: NetName=NEG11 Pin=LED_V_D_CELL11-K
Added Pin To Net: NetName=NEG11 Pin=R_D_CELL11-1
Added Net: Name=NEG11
Added Pin To Net: NetName=NEG12 Pin=Cell_CELL11-+
Added Pin To Net: NetName=NEG12 Pin=Cell_CELL12--
Added Pin To Net: NetName=NEG12 Pin=F_T_CELL11-1
Added Pin To Net: NetName=NEG12 Pin=F_V_CELL11-2
Added Pin To Net: NetName=NEG12 Pin=LED_V_D_CELL12-K
Added Pin To Net: NetName=NEG12 Pin=R_D_CELL12-1
Added Net: Name=NEG12
Added Pin To Net: NetName=NEG13 Pin=Cell_CELL12-+
Added Pin To Net: NetName=NEG13 Pin=Cell_CELL13--
Added Pin To Net: NetName=NEG13 Pin=F_T_CELL12-1
Added Pin To Net: NetName=NEG13 Pin=F_V_CELL12-2
Added Pin To Net: NetName=NEG13 Pin=LED_V_D_CELL13-K
Added Pin To Net: NetName=NEG13 Pin=R_D_CELL13-1
Added Net: Name=NEG13
Added Pin To Net: NetName=NEG14 Pin=Cell_CELL13-+
Added Pin To Net: NetName=NEG14 Pin=Cell_CELL14--
Added Pin To Net: NetName=NEG14 Pin=F_T_CELL13-1
Added Pin To Net: NetName=NEG14 Pin=F_V_CELL13-2
Added Pin To Net: NetName=NEG14 Pin=LED_V_D_CELL14-K
Added Pin To Net: NetName=NEG14 Pin=R_D_CELL14-1
Added Net: Name=NEG14
Added Pin To Net: NetName=NEG15 Pin=Cell_CELL14-+
Added Pin To Net: NetName=NEG15 Pin=Cell_CELL15--
Added Pin To Net: NetName=NEG15 Pin=F_T_CELL14-1
Added Pin To Net: NetName=NEG15 Pin=F_V_CELL14-2
Added Pin To Net: NetName=NEG15 Pin=LED_V_D_CELL15-K
Added Pin To Net: NetName=NEG15 Pin=R_D_CELL15-1
Added Net: Name=NEG15
Added Pin To Net: NetName=NEG16 Pin=Cell_CELL15-+
Added Pin To Net: NetName=NEG16 Pin=Cell_CELL16--
Added Pin To Net: NetName=NEG16 Pin=F_T_CELL15-1
Added Pin To Net: NetName=NEG16 Pin=F_V_CELL15-2
Added Pin To Net: NetName=NEG16 Pin=LED_V_D_CELL16-K
Added Pin To Net: NetName=NEG16 Pin=R_D_CELL16-1
Added Net: Name=NEG16
Added Pin To Net: NetName=NetF_T_CELL1_2 Pin=F_T_CELL1-2
Added Pin To Net: NetName=NetF_T_CELL1_2 Pin=R_T_CELL1-2
Added Net: Name=NetF_T_CELL1_2
Added Pin To Net: NetName=NetF_T_CELL2_2 Pin=F_T_CELL2-2
Added Pin To Net: NetName=NetF_T_CELL2_2 Pin=R_T_CELL2-2
Added Net: Name=NetF_T_CELL2_2
Added Pin To Net: NetName=NetF_T_CELL3_2 Pin=F_T_CELL3-2
Added Pin To Net: NetName=NetF_T_CELL3_2 Pin=R_T_CELL3-2
Added Net: Name=NetF_T_CELL3_2
Added Pin To Net: NetName=NetF_T_CELL4_2 Pin=F_T_CELL4-2
Added Pin To Net: NetName=NetF_T_CELL4_2 Pin=R_T_CELL4-2
Added Net: Name=NetF_T_CELL4_2
Added Pin To Net: NetName=NetF_T_CELL5_2 Pin=F_T_CELL5-2
Added Pin To Net: NetName=NetF_T_CELL5_2 Pin=R_T_CELL5-2
Added Net: Name=NetF_T_CELL5_2
Added Pin To Net: NetName=NetF_T_CELL6_2 Pin=F_T_CELL6-2
Added Pin To Net: NetName=NetF_T_CELL6_2 Pin=R_T_CELL6-2
Added Net: Name=NetF_T_CELL6_2
Added Pin To Net: NetName=NetF_T_CELL7_2 Pin=F_T_CELL7-2
Added Pin To Net: NetName=NetF_T_CELL7_2 Pin=R_T_CELL7-2
Added Net: Name=NetF_T_CELL7_2
Added Pin To Net: NetName=NetF_T_CELL8_2 Pin=F_T_CELL8-2
Added Pin To Net: NetName=NetF_T_CELL8_2 Pin=R_T_CELL8-2
Added Net: Name=NetF_T_CELL8_2
Added Pin To Net: NetName=NetF_T_CELL9_2 Pin=F_T_CELL9-2
Added Pin To Net: NetName=NetF_T_CELL9_2 Pin=R_T_CELL9-2
Added Net: Name=NetF_T_CELL9_2
Added Pin To Net: NetName=NetF_T_CELL10_2 Pin=F_T_CELL10-2
Added Pin To Net: NetName=NetF_T_CELL10_2 Pin=R_T_CELL10-2
Added Net: Name=NetF_T_CELL10_2
Added Pin To Net: NetName=NetF_T_CELL11_2 Pin=F_T_CELL11-2
Added Pin To Net: NetName=NetF_T_CELL11_2 Pin=R_T_CELL11-2
Added Net: Name=NetF_T_CELL11_2
Added Pin To Net: NetName=NetF_T_CELL12_2 Pin=F_T_CELL12-2
Added Pin To Net: NetName=NetF_T_CELL12_2 Pin=R_T_CELL12-2
Added Net: Name=NetF_T_CELL12_2
Added Pin To Net: NetName=NetF_T_CELL13_2 Pin=F_T_CELL13-2
Added Pin To Net: NetName=NetF_T_CELL13_2 Pin=R_T_CELL13-2
Added Net: Name=NetF_T_CELL13_2
Added Pin To Net: NetName=NetF_T_CELL14_2 Pin=F_T_CELL14-2
Added Pin To Net: NetName=NetF_T_CELL14_2 Pin=R_T_CELL14-2
Added Net: Name=NetF_T_CELL14_2
Added Pin To Net: NetName=NetF_T_CELL15_2 Pin=F_T_CELL15-2
Added Pin To Net: NetName=NetF_T_CELL15_2 Pin=R_T_CELL15-2
Added Net: Name=NetF_T_CELL15_2
Added Pin To Net: NetName=NetF_T_CELL16_2 Pin=F_T_CELL16-2
Added Pin To Net: NetName=NetF_T_CELL16_2 Pin=R_T_CELL16-2
Added Net: Name=NetF_T_CELL16_2
Added Pin To Net: NetName=NetLED_V_D_CELL1_A Pin=LED_V_D_CELL1-A
Added Pin To Net: NetName=NetLED_V_D_CELL1_A Pin=R_V_D_LED_CELL1-2
Added Net: Name=NetLED_V_D_CELL1_A
Added Pin To Net: NetName=NetLED_V_D_CELL2_A Pin=LED_V_D_CELL2-A
Added Pin To Net: NetName=NetLED_V_D_CELL2_A Pin=R_V_D_LED_CELL2-2
Added Net: Name=NetLED_V_D_CELL2_A
Added Pin To Net: NetName=NetLED_V_D_CELL3_A Pin=LED_V_D_CELL3-A
Added Pin To Net: NetName=NetLED_V_D_CELL3_A Pin=R_V_D_LED_CELL3-2
Added Net: Name=NetLED_V_D_CELL3_A
Added Pin To Net: NetName=NetLED_V_D_CELL4_A Pin=LED_V_D_CELL4-A
Added Pin To Net: NetName=NetLED_V_D_CELL4_A Pin=R_V_D_LED_CELL4-2
Added Net: Name=NetLED_V_D_CELL4_A
Added Pin To Net: NetName=NetLED_V_D_CELL5_A Pin=LED_V_D_CELL5-A
Added Pin To Net: NetName=NetLED_V_D_CELL5_A Pin=R_V_D_LED_CELL5-2
Added Net: Name=NetLED_V_D_CELL5_A
Added Pin To Net: NetName=NetLED_V_D_CELL6_A Pin=LED_V_D_CELL6-A
Added Pin To Net: NetName=NetLED_V_D_CELL6_A Pin=R_V_D_LED_CELL6-2
Added Net: Name=NetLED_V_D_CELL6_A
Added Pin To Net: NetName=NetLED_V_D_CELL7_A Pin=LED_V_D_CELL7-A
Added Pin To Net: NetName=NetLED_V_D_CELL7_A Pin=R_V_D_LED_CELL7-2
Added Net: Name=NetLED_V_D_CELL7_A
Added Pin To Net: NetName=NetLED_V_D_CELL8_A Pin=LED_V_D_CELL8-A
Added Pin To Net: NetName=NetLED_V_D_CELL8_A Pin=R_V_D_LED_CELL8-2
Added Net: Name=NetLED_V_D_CELL8_A
Added Pin To Net: NetName=NetLED_V_D_CELL9_A Pin=LED_V_D_CELL9-A
Added Pin To Net: NetName=NetLED_V_D_CELL9_A Pin=R_V_D_LED_CELL9-2
Added Net: Name=NetLED_V_D_CELL9_A
Added Pin To Net: NetName=NetLED_V_D_CELL10_A Pin=LED_V_D_CELL10-A
Added Pin To Net: NetName=NetLED_V_D_CELL10_A Pin=R_V_D_LED_CELL10-2
Added Net: Name=NetLED_V_D_CELL10_A
Added Pin To Net: NetName=NetLED_V_D_CELL11_A Pin=LED_V_D_CELL11-A
Added Pin To Net: NetName=NetLED_V_D_CELL11_A Pin=R_V_D_LED_CELL11-2
Added Net: Name=NetLED_V_D_CELL11_A
Added Pin To Net: NetName=NetLED_V_D_CELL12_A Pin=LED_V_D_CELL12-A
Added Pin To Net: NetName=NetLED_V_D_CELL12_A Pin=R_V_D_LED_CELL12-2
Added Net: Name=NetLED_V_D_CELL12_A
Added Pin To Net: NetName=NetLED_V_D_CELL13_A Pin=LED_V_D_CELL13-A
Added Pin To Net: NetName=NetLED_V_D_CELL13_A Pin=R_V_D_LED_CELL13-2
Added Net: Name=NetLED_V_D_CELL13_A
Added Pin To Net: NetName=NetLED_V_D_CELL14_A Pin=LED_V_D_CELL14-A
Added Pin To Net: NetName=NetLED_V_D_CELL14_A Pin=R_V_D_LED_CELL14-2
Added Net: Name=NetLED_V_D_CELL14_A
Added Pin To Net: NetName=NetLED_V_D_CELL15_A Pin=LED_V_D_CELL15-A
Added Pin To Net: NetName=NetLED_V_D_CELL15_A Pin=R_V_D_LED_CELL15-2
Added Net: Name=NetLED_V_D_CELL15_A
Added Pin To Net: NetName=NetLED_V_D_CELL16_A Pin=LED_V_D_CELL16-A
Added Pin To Net: NetName=NetLED_V_D_CELL16_A Pin=R_V_D_LED_CELL16-2
Added Net: Name=NetLED_V_D_CELL16_A
Added Pin To Net: NetName=NetNTC_Gate_CELL1_1 Pin=NTC_Gate_CELL1-1
Added Pin To Net: NetName=NetNTC_Gate_CELL1_1 Pin=Q_V_Mosfet_CELL1-1
Added Pin To Net: NetName=NetNTC_Gate_CELL1_1 Pin=R_Gate_CELL1-1
Added Net: Name=NetNTC_Gate_CELL1_1
Added Pin To Net: NetName=NetNTC_Gate_CELL2_1 Pin=NTC_Gate_CELL2-1
Added Pin To Net: NetName=NetNTC_Gate_CELL2_1 Pin=Q_V_Mosfet_CELL2-1
Added Pin To Net: NetName=NetNTC_Gate_CELL2_1 Pin=R_Gate_CELL2-1
Added Net: Name=NetNTC_Gate_CELL2_1
Added Pin To Net: NetName=NetNTC_Gate_CELL3_1 Pin=NTC_Gate_CELL3-1
Added Pin To Net: NetName=NetNTC_Gate_CELL3_1 Pin=Q_V_Mosfet_CELL3-1
Added Pin To Net: NetName=NetNTC_Gate_CELL3_1 Pin=R_Gate_CELL3-1
Added Net: Name=NetNTC_Gate_CELL3_1
Added Pin To Net: NetName=NetNTC_Gate_CELL4_1 Pin=NTC_Gate_CELL4-1
Added Pin To Net: NetName=NetNTC_Gate_CELL4_1 Pin=Q_V_Mosfet_CELL4-1
Added Pin To Net: NetName=NetNTC_Gate_CELL4_1 Pin=R_Gate_CELL4-1
Added Net: Name=NetNTC_Gate_CELL4_1
Added Pin To Net: NetName=NetNTC_Gate_CELL5_1 Pin=NTC_Gate_CELL5-1
Added Pin To Net: NetName=NetNTC_Gate_CELL5_1 Pin=Q_V_Mosfet_CELL5-1
Added Pin To Net: NetName=NetNTC_Gate_CELL5_1 Pin=R_Gate_CELL5-1
Added Net: Name=NetNTC_Gate_CELL5_1
Added Pin To Net: NetName=NetNTC_Gate_CELL6_1 Pin=NTC_Gate_CELL6-1
Added Pin To Net: NetName=NetNTC_Gate_CELL6_1 Pin=Q_V_Mosfet_CELL6-1
Added Pin To Net: NetName=NetNTC_Gate_CELL6_1 Pin=R_Gate_CELL6-1
Added Net: Name=NetNTC_Gate_CELL6_1
Added Pin To Net: NetName=NetNTC_Gate_CELL7_1 Pin=NTC_Gate_CELL7-1
Added Pin To Net: NetName=NetNTC_Gate_CELL7_1 Pin=Q_V_Mosfet_CELL7-1
Added Pin To Net: NetName=NetNTC_Gate_CELL7_1 Pin=R_Gate_CELL7-1
Added Net: Name=NetNTC_Gate_CELL7_1
Added Pin To Net: NetName=NetNTC_Gate_CELL8_1 Pin=NTC_Gate_CELL8-1
Added Pin To Net: NetName=NetNTC_Gate_CELL8_1 Pin=Q_V_Mosfet_CELL8-1
Added Pin To Net: NetName=NetNTC_Gate_CELL8_1 Pin=R_Gate_CELL8-1
Added Net: Name=NetNTC_Gate_CELL8_1
Added Pin To Net: NetName=NetNTC_Gate_CELL9_1 Pin=NTC_Gate_CELL9-1
Added Pin To Net: NetName=NetNTC_Gate_CELL9_1 Pin=Q_V_Mosfet_CELL9-1
Added Pin To Net: NetName=NetNTC_Gate_CELL9_1 Pin=R_Gate_CELL9-1
Added Net: Name=NetNTC_Gate_CELL9_1
Added Pin To Net: NetName=NetNTC_Gate_CELL10_1 Pin=NTC_Gate_CELL10-1
Added Pin To Net: NetName=NetNTC_Gate_CELL10_1 Pin=Q_V_Mosfet_CELL10-1
Added Pin To Net: NetName=NetNTC_Gate_CELL10_1 Pin=R_Gate_CELL10-1
Added Net: Name=NetNTC_Gate_CELL10_1
Added Pin To Net: NetName=NetNTC_Gate_CELL11_1 Pin=NTC_Gate_CELL11-1
Added Pin To Net: NetName=NetNTC_Gate_CELL11_1 Pin=Q_V_Mosfet_CELL11-1
Added Pin To Net: NetName=NetNTC_Gate_CELL11_1 Pin=R_Gate_CELL11-1
Added Net: Name=NetNTC_Gate_CELL11_1
Added Pin To Net: NetName=NetNTC_Gate_CELL12_1 Pin=NTC_Gate_CELL12-1
Added Pin To Net: NetName=NetNTC_Gate_CELL12_1 Pin=Q_V_Mosfet_CELL12-1
Added Pin To Net: NetName=NetNTC_Gate_CELL12_1 Pin=R_Gate_CELL12-1
Added Net: Name=NetNTC_Gate_CELL12_1
Added Pin To Net: NetName=NetNTC_Gate_CELL13_1 Pin=NTC_Gate_CELL13-1
Added Pin To Net: NetName=NetNTC_Gate_CELL13_1 Pin=Q_V_Mosfet_CELL13-1
Added Pin To Net: NetName=NetNTC_Gate_CELL13_1 Pin=R_Gate_CELL13-1
Added Net: Name=NetNTC_Gate_CELL13_1
Added Pin To Net: NetName=NetNTC_Gate_CELL14_1 Pin=NTC_Gate_CELL14-1
Added Pin To Net: NetName=NetNTC_Gate_CELL14_1 Pin=Q_V_Mosfet_CELL14-1
Added Pin To Net: NetName=NetNTC_Gate_CELL14_1 Pin=R_Gate_CELL14-1
Added Net: Name=NetNTC_Gate_CELL14_1
Added Pin To Net: NetName=NetNTC_Gate_CELL15_1 Pin=NTC_Gate_CELL15-1
Added Pin To Net: NetName=NetNTC_Gate_CELL15_1 Pin=Q_V_Mosfet_CELL15-1
Added Pin To Net: NetName=NetNTC_Gate_CELL15_1 Pin=R_Gate_CELL15-1
Added Net: Name=NetNTC_Gate_CELL15_1
Added Pin To Net: NetName=NetNTC_Gate_CELL16_1 Pin=NTC_Gate_CELL16-1
Added Pin To Net: NetName=NetNTC_Gate_CELL16_1 Pin=Q_V_Mosfet_CELL16-1
Added Pin To Net: NetName=NetNTC_Gate_CELL16_1 Pin=R_Gate_CELL16-1
Added Net: Name=NetNTC_Gate_CELL16_1
Added Pin To Net: NetName=NetQ_V_Mosfet_CELL1_2 Pin=Q_V_Mosfet_CELL1-2
Added Pin To Net: NetName=NetQ_V_Mosfet_CELL1_2 Pin=R_D_CELL1-2
Added Pin To Net: NetName=NetQ_V_Mosfet_CELL1_2 Pin=R_V_D_LED_CELL1-1
Added Net: Name=NetQ_V_Mosfet_CELL1_2
Added Pin To Net: NetName=NetQ_V_Mosfet_CELL2_2 Pin=Q_V_Mosfet_CELL2-2
Added Pin To Net: NetName=NetQ_V_Mosfet_CELL2_2 Pin=R_D_CELL2-2
Added Pin To Net: NetName=NetQ_V_Mosfet_CELL2_2 Pin=R_V_D_LED_CELL2-1
Added Net: Name=NetQ_V_Mosfet_CELL2_2
Added Pin To Net: NetName=NetQ_V_Mosfet_CELL3_2 Pin=Q_V_Mosfet_CELL3-2
Added Pin To Net: NetName=NetQ_V_Mosfet_CELL3_2 Pin=R_D_CELL3-2
Added Pin To Net: NetName=NetQ_V_Mosfet_CELL3_2 Pin=R_V_D_LED_CELL3-1
Added Net: Name=NetQ_V_Mosfet_CELL3_2
Added Pin To Net: NetName=NetQ_V_Mosfet_CELL4_2 Pin=Q_V_Mosfet_CELL4-2
Added Pin To Net: NetName=NetQ_V_Mosfet_CELL4_2 Pin=R_D_CELL4-2
Added Pin To Net: NetName=NetQ_V_Mosfet_CELL4_2 Pin=R_V_D_LED_CELL4-1
Added Net: Name=NetQ_V_Mosfet_CELL4_2
Added Pin To Net: NetName=NetQ_V_Mosfet_CELL5_2 Pin=Q_V_Mosfet_CELL5-2
Added Pin To Net: NetName=NetQ_V_Mosfet_CELL5_2 Pin=R_D_CELL5-2
Added Pin To Net: NetName=NetQ_V_Mosfet_CELL5_2 Pin=R_V_D_LED_CELL5-1
Added Net: Name=NetQ_V_Mosfet_CELL5_2
Added Pin To Net: NetName=NetQ_V_Mosfet_CELL6_2 Pin=Q_V_Mosfet_CELL6-2
Added Pin To Net: NetName=NetQ_V_Mosfet_CELL6_2 Pin=R_D_CELL6-2
Added Pin To Net: NetName=NetQ_V_Mosfet_CELL6_2 Pin=R_V_D_LED_CELL6-1
Added Net: Name=NetQ_V_Mosfet_CELL6_2
Added Pin To Net: NetName=NetQ_V_Mosfet_CELL7_2 Pin=Q_V_Mosfet_CELL7-2
Added Pin To Net: NetName=NetQ_V_Mosfet_CELL7_2 Pin=R_D_CELL7-2
Added Pin To Net: NetName=NetQ_V_Mosfet_CELL7_2 Pin=R_V_D_LED_CELL7-1
Added Net: Name=NetQ_V_Mosfet_CELL7_2
Added Pin To Net: NetName=NetQ_V_Mosfet_CELL8_2 Pin=Q_V_Mosfet_CELL8-2
Added Pin To Net: NetName=NetQ_V_Mosfet_CELL8_2 Pin=R_D_CELL8-2
Added Pin To Net: NetName=NetQ_V_Mosfet_CELL8_2 Pin=R_V_D_LED_CELL8-1
Added Net: Name=NetQ_V_Mosfet_CELL8_2
Added Pin To Net: NetName=NetQ_V_Mosfet_CELL9_2 Pin=Q_V_Mosfet_CELL9-2
Added Pin To Net: NetName=NetQ_V_Mosfet_CELL9_2 Pin=R_D_CELL9-2
Added Pin To Net: NetName=NetQ_V_Mosfet_CELL9_2 Pin=R_V_D_LED_CELL9-1
Added Net: Name=NetQ_V_Mosfet_CELL9_2
Added Pin To Net: NetName=NetQ_V_Mosfet_CELL10_2 Pin=Q_V_Mosfet_CELL10-2
Added Pin To Net: NetName=NetQ_V_Mosfet_CELL10_2 Pin=R_D_CELL10-2
Added Pin To Net: NetName=NetQ_V_Mosfet_CELL10_2 Pin=R_V_D_LED_CELL10-1
Added Net: Name=NetQ_V_Mosfet_CELL10_2
Added Pin To Net: NetName=NetQ_V_Mosfet_CELL11_2 Pin=Q_V_Mosfet_CELL11-2
Added Pin To Net: NetName=NetQ_V_Mosfet_CELL11_2 Pin=R_D_CELL11-2
Added Pin To Net: NetName=NetQ_V_Mosfet_CELL11_2 Pin=R_V_D_LED_CELL11-1
Added Net: Name=NetQ_V_Mosfet_CELL11_2
Added Pin To Net: NetName=NetQ_V_Mosfet_CELL12_2 Pin=Q_V_Mosfet_CELL12-2
Added Pin To Net: NetName=NetQ_V_Mosfet_CELL12_2 Pin=R_D_CELL12-2
Added Pin To Net: NetName=NetQ_V_Mosfet_CELL12_2 Pin=R_V_D_LED_CELL12-1
Added Net: Name=NetQ_V_Mosfet_CELL12_2
Added Pin To Net: NetName=NetQ_V_Mosfet_CELL13_2 Pin=Q_V_Mosfet_CELL13-2
Added Pin To Net: NetName=NetQ_V_Mosfet_CELL13_2 Pin=R_D_CELL13-2
Added Pin To Net: NetName=NetQ_V_Mosfet_CELL13_2 Pin=R_V_D_LED_CELL13-1
Added Net: Name=NetQ_V_Mosfet_CELL13_2
Added Pin To Net: NetName=NetQ_V_Mosfet_CELL14_2 Pin=Q_V_Mosfet_CELL14-2
Added Pin To Net: NetName=NetQ_V_Mosfet_CELL14_2 Pin=R_D_CELL14-2
Added Pin To Net: NetName=NetQ_V_Mosfet_CELL14_2 Pin=R_V_D_LED_CELL14-1
Added Net: Name=NetQ_V_Mosfet_CELL14_2
Added Pin To Net: NetName=NetQ_V_Mosfet_CELL15_2 Pin=Q_V_Mosfet_CELL15-2
Added Pin To Net: NetName=NetQ_V_Mosfet_CELL15_2 Pin=R_D_CELL15-2
Added Pin To Net: NetName=NetQ_V_Mosfet_CELL15_2 Pin=R_V_D_LED_CELL15-1
Added Net: Name=NetQ_V_Mosfet_CELL15_2
Added Pin To Net: NetName=NetQ_V_Mosfet_CELL16_2 Pin=Q_V_Mosfet_CELL16-2
Added Pin To Net: NetName=NetQ_V_Mosfet_CELL16_2 Pin=R_D_CELL16-2
Added Pin To Net: NetName=NetQ_V_Mosfet_CELL16_2 Pin=R_V_D_LED_CELL16-1
Added Net: Name=NetQ_V_Mosfet_CELL16_2
Added Pin To Net: NetName=POS16 Pin=Cell_CELL16-+
Added Pin To Net: NetName=POS16 Pin=F_T_CELL16-1
Added Pin To Net: NetName=POS16 Pin=F_V_CELL16-2
Added Net: Name=POS16
Added Pin To Net: NetName=S1 Pin=R_Gate_CELL1-2
Added Net: Name=S1
Added Pin To Net: NetName=S2 Pin=R_Gate_CELL2-2
Added Net: Name=S2
Added Pin To Net: NetName=S3 Pin=R_Gate_CELL3-2
Added Net: Name=S3
Added Pin To Net: NetName=S4 Pin=R_Gate_CELL4-2
Added Net: Name=S4
Added Pin To Net: NetName=S5 Pin=R_Gate_CELL5-2
Added Net: Name=S5
Added Pin To Net: NetName=S6 Pin=R_Gate_CELL6-2
Added Net: Name=S6
Added Pin To Net: NetName=S7 Pin=R_Gate_CELL7-2
Added Net: Name=S7
Added Pin To Net: NetName=S8 Pin=R_Gate_CELL8-2
Added Net: Name=S8
Added Pin To Net: NetName=S9 Pin=R_Gate_CELL9-2
Added Net: Name=S9
Added Pin To Net: NetName=S10 Pin=R_Gate_CELL10-2
Added Net: Name=S10
Added Pin To Net: NetName=S11 Pin=R_Gate_CELL11-2
Added Net: Name=S11
Added Pin To Net: NetName=S12 Pin=R_Gate_CELL12-2
Added Net: Name=S12
Added Pin To Net: NetName=S13 Pin=R_Gate_CELL13-2
Added Net: Name=S13
Added Pin To Net: NetName=S14 Pin=R_Gate_CELL14-2
Added Net: Name=S14
Added Pin To Net: NetName=S15 Pin=R_Gate_CELL15-2
Added Net: Name=S15
Added Pin To Net: NetName=S16 Pin=R_Gate_CELL16-2
Added Net: Name=S16
Added Pin To Net: NetName=T1 Pin=Cell_CELL1-T+
Added Pin To Net: NetName=T1 Pin=R_T_CELL1-1
Added Net: Name=T1
Added Pin To Net: NetName=T2 Pin=Cell_CELL2-T+
Added Pin To Net: NetName=T2 Pin=R_T_CELL2-1
Added Net: Name=T2
Added Pin To Net: NetName=T3 Pin=Cell_CELL3-T+
Added Pin To Net: NetName=T3 Pin=R_T_CELL3-1
Added Net: Name=T3
Added Pin To Net: NetName=T4 Pin=Cell_CELL4-T+
Added Pin To Net: NetName=T4 Pin=R_T_CELL4-1
Added Net: Name=T4
Added Pin To Net: NetName=T5 Pin=Cell_CELL5-T+
Added Pin To Net: NetName=T5 Pin=R_T_CELL5-1
Added Net: Name=T5
Added Pin To Net: NetName=T6 Pin=Cell_CELL6-T+
Added Pin To Net: NetName=T6 Pin=R_T_CELL6-1
Added Net: Name=T6
Added Pin To Net: NetName=T7 Pin=Cell_CELL7-T+
Added Pin To Net: NetName=T7 Pin=R_T_CELL7-1
Added Net: Name=T7
Added Pin To Net: NetName=T8 Pin=Cell_CELL8-T+
Added Pin To Net: NetName=T8 Pin=R_T_CELL8-1
Added Net: Name=T8
Added Pin To Net: NetName=T9 Pin=Cell_CELL9-T+
Added Pin To Net: NetName=T9 Pin=R_T_CELL9-1
Added Net: Name=T9
Added Pin To Net: NetName=T10 Pin=Cell_CELL10-T+
Added Pin To Net: NetName=T10 Pin=R_T_CELL10-1
Added Net: Name=T10
Added Pin To Net: NetName=T11 Pin=Cell_CELL11-T+
Added Pin To Net: NetName=T11 Pin=R_T_CELL11-1
Added Net: Name=T11
Added Pin To Net: NetName=T12 Pin=Cell_CELL12-T+
Added Pin To Net: NetName=T12 Pin=R_T_CELL12-1
Added Net: Name=T12
Added Pin To Net: NetName=T13 Pin=Cell_CELL13-T+
Added Pin To Net: NetName=T13 Pin=R_T_CELL13-1
Added Net: Name=T13
Added Pin To Net: NetName=T14 Pin=Cell_CELL14-T+
Added Pin To Net: NetName=T14 Pin=R_T_CELL14-1
Added Net: Name=T14
Added Pin To Net: NetName=T15 Pin=Cell_CELL15-T+
Added Pin To Net: NetName=T15 Pin=R_T_CELL15-1
Added Net: Name=T15
Added Pin To Net: NetName=T16 Pin=Cell_CELL16-T+
Added Pin To Net: NetName=T16 Pin=R_T_CELL16-1
Added Net: Name=T16
Added Pin To Net: NetName=V1 Pin=R_Input_CELL1-2
Added Net: Name=V1
Added Pin To Net: NetName=V2 Pin=R_Input_CELL2-2
Added Net: Name=V2
Added Pin To Net: NetName=V3 Pin=R_Input_CELL3-2
Added Net: Name=V3
Added Pin To Net: NetName=V4 Pin=R_Input_CELL4-2
Added Net: Name=V4
Added Pin To Net: NetName=V5 Pin=R_Input_CELL5-2
Added Net: Name=V5
Added Pin To Net: NetName=V6 Pin=R_Input_CELL6-2
Added Net: Name=V6
Added Pin To Net: NetName=V7 Pin=R_Input_CELL7-2
Added Net: Name=V7
Added Pin To Net: NetName=V8 Pin=R_Input_CELL8-2
Added Net: Name=V8
Added Pin To Net: NetName=V9 Pin=R_Input_CELL9-2
Added Net: Name=V9
Added Pin To Net: NetName=V10 Pin=R_Input_CELL10-2
Added Net: Name=V10
Added Pin To Net: NetName=V11 Pin=R_Input_CELL11-2
Added Net: Name=V11
Added Pin To Net: NetName=V12 Pin=R_Input_CELL12-2
Added Net: Name=V12
Added Pin To Net: NetName=V13 Pin=R_Input_CELL13-2
Added Net: Name=V13
Added Pin To Net: NetName=V14 Pin=R_Input_CELL14-2
Added Net: Name=V14
Added Pin To Net: NetName=V15 Pin=R_Input_CELL15-2
Added Net: Name=V15
Added Pin To Net: NetName=V16 Pin=R_Input_CELL16-2
Added Net: Name=V16
Added Class: Name=CELL1
Added Class: Name=CELL2
Added Class: Name=CELL3
Added Class: Name=CELL4
Added Class: Name=CELL5
Added Class: Name=CELL6
Added Class: Name=CELL7
Added Class: Name=CELL8
Added Class: Name=CELL9
Added Class: Name=CELL10
Added Class: Name=CELL11
Added Class: Name=CELL12
Added Class: Name=CELL13
Added Class: Name=CELL14
Added Class: Name=CELL15
Added Class: Name=CELL16
Added Class: Name=NEG[1..16]
Added Class: Name=S[1..16]
Added Class: Name=T[1..16]
Added Class: Name=V[1..16]
Added Class: Name=Cell
Added Room: Name=CELL1
Added Room: Name=CELL2
Added Room: Name=CELL3
Added Room: Name=CELL4
Added Room: Name=CELL5
Added Room: Name=CELL6
Added Room: Name=CELL7
Added Room: Name=CELL8
Added Room: Name=CELL9
Added Room: Name=CELL10
Added Room: Name=CELL11
Added Room: Name=CELL12
Added Room: Name=CELL13
Added Room: Name=CELL14
Added Room: Name=CELL15
Added Room: Name=CELL16
