Change Physical Footprint: Designator=C_T0 Old Footprint=CAP-0603 New Footprint=CAP-0603
Change Physical Footprint: Designator=C_T_A Old Footprint=CAP-0603 New Footprint=CAP-0603
Change Physical Footprint: Designator=C_T_B Old Footprint=CAP-0603 New Footprint=CAP-0603
Change Physical Footprint: Designator=C_T_VREF1 Old Footprint=CAP-0603 New Footprint=CAP-0603
Change Physical Footprint: Designator=C_T_VREF2 Old Footprint=CAP-0603 New Footprint=CAP-0603
Change Physical Footprint: Designator=C_T_VREG Old Footprint=CAP-0603 New Footprint=CAP-0603
Change Physical Footprint: Designator=C_V0 Old Footprint=CAP-0603 New Footprint=CAP-0603
Change Physical Footprint: Designator=C_V_A Old Footprint=CAP-0603 New Footprint=CAP-0603
Change Physical Footprint: Designator=C_V_B Old Footprint=CAP-0603 New Footprint=CAP-0603
Change Physical Footprint: Designator=C_V_CELL1 Old Footprint=CAP-0603 New Footprint=CAP-0603
Change Physical Footprint: Designator=C_V_CELL2 Old Footprint=CAP-0603 New Footprint=CAP-0603
Change Physical Footprint: Designator=C_V_CELL3 Old Footprint=CAP-0603 New Footprint=CAP-0603
Change Physical Footprint: Designator=C_V_CELL4 Old Footprint=CAP-0603 New Footprint=CAP-0603
Change Physical Footprint: Designator=C_V_CELL5 Old Footprint=CAP-0603 New Footprint=CAP-0603
Change Physical Footprint: Designator=C_V_CELL6 Old Footprint=CAP-0603 New Footprint=CAP-0603
Change Physical Footprint: Designator=C_V_CELL7 Old Footprint=CAP-0603 New Footprint=CAP-0603
Change Physical Footprint: Designator=C_V_CELL8 Old Footprint=CAP-0603 New Footprint=CAP-0603
Change Physical Footprint: Designator=C_V_CELL9 Old Footprint=CAP-0603 New Footprint=CAP-0603
Change Physical Footprint: Designator=C_V_CELL10 Old Footprint=CAP-0603 New Footprint=CAP-0603
Change Physical Footprint: Designator=C_V_CELL11 Old Footprint=CAP-0603 New Footprint=CAP-0603
Change Physical Footprint: Designator=C_V_CELL12 Old Footprint=CAP-0603 New Footprint=CAP-0603
Change Physical Footprint: Designator=C_V_CELL13 Old Footprint=CAP-0603 New Footprint=CAP-0603
Change Physical Footprint: Designator=C_V_CELL14 Old Footprint=CAP-0603 New Footprint=CAP-0603
Change Physical Footprint: Designator=C_V_CELL15 Old Footprint=CAP-0603 New Footprint=CAP-0603
Change Physical Footprint: Designator=C_V_CELL16 Old Footprint=CAP-0603 New Footprint=CAP-0603
Change Physical Footprint: Designator=C_V_VREF1 Old Footprint=CAP-0603 New Footprint=CAP-0603
Change Physical Footprint: Designator=C_V_VREF2 Old Footprint=CAP-0603 New Footprint=CAP-0603
Change Physical Footprint: Designator=C_V_VREG Old Footprint=CAP-0603 New Footprint=CAP-0603
Change Physical Footprint: Designator=Cell_CELL1 Old Footprint=Li1x7pVTC6T New Footprint=Li1x7pVTC6T
Change Physical Footprint: Designator=Cell_CELL2 Old Footprint=Li1x7pVTC6T New Footprint=Li1x7pVTC6T
Change Physical Footprint: Designator=Cell_CELL3 Old Footprint=Li1x7pVTC6T New Footprint=Li1x7pVTC6T
Change Physical Footprint: Designator=Cell_CELL4 Old Footprint=Li1x7pVTC6T New Footprint=Li1x7pVTC6T
Change Physical Footprint: Designator=Cell_CELL5 Old Footprint=Li1x7pVTC6T New Footprint=Li1x7pVTC6T
Change Physical Footprint: Designator=Cell_CELL6 Old Footprint=Li1x7pVTC6T New Footprint=Li1x7pVTC6T
Change Physical Footprint: Designator=Cell_CELL7 Old Footprint=Li1x7pVTC6T New Footprint=Li1x7pVTC6T
Change Physical Footprint: Designator=Cell_CELL8 Old Footprint=Li1x7pVTC6T New Footprint=Li1x7pVTC6T
Change Physical Footprint: Designator=Cell_CELL9 Old Footprint=Li1x7pVTC6T New Footprint=Li1x7pVTC6T
Change Physical Footprint: Designator=Cell_CELL10 Old Footprint=Li1x7pVTC6T New Footprint=Li1x7pVTC6T
Change Physical Footprint: Designator=Cell_CELL11 Old Footprint=Li1x7pVTC6T New Footprint=Li1x7pVTC6T
Change Physical Footprint: Designator=Cell_CELL12 Old Footprint=Li1x7pVTC6T New Footprint=Li1x7pVTC6T
Change Physical Footprint: Designator=Cell_CELL13 Old Footprint=Li1x7pVTC6T New Footprint=Li1x7pVTC6T
Change Physical Footprint: Designator=Cell_CELL14 Old Footprint=Li1x7pVTC6T New Footprint=Li1x7pVTC6T
Change Physical Footprint: Designator=Cell_CELL15 Old Footprint=Li1x7pVTC6T New Footprint=Li1x7pVTC6T
Change Physical Footprint: Designator=Cell_CELL16 Old Footprint=Li1x7pVTC6T New Footprint=Li1x7pVTC6T
Change Physical Footprint: Designator=F_T_CELL1 Old Footprint=2410SMD New Footprint=2410SMD
Change Physical Footprint: Designator=F_T_CELL2 Old Footprint=2410SMD New Footprint=2410SMD
Change Physical Footprint: Designator=F_T_CELL3 Old Footprint=2410SMD New Footprint=2410SMD
Change Physical Footprint: Designator=F_T_CELL4 Old Footprint=2410SMD New Footprint=2410SMD
Change Physical Footprint: Designator=F_T_CELL5 Old Footprint=2410SMD New Footprint=2410SMD
Change Physical Footprint: Designator=F_T_CELL6 Old Footprint=2410SMD New Footprint=2410SMD
Change Physical Footprint: Designator=F_T_CELL7 Old Footprint=2410SMD New Footprint=2410SMD
Change Physical Footprint: Designator=F_T_CELL8 Old Footprint=2410SMD New Footprint=2410SMD
Change Physical Footprint: Designator=F_T_CELL9 Old Footprint=2410SMD New Footprint=2410SMD
Change Physical Footprint: Designator=F_T_CELL10 Old Footprint=2410SMD New Footprint=2410SMD
Change Physical Footprint: Designator=F_T_CELL11 Old Footprint=2410SMD New Footprint=2410SMD
Change Physical Footprint: Designator=F_T_CELL12 Old Footprint=2410SMD New Footprint=2410SMD
Change Physical Footprint: Designator=F_T_CELL13 Old Footprint=2410SMD New Footprint=2410SMD
Change Physical Footprint: Designator=F_T_CELL14 Old Footprint=2410SMD New Footprint=2410SMD
Change Physical Footprint: Designator=F_T_CELL15 Old Footprint=2410SMD New Footprint=2410SMD
Change Physical Footprint: Designator=F_T_CELL16 Old Footprint=2410SMD New Footprint=2410SMD
Change Physical Footprint: Designator=F_V_CELL1 Old Footprint=2410SMD New Footprint=2410SMD
Change Physical Footprint: Designator=F_V_CELL2 Old Footprint=2410SMD New Footprint=2410SMD
Change Physical Footprint: Designator=F_V_CELL3 Old Footprint=2410SMD New Footprint=2410SMD
Change Physical Footprint: Designator=F_V_CELL4 Old Footprint=2410SMD New Footprint=2410SMD
Change Physical Footprint: Designator=F_V_CELL5 Old Footprint=2410SMD New Footprint=2410SMD
Change Physical Footprint: Designator=F_V_CELL6 Old Footprint=2410SMD New Footprint=2410SMD
Change Physical Footprint: Designator=F_V_CELL7 Old Footprint=2410SMD New Footprint=2410SMD
Change Physical Footprint: Designator=F_V_CELL8 Old Footprint=2410SMD New Footprint=2410SMD
Change Physical Footprint: Designator=F_V_CELL9 Old Footprint=2410SMD New Footprint=2410SMD
Change Physical Footprint: Designator=F_V_CELL10 Old Footprint=2410SMD New Footprint=2410SMD
Change Physical Footprint: Designator=F_V_CELL11 Old Footprint=2410SMD New Footprint=2410SMD
Change Physical Footprint: Designator=F_V_CELL12 Old Footprint=2410SMD New Footprint=2410SMD
Change Physical Footprint: Designator=F_V_CELL13 Old Footprint=2410SMD New Footprint=2410SMD
Change Physical Footprint: Designator=F_V_CELL14 Old Footprint=2410SMD New Footprint=2410SMD
Change Physical Footprint: Designator=F_V_CELL15 Old Footprint=2410SMD New Footprint=2410SMD
Change Physical Footprint: Designator=F_V_CELL16 Old Footprint=2410SMD New Footprint=2410SMD
Change Physical Footprint: Designator=J_T_DTEN Old Footprint=SJ_2 New Footprint=SJ_2
Change Physical Footprint: Designator=J_T_ISOMD Old Footprint=SJ_2 New Footprint=SJ_2
Change Physical Footprint: Designator=J_V_DTEN Old Footprint=SJ_2 New Footprint=SJ_2
Change Physical Footprint: Designator=J_V_IMA Old Footprint=SJ New Footprint=SJ
Change Physical Footprint: Designator=J_V_IPA Old Footprint=SJ New Footprint=SJ
Change Physical Footprint: Designator=J_V_ISOMD Old Footprint=SJ_2 New Footprint=SJ_2
Change Physical Footprint: Designator=LED_T_ON Old Footprint=LED-0603 New Footprint=LED-0603
Change Physical Footprint: Designator=LED_V_D_CELL1 Old Footprint=LED-0603 New Footprint=LED-0603
Change Physical Footprint: Designator=LED_V_D_CELL2 Old Footprint=LED-0603 New Footprint=LED-0603
Change Physical Footprint: Designator=LED_V_D_CELL3 Old Footprint=LED-0603 New Footprint=LED-0603
Change Physical Footprint: Designator=LED_V_D_CELL4 Old Footprint=LED-0603 New Footprint=LED-0603
Change Physical Footprint: Designator=LED_V_D_CELL5 Old Footprint=LED-0603 New Footprint=LED-0603
Change Physical Footprint: Designator=LED_V_D_CELL6 Old Footprint=LED-0603 New Footprint=LED-0603
Change Physical Footprint: Designator=LED_V_D_CELL7 Old Footprint=LED-0603 New Footprint=LED-0603
Change Physical Footprint: Designator=LED_V_D_CELL8 Old Footprint=LED-0603 New Footprint=LED-0603
Change Physical Footprint: Designator=LED_V_D_CELL9 Old Footprint=LED-0603 New Footprint=LED-0603
Change Physical Footprint: Designator=LED_V_D_CELL10 Old Footprint=LED-0603 New Footprint=LED-0603
Change Physical Footprint: Designator=LED_V_D_CELL11 Old Footprint=LED-0603 New Footprint=LED-0603
Change Physical Footprint: Designator=LED_V_D_CELL12 Old Footprint=LED-0603 New Footprint=LED-0603
Change Physical Footprint: Designator=LED_V_D_CELL13 Old Footprint=LED-0603 New Footprint=LED-0603
Change Physical Footprint: Designator=LED_V_D_CELL14 Old Footprint=LED-0603 New Footprint=LED-0603
Change Physical Footprint: Designator=LED_V_D_CELL15 Old Footprint=LED-0603 New Footprint=LED-0603
Change Physical Footprint: Designator=LED_V_D_CELL16 Old Footprint=LED-0603 New Footprint=LED-0603
Change Physical Footprint: Designator=LED_V_ON Old Footprint=LED-0603 New Footprint=LED-0603
Change Physical Footprint: Designator=NTC_Gate_CELL1 Old Footprint=NTC-0603 New Footprint=NTC-0603
Change Physical Footprint: Designator=NTC_Gate_CELL2 Old Footprint=NTC-0603 New Footprint=NTC-0603
Change Physical Footprint: Designator=NTC_Gate_CELL3 Old Footprint=NTC-0603 New Footprint=NTC-0603
Change Physical Footprint: Designator=NTC_Gate_CELL4 Old Footprint=NTC-0603 New Footprint=NTC-0603
Change Physical Footprint: Designator=NTC_Gate_CELL5 Old Footprint=NTC-0603 New Footprint=NTC-0603
Change Physical Footprint: Designator=NTC_Gate_CELL6 Old Footprint=NTC-0603 New Footprint=NTC-0603
Change Physical Footprint: Designator=NTC_Gate_CELL7 Old Footprint=NTC-0603 New Footprint=NTC-0603
Change Physical Footprint: Designator=NTC_Gate_CELL8 Old Footprint=NTC-0603 New Footprint=NTC-0603
Change Physical Footprint: Designator=NTC_Gate_CELL9 Old Footprint=NTC-0603 New Footprint=NTC-0603
Change Physical Footprint: Designator=NTC_Gate_CELL10 Old Footprint=NTC-0603 New Footprint=NTC-0603
Change Physical Footprint: Designator=NTC_Gate_CELL11 Old Footprint=NTC-0603 New Footprint=NTC-0603
Change Physical Footprint: Designator=NTC_Gate_CELL12 Old Footprint=NTC-0603 New Footprint=NTC-0603
Change Physical Footprint: Designator=NTC_Gate_CELL13 Old Footprint=NTC-0603 New Footprint=NTC-0603
Change Physical Footprint: Designator=NTC_Gate_CELL14 Old Footprint=NTC-0603 New Footprint=NTC-0603
Change Physical Footprint: Designator=NTC_Gate_CELL15 Old Footprint=NTC-0603 New Footprint=NTC-0603
Change Physical Footprint: Designator=NTC_Gate_CELL16 Old Footprint=NTC-0603 New Footprint=NTC-0603
Change Physical Footprint: Designator=Q_Power Old Footprint=LFPAK56D New Footprint=LFPAK56D
Change Physical Footprint: Designator=Q_V_Mosfet_CELL1 Old Footprint=TO252 New Footprint=TO252
Change Physical Footprint: Designator=Q_V_Mosfet_CELL2 Old Footprint=TO252 New Footprint=TO252
Change Physical Footprint: Designator=Q_V_Mosfet_CELL3 Old Footprint=TO252 New Footprint=TO252
Change Physical Footprint: Designator=Q_V_Mosfet_CELL4 Old Footprint=TO252 New Footprint=TO252
Change Physical Footprint: Designator=Q_V_Mosfet_CELL5 Old Footprint=TO252 New Footprint=TO252
Change Physical Footprint: Designator=Q_V_Mosfet_CELL6 Old Footprint=TO252 New Footprint=TO252
Change Physical Footprint: Designator=Q_V_Mosfet_CELL7 Old Footprint=TO252 New Footprint=TO252
Change Physical Footprint: Designator=Q_V_Mosfet_CELL8 Old Footprint=TO252 New Footprint=TO252
Change Physical Footprint: Designator=Q_V_Mosfet_CELL9 Old Footprint=TO252 New Footprint=TO252
Change Physical Footprint: Designator=Q_V_Mosfet_CELL10 Old Footprint=TO252 New Footprint=TO252
Change Physical Footprint: Designator=Q_V_Mosfet_CELL11 Old Footprint=TO252 New Footprint=TO252
Change Physical Footprint: Designator=Q_V_Mosfet_CELL12 Old Footprint=TO252 New Footprint=TO252
Change Physical Footprint: Designator=Q_V_Mosfet_CELL13 Old Footprint=TO252 New Footprint=TO252
Change Physical Footprint: Designator=Q_V_Mosfet_CELL14 Old Footprint=TO252 New Footprint=TO252
Change Physical Footprint: Designator=Q_V_Mosfet_CELL15 Old Footprint=TO252 New Footprint=TO252
Change Physical Footprint: Designator=Q_V_Mosfet_CELL16 Old Footprint=TO252 New Footprint=TO252
Change Physical Footprint: Designator=R_D_CELL1 Old Footprint=TO252-TKH-45 New Footprint=TO252-TKH-45
Change Physical Footprint: Designator=R_D_CELL2 Old Footprint=TO252-TKH-45 New Footprint=TO252-TKH-45
Change Physical Footprint: Designator=R_D_CELL3 Old Footprint=TO252-TKH-45 New Footprint=TO252-TKH-45
Change Physical Footprint: Designator=R_D_CELL4 Old Footprint=TO252-TKH-45 New Footprint=TO252-TKH-45
Change Physical Footprint: Designator=R_D_CELL5 Old Footprint=TO252-TKH-45 New Footprint=TO252-TKH-45
Change Physical Footprint: Designator=R_D_CELL6 Old Footprint=TO252-TKH-45 New Footprint=TO252-TKH-45
Change Physical Footprint: Designator=R_D_CELL7 Old Footprint=TO252-TKH-45 New Footprint=TO252-TKH-45
Change Physical Footprint: Designator=R_D_CELL8 Old Footprint=TO252-TKH-45 New Footprint=TO252-TKH-45
Change Physical Footprint: Designator=R_D_CELL9 Old Footprint=TO252-TKH-45 New Footprint=TO252-TKH-45
Change Physical Footprint: Designator=R_D_CELL10 Old Footprint=TO252-TKH-45 New Footprint=TO252-TKH-45
Change Physical Footprint: Designator=R_D_CELL11 Old Footprint=TO252-TKH-45 New Footprint=TO252-TKH-45
Change Physical Footprint: Designator=R_D_CELL12 Old Footprint=TO252-TKH-45 New Footprint=TO252-TKH-45
Change Physical Footprint: Designator=R_D_CELL13 Old Footprint=TO252-TKH-45 New Footprint=TO252-TKH-45
Change Physical Footprint: Designator=R_D_CELL14 Old Footprint=TO252-TKH-45 New Footprint=TO252-TKH-45
Change Physical Footprint: Designator=R_D_CELL15 Old Footprint=TO252-TKH-45 New Footprint=TO252-TKH-45
Change Physical Footprint: Designator=R_D_CELL16 Old Footprint=TO252-TKH-45 New Footprint=TO252-TKH-45
Change Physical Footprint: Designator=R_Gate_CELL1 Old Footprint=RES-0603 New Footprint=RES-0603
Change Physical Footprint: Designator=R_Gate_CELL2 Old Footprint=RES-0603 New Footprint=RES-0603
Change Physical Footprint: Designator=R_Gate_CELL3 Old Footprint=RES-0603 New Footprint=RES-0603
Change Physical Footprint: Designator=R_Gate_CELL4 Old Footprint=RES-0603 New Footprint=RES-0603
Change Physical Footprint: Designator=R_Gate_CELL5 Old Footprint=RES-0603 New Footprint=RES-0603
Change Physical Footprint: Designator=R_Gate_CELL6 Old Footprint=RES-0603 New Footprint=RES-0603
Change Physical Footprint: Designator=R_Gate_CELL7 Old Footprint=RES-0603 New Footprint=RES-0603
Change Physical Footprint: Designator=R_Gate_CELL8 Old Footprint=RES-0603 New Footprint=RES-0603
Change Physical Footprint: Designator=R_Gate_CELL9 Old Footprint=RES-0603 New Footprint=RES-0603
Change Physical Footprint: Designator=R_Gate_CELL10 Old Footprint=RES-0603 New Footprint=RES-0603
Change Physical Footprint: Designator=R_Gate_CELL11 Old Footprint=RES-0603 New Footprint=RES-0603
Change Physical Footprint: Designator=R_Gate_CELL12 Old Footprint=RES-0603 New Footprint=RES-0603
Change Physical Footprint: Designator=R_Gate_CELL13 Old Footprint=RES-0603 New Footprint=RES-0603
Change Physical Footprint: Designator=R_Gate_CELL14 Old Footprint=RES-0603 New Footprint=RES-0603
Change Physical Footprint: Designator=R_Gate_CELL15 Old Footprint=RES-0603 New Footprint=RES-0603
Change Physical Footprint: Designator=R_Gate_CELL16 Old Footprint=RES-0603 New Footprint=RES-0603
Change Physical Footprint: Designator=R_Input_CELL1 Old Footprint=RES-0603 New Footprint=RES-0603
Change Physical Footprint: Designator=R_Input_CELL2 Old Footprint=RES-0603 New Footprint=RES-0603
Change Physical Footprint: Designator=R_Input_CELL3 Old Footprint=RES-0603 New Footprint=RES-0603
Change Physical Footprint: Designator=R_Input_CELL4 Old Footprint=RES-0603 New Footprint=RES-0603
Change Physical Footprint: Designator=R_Input_CELL5 Old Footprint=RES-0603 New Footprint=RES-0603
Change Physical Footprint: Designator=R_Input_CELL6 Old Footprint=RES-0603 New Footprint=RES-0603
Change Physical Footprint: Designator=R_Input_CELL7 Old Footprint=RES-0603 New Footprint=RES-0603
Change Physical Footprint: Designator=R_Input_CELL8 Old Footprint=RES-0603 New Footprint=RES-0603
Change Physical Footprint: Designator=R_Input_CELL9 Old Footprint=RES-0603 New Footprint=RES-0603
Change Physical Footprint: Designator=R_Input_CELL10 Old Footprint=RES-0603 New Footprint=RES-0603
Change Physical Footprint: Designator=R_Input_CELL11 Old Footprint=RES-0603 New Footprint=RES-0603
Change Physical Footprint: Designator=R_Input_CELL12 Old Footprint=RES-0603 New Footprint=RES-0603
Change Physical Footprint: Designator=R_Input_CELL13 Old Footprint=RES-0603 New Footprint=RES-0603
Change Physical Footprint: Designator=R_Input_CELL14 Old Footprint=RES-0603 New Footprint=RES-0603
Change Physical Footprint: Designator=R_Input_CELL15 Old Footprint=RES-0603 New Footprint=RES-0603
Change Physical Footprint: Designator=R_Input_CELL16 Old Footprint=RES-0603 New Footprint=RES-0603
Change Physical Footprint: Designator=R_Power_1 Old Footprint=RES-2512 New Footprint=RES-2512
Change Physical Footprint: Designator=R_Power_? Old Footprint=RES-2512 New Footprint=RES-2512
Change Physical Footprint: Designator=R_T0 Old Footprint=RES-0603 New Footprint=RES-0603
Change Physical Footprint: Designator=R_T_BIAS Old Footprint=RES-0603 New Footprint=RES-0603
Change Physical Footprint: Designator=R_T_CELL1 Old Footprint=RES-0603 New Footprint=RES-0603
Change Physical Footprint: Designator=R_T_CELL2 Old Footprint=RES-0603 New Footprint=RES-0603
Change Physical Footprint: Designator=R_T_CELL3 Old Footprint=RES-0603 New Footprint=RES-0603
Change Physical Footprint: Designator=R_T_CELL4 Old Footprint=RES-0603 New Footprint=RES-0603
Change Physical Footprint: Designator=R_T_CELL5 Old Footprint=RES-0603 New Footprint=RES-0603
Change Physical Footprint: Designator=R_T_CELL6 Old Footprint=RES-0603 New Footprint=RES-0603
Change Physical Footprint: Designator=R_T_CELL7 Old Footprint=RES-0603 New Footprint=RES-0603
Change Physical Footprint: Designator=R_T_CELL8 Old Footprint=RES-0603 New Footprint=RES-0603
Change Physical Footprint: Designator=R_T_CELL9 Old Footprint=RES-0603 New Footprint=RES-0603
Change Physical Footprint: Designator=R_T_CELL10 Old Footprint=RES-0603 New Footprint=RES-0603
Change Physical Footprint: Designator=R_T_CELL11 Old Footprint=RES-0603 New Footprint=RES-0603
Change Physical Footprint: Designator=R_T_CELL12 Old Footprint=RES-0603 New Footprint=RES-0603
Change Physical Footprint: Designator=R_T_CELL13 Old Footprint=RES-0603 New Footprint=RES-0603
Change Physical Footprint: Designator=R_T_CELL14 Old Footprint=RES-0603 New Footprint=RES-0603
Change Physical Footprint: Designator=R_T_CELL15 Old Footprint=RES-0603 New Footprint=RES-0603
Change Physical Footprint: Designator=R_T_CELL16 Old Footprint=RES-0603 New Footprint=RES-0603
Change Physical Footprint: Designator=R_T_COMP Old Footprint=RES-0603 New Footprint=RES-0603
Change Physical Footprint: Designator=R_T_IMA Old Footprint=RES-0603 New Footprint=RES-0603
Change Physical Footprint: Designator=R_T_IMB Old Footprint=RES-0603 New Footprint=RES-0603
Change Physical Footprint: Designator=R_T_IPA Old Footprint=RES-0603 New Footprint=RES-0603
Change Physical Footprint: Designator=R_T_IPB Old Footprint=RES-0603 New Footprint=RES-0603
Change Physical Footprint: Designator=R_T_ON Old Footprint=RES-0603 New Footprint=RES-0603
Change Physical Footprint: Designator=R_V0 Old Footprint=RES-0603 New Footprint=RES-0603
Change Physical Footprint: Designator=R_V_BIAS Old Footprint=RES-0603 New Footprint=RES-0603
Change Physical Footprint: Designator=R_V_COMP Old Footprint=RES-0603 New Footprint=RES-0603
Change Physical Footprint: Designator=R_V_D_LED_CELL1 Old Footprint=RES-0603 New Footprint=RES-0603
Change Physical Footprint: Designator=R_V_D_LED_CELL2 Old Footprint=RES-0603 New Footprint=RES-0603
Change Physical Footprint: Designator=R_V_D_LED_CELL3 Old Footprint=RES-0603 New Footprint=RES-0603
Change Physical Footprint: Designator=R_V_D_LED_CELL4 Old Footprint=RES-0603 New Footprint=RES-0603
Change Physical Footprint: Designator=R_V_D_LED_CELL5 Old Footprint=RES-0603 New Footprint=RES-0603
Change Physical Footprint: Designator=R_V_D_LED_CELL6 Old Footprint=RES-0603 New Footprint=RES-0603
Change Physical Footprint: Designator=R_V_D_LED_CELL7 Old Footprint=RES-0603 New Footprint=RES-0603
Change Physical Footprint: Designator=R_V_D_LED_CELL8 Old Footprint=RES-0603 New Footprint=RES-0603
Change Physical Footprint: Designator=R_V_D_LED_CELL9 Old Footprint=RES-0603 New Footprint=RES-0603
Change Physical Footprint: Designator=R_V_D_LED_CELL10 Old Footprint=RES-0603 New Footprint=RES-0603
Change Physical Footprint: Designator=R_V_D_LED_CELL11 Old Footprint=RES-0603 New Footprint=RES-0603
Change Physical Footprint: Designator=R_V_D_LED_CELL12 Old Footprint=RES-0603 New Footprint=RES-0603
Change Physical Footprint: Designator=R_V_D_LED_CELL13 Old Footprint=RES-0603 New Footprint=RES-0603
Change Physical Footprint: Designator=R_V_D_LED_CELL14 Old Footprint=RES-0603 New Footprint=RES-0603
Change Physical Footprint: Designator=R_V_D_LED_CELL15 Old Footprint=RES-0603 New Footprint=RES-0603
Change Physical Footprint: Designator=R_V_D_LED_CELL16 Old Footprint=RES-0603 New Footprint=RES-0603
Change Physical Footprint: Designator=R_V_IMA Old Footprint=RES-0603 New Footprint=RES-0603
Change Physical Footprint: Designator=R_V_IMB Old Footprint=RES-0603 New Footprint=RES-0603
Change Physical Footprint: Designator=R_V_IPA Old Footprint=RES-0603 New Footprint=RES-0603
Change Physical Footprint: Designator=R_V_IPB Old Footprint=RES-0603 New Footprint=RES-0603
Change Physical Footprint: Designator=R_V_ON Old Footprint=RES-0603 New Footprint=RES-0603
Change Physical Footprint: Designator=T_T_B Old Footprint=HM2101 New Footprint=HM2101
Change Physical Footprint: Designator=T_V_A Old Footprint=HM2101 New Footprint=HM2101
Change Physical Footprint: Designator=T_V_T Old Footprint=HM2101 New Footprint=HM2101
Change Physical Footprint: Designator=Temperature Old Footprint=LQFP64_LWE_A New Footprint=LQFP64_LWE_A
Change Physical Footprint: Designator=TP_CSB Old Footprint=Testpoint New Footprint=Testpoint
Change Physical Footprint: Designator=TP_SCK Old Footprint=Testpoint New Footprint=Testpoint
Change Physical Footprint: Designator=TP_SDI Old Footprint=Testpoint New Footprint=Testpoint
Change Physical Footprint: Designator=TP_SDO Old Footprint=Testpoint New Footprint=Testpoint
Change Physical Footprint: Designator=Voltage Old Footprint=LQFP64_LWE_A New Footprint=LQFP64_LWE_A
Change Physical Footprint: Designator=X_T_B Old Footprint=43650-0224 New Footprint=43650-0224
Change Physical Footprint: Designator=X_V_A Old Footprint=43650-0224 New Footprint=43650-0224
