Removed Pin From Net: NetName=Net1_1 Pin=1-1
Removed Pin From Net: NetName=Net1_2 Pin=1-2
Removed Pin From Net: NetName=Net2_2 Pin=2-2
Removed Pin From Net: NetName=Net1_2 Pin=2-3
Removed Pin From Net: NetName=Net2_2 Pin=3-2
Removed Pin From Net: NetName=Net1_1 Pin=CELL+-CELL+
Removed Pin From Net: NetName=Net1_1 Pin=CELL+-CELL+
Change Component Designator: OldDesignator=1 NewDesignator=2
Change Component Designator: OldDesignator=2 NewDesignator=3
Change Component Designator: OldDesignator=3 NewDesignator=4
Change Component Designator: OldDesignator=CELL+ NewDesignator=CELL+1
Added Component: Designator=1(0603)
Add component. Clean all parameters for all variants
Add component (AddParameter): Name = "DeviceName"; Value = ""; VariantName = "[No Variations]"
Add component (AddParameter): Name = "DeviceSetName"; Value = "SF-0603FP"; VariantName = "[No Variations]"
Add component (AddParameter): Name = "GateName_1"; Value = "G$1"; VariantName = "[No Variations]"
Add component (AddParameter): Name = "LibraryName"; Value = "IFE_Fuses"; VariantName = "[No Variations]"
Add component (AddParameter): Name = "Package"; Value = "0603"; VariantName = "[No Variations]"
Add component (AddParameter): Name = "SymbolName_1"; Value = "FUSE"; VariantName = "[No Variations]"
Added Component: Designator=LED1(0603_A)
Add component. Clean all parameters for all variants
Add component (AddParameter): Name = "Color"; Value = "Super Red"; VariantName = "[No Variations]"
Add component (AddParameter): Name = "ComponentLink1Description"; Value = "Manufacturer URL"; VariantName = "[No Variations]"
Add component (AddParameter): Name = "ComponentLink1URL"; Value = "http://www.we-online.com"; VariantName = "[No Variations]"
Add component (AddParameter): Name = "ComponentLink2Description"; Value = "Datasheet"; VariantName = "[No Variations]"
Add component (AddParameter): Name = "ComponentLink2URL"; Value = "http://katalog.we-online.com/led/datasheet/150060SS75000.pdf"; VariantName = "[No Variations]"
Add component (AddParameter): Name = "Manufacturer"; Value = "Wuerth Elektronik"; VariantName = "[No Variations]"
Add component (AddParameter): Name = "PackageReference"; Value = "0603_A"; VariantName = "[No Variations]"
Add component (AddParameter): Name = "PartNumber"; Value = "150060SS75000"; VariantName = "[No Variations]"
Added Component: Designator=R1(RESC0603(1608)_L)
Add component. Clean all parameters for all variants
Add component (AddParameter): Name = "Case-EIA"; Value = "0603"; VariantName = "[No Variations]"
Add component (AddParameter): Name = "Case-Metric"; Value = "1608"; VariantName = "[No Variations]"
Add component (AddParameter): Name = "Power"; Value = "0.1 W"; VariantName = "[No Variations]"
Add component (AddParameter): Name = "Technology"; Value = "SMT"; VariantName = "[No Variations]"
Add component (AddParameter): Name = "Tolerance"; Value = "1 %"; VariantName = "[No Variations]"
Add component (AddParameter): Name = "Value"; Value = "2.94 Ohm"; VariantName = "[No Variations]"
Added Component: Designator=R2(RESC0603(1608)_L)
Add component. Clean all parameters for all variants
Add component (AddParameter): Name = "Case-EIA"; Value = "0603"; VariantName = "[No Variations]"
Add component (AddParameter): Name = "Case-Metric"; Value = "1608"; VariantName = "[No Variations]"
Add component (AddParameter): Name = "Power"; Value = "0.1 W"; VariantName = "[No Variations]"
Add component (AddParameter): Name = "Technology"; Value = "SMT"; VariantName = "[No Variations]"
Add component (AddParameter): Name = "Tolerance"; Value = "1 %"; VariantName = "[No Variations]"
Add component (AddParameter): Name = "Value"; Value = "2.94 Ohm"; VariantName = "[No Variations]"
Added Component: Designator=R3(RESC0603(1608)_L)
Add component. Clean all parameters for all variants
Add component (AddParameter): Name = "Case-EIA"; Value = "0603"; VariantName = "[No Variations]"
Add component (AddParameter): Name = "Case-Metric"; Value = "1608"; VariantName = "[No Variations]"
Add component (AddParameter): Name = "Power"; Value = "0.1 W"; VariantName = "[No Variations]"
Add component (AddParameter): Name = "Technology"; Value = "SMT"; VariantName = "[No Variations]"
Add component (AddParameter): Name = "Tolerance"; Value = "1 %"; VariantName = "[No Variations]"
Add component (AddParameter): Name = "Value"; Value = "2.94 Ohm"; VariantName = "[No Variations]"
Added Component: Designator=R4(RESC0603(1608)_L)
Add component. Clean all parameters for all variants
Add component (AddParameter): Name = "Case-EIA"; Value = "0603"; VariantName = "[No Variations]"
Add component (AddParameter): Name = "Case-Metric"; Value = "1608"; VariantName = "[No Variations]"
Add component (AddParameter): Name = "Power"; Value = "0.1 W"; VariantName = "[No Variations]"
Add component (AddParameter): Name = "Technology"; Value = "SMT"; VariantName = "[No Variations]"
Add component (AddParameter): Name = "Tolerance"; Value = "1 %"; VariantName = "[No Variations]"
Add component (AddParameter): Name = "Value"; Value = "2.94 Ohm"; VariantName = "[No Variations]"
Added Component: Designator=R5(RESC0603(1608)_L)
Add component. Clean all parameters for all variants
Add component (AddParameter): Name = "Case-EIA"; Value = "0603"; VariantName = "[No Variations]"
Add component (AddParameter): Name = "Case-Metric"; Value = "1608"; VariantName = "[No Variations]"
Add component (AddParameter): Name = "Power"; Value = "0.1 W"; VariantName = "[No Variations]"
Add component (AddParameter): Name = "Technology"; Value = "SMT"; VariantName = "[No Variations]"
Add component (AddParameter): Name = "Tolerance"; Value = "1 %"; VariantName = "[No Variations]"
Add component (AddParameter): Name = "Value"; Value = "2.94 Ohm"; VariantName = "[No Variations]"
Added Pin To Net: NetName=Net1_1 Pin=1-1
Added Pin To Net: NetName=Net1_2 Pin=1-2
Added Pin To Net: NetName=Net1_2 Pin=2-1
Added Pin To Net: NetName=Net2_2 Pin=2-2
Added Pin To Net: NetName=Net2_2 Pin=3-3
Added Pin To Net: NetName=Net1_2 Pin=CELL+1-CELL+
Added Pin To Net: NetName=Net1_2 Pin=CELL+1-CELL+
Added Pin To Net: NetName=Net3_1 Pin=LED1-1
Added Pin To Net: NetName=Net2_2 Pin=R1-2
Added Pin To Net: NetName=Net1_1 Pin=R2-2
Added Pin To Net: NetName=Net2_2 Pin=R3-2
Change Net Name : Old Net Name=Net3_1 New Net Name=Net4_1
Added Pin To Net: NetName=Net3_1 Pin=3-1
Added Pin To Net: NetName=Net3_1 Pin=R3-1
Added Pin To Net: NetName=Net3_1 Pin=R5-2
Added Net: Name=Net3_1
Added Pin To Net: NetName=Net3_2 Pin=3-2
Added Pin To Net: NetName=Net3_2 Pin=4-2
Added Pin To Net: NetName=Net3_2 Pin=R4-1
Added Net: Name=Net3_2
Added Pin To Net: NetName=NetCELL+1_2 Pin=CELL+1-2
Added Pin To Net: NetName=NetCELL+1_2 Pin=R2-1
Added Net: Name=NetCELL+1_2
Added Pin To Net: NetName=NetLED1_2 Pin=LED1-2
Added Pin To Net: NetName=NetLED1_2 Pin=R4-2
Added Net: Name=NetLED1_2
Added Pin To Net: NetName=NetR1_1 Pin=R1-1
Added Net: Name=NetR1_1
Added Pin To Net: NetName=NetR5_1 Pin=R5-1
Added Net: Name=NetR5_1
Added Member To Class: ClassName=Cell Member=Component 4 TKH45
Added Member To Class: ClassName=Cell Member=Component LED1 150060SS75000
Added Member To Class: ClassName=Cell Member=Component R1 100 1% 0603(1608)
Added Member To Class: ClassName=Cell Member=Component R2 2K 1% 0603(1608)
Added Member To Class: ClassName=Cell Member=Component R3 100K NTC 1% 0603(1608)
Added Member To Class: ClassName=Cell Member=Component R4 330R 1% 0603(1608)
Added Member To Class: ClassName=Cell Member=Component R5 3K3 1% 0603(1608)
