Added Component: Designator=UT(LQFP64_LWE_A)
Add component. Clean all parameters for all variants
Add component (AddParameter): Name = "DeviceName"; Value = ""; VariantName = "[No Variations]"
Add component (AddParameter): Name = "DeviceSetName"; Value = "LTC6813HLWE-1"; VariantName = "[No Variations]"
Add component (AddParameter): Name = "GateName_1"; Value = "A"; VariantName = "[No Variations]"
Add component (AddParameter): Name = "LibraryName"; Value = "LTC6813_Official"; VariantName = "[No Variations]"
Add component (AddParameter): Name = "Package"; Value = "LQFP64_LWE_A"; VariantName = "[No Variations]"
Add component (AddParameter): Name = "SymbolName_1"; Value = "LTC6813XLWE-1"; VariantName = "[No Variations]"
Added Component: Designator=UV(LQFP64_LWE_A)
Add component. Clean all parameters for all variants
Add component (AddParameter): Name = "DeviceName"; Value = ""; VariantName = "[No Variations]"
Add component (AddParameter): Name = "DeviceSetName"; Value = "LTC6813HLWE-1"; VariantName = "[No Variations]"
Add component (AddParameter): Name = "GateName_1"; Value = "A"; VariantName = "[No Variations]"
Add component (AddParameter): Name = "LibraryName"; Value = "LTC6813_Official"; VariantName = "[No Variations]"
Add component (AddParameter): Name = "Package"; Value = "LQFP64_LWE_A"; VariantName = "[No Variations]"
Add component (AddParameter): Name = "SymbolName_1"; Value = "LTC6813XLWE-1"; VariantName = "[No Variations]"
Added Class: Name=Even
Added Member To Class: ClassName=U_Cell1 Member=Component 3_U_Cell1 (3) DMP10H400SK3-13
Added Member To Class: ClassName=U_Cell2 Member=Component 3_U_Cell2 (3) DMP10H400SK3-13
Added Member To Class: ClassName=U_Cell3 Member=Component 3_U_Cell3 (3) DMP10H400SK3-13
Added Member To Class: ClassName=U_Cell4 Member=Component 3_U_Cell4 (3) DMP10H400SK3-13
Added Member To Class: ClassName=U_Cell5 Member=Component 3_U_Cell5 (3) DMP10H400SK3-13
Added Member To Class: ClassName=U_Cell6 Member=Component 3_U_Cell6 (3) DMP10H400SK3-13
Added Member To Class: ClassName=U_Cell7 Member=Component 3_U_Cell7 (3) DMP10H400SK3-13
Added Member To Class: ClassName=U_Cell8 Member=Component 3_U_Cell8 (3) DMP10H400SK3-13
Added Member To Class: ClassName=U_Cell9 Member=Component 3_U_Cell9 (3) DMP10H400SK3-13
Added Member To Class: ClassName=U_Cell10 Member=Component 3_U_Cell10 (3) DMP10H400SK3-13
Added Member To Class: ClassName=U_Cell12 Member=Component 3_U_Cell12 (3) DMP10H400SK3-13
Added Member To Class: ClassName=U_Cell13 Member=Component 3_U_Cell13 (3) DMP10H400SK3-13
Added Member To Class: ClassName=U_Cell14 Member=Component 3_U_Cell14 (3) DMP10H400SK3-13
Added Member To Class: ClassName=U_Cell15 Member=Component 3_U_Cell15 (3) DMP10H400SK3-13
Added Member To Class: ClassName=U_Cell16 Member=Component 3_U_Cell16 (3) DMP10H400SK3-13
Added Member To Class: ClassName=U_Cell1 Member=Component CELL+1_U_Cell1 (CELL+1A) LI6PT
Added Member To Class: ClassName=U_Cell2 Member=Component CELL+1_U_Cell2 (CELL+1A) LI6PT
Added Member To Class: ClassName=U_Cell3 Member=Component CELL+1_U_Cell3 (CELL+1A) LI6PT
Added Member To Class: ClassName=U_Cell4 Member=Component CELL+1_U_Cell4 (CELL+1A) LI6PT
Added Member To Class: ClassName=U_Cell5 Member=Component CELL+1_U_Cell5 (CELL+1A) LI6PT
Added Member To Class: ClassName=U_Cell6 Member=Component CELL+1_U_Cell6 (CELL+1A) LI6PT
Added Member To Class: ClassName=U_Cell7 Member=Component CELL+1_U_Cell7 (CELL+1A) LI6PT
Added Member To Class: ClassName=U_Cell8 Member=Component CELL+1_U_Cell8 (CELL+1A) LI6PT
Added Member To Class: ClassName=U_Cell9 Member=Component CELL+1_U_Cell9 (CELL+1A) LI6PT
Added Member To Class: ClassName=U_Cell10 Member=Component CELL+1_U_Cell10 (CELL+1A) LI6PT
Added Member To Class: ClassName=U_Cell12 Member=Component CELL+1_U_Cell12 (CELL+1A) LI6PT
Added Member To Class: ClassName=U_Cell13 Member=Component CELL+1_U_Cell13 (CELL+1A) LI6PT
Added Member To Class: ClassName=U_Cell14 Member=Component CELL+1_U_Cell14 (CELL+1A) LI6PT
Added Member To Class: ClassName=U_Cell15 Member=Component CELL+1_U_Cell15 (CELL+1A) LI6PT
Added Member To Class: ClassName=U_Cell16 Member=Component CELL+1_U_Cell16 (CELL+1A) LI6PT
Added Member To Class: ClassName=U_Cell1 Member=Component F1_U_Cell1 (F1) SF-0603FP
Added Member To Class: ClassName=U_Cell2 Member=Component F1_U_Cell2 (F1) SF-0603FP
Added Member To Class: ClassName=U_Cell3 Member=Component F1_U_Cell3 (F1) SF-0603FP
Added Member To Class: ClassName=U_Cell4 Member=Component F1_U_Cell4 (F1) SF-0603FP
Added Member To Class: ClassName=U_Cell5 Member=Component F1_U_Cell5 (F1) SF-0603FP
Added Member To Class: ClassName=U_Cell6 Member=Component F1_U_Cell6 (F1) SF-0603FP
Added Member To Class: ClassName=U_Cell7 Member=Component F1_U_Cell7 (F1) SF-0603FP
Added Member To Class: ClassName=U_Cell8 Member=Component F1_U_Cell8 (F1) SF-0603FP
Added Member To Class: ClassName=U_Cell9 Member=Component F1_U_Cell9 (F1) SF-0603FP
Added Member To Class: ClassName=U_Cell10 Member=Component F1_U_Cell10 (F1) SF-0603FP
Added Member To Class: ClassName=U_Cell12 Member=Component F1_U_Cell12 (F1) SF-0603FP
Added Member To Class: ClassName=U_Cell13 Member=Component F1_U_Cell13 (F1) SF-0603FP
Added Member To Class: ClassName=U_Cell14 Member=Component F1_U_Cell14 (F1) SF-0603FP
Added Member To Class: ClassName=U_Cell15 Member=Component F1_U_Cell15 (F1) SF-0603FP
Added Member To Class: ClassName=U_Cell16 Member=Component F1_U_Cell16 (F1) SF-0603FP
Added Member To Class: ClassName=U_Cell1 Member=Component F2_U_Cell1 (F2) SF-0603FP
Added Member To Class: ClassName=U_Cell2 Member=Component F2_U_Cell2 (F2) SF-0603FP
Added Member To Class: ClassName=U_Cell3 Member=Component F2_U_Cell3 (F2) SF-0603FP
Added Member To Class: ClassName=U_Cell4 Member=Component F2_U_Cell4 (F2) SF-0603FP
Added Member To Class: ClassName=U_Cell5 Member=Component F2_U_Cell5 (F2) SF-0603FP
Added Member To Class: ClassName=U_Cell6 Member=Component F2_U_Cell6 (F2) SF-0603FP
Added Member To Class: ClassName=U_Cell7 Member=Component F2_U_Cell7 (F2) SF-0603FP
Added Member To Class: ClassName=U_Cell8 Member=Component F2_U_Cell8 (F2) SF-0603FP
Added Member To Class: ClassName=U_Cell9 Member=Component F2_U_Cell9 (F2) SF-0603FP
Added Member To Class: ClassName=U_Cell10 Member=Component F2_U_Cell10 (F2) SF-0603FP
Added Member To Class: ClassName=U_Cell12 Member=Component F2_U_Cell12 (F2) SF-0603FP
Added Member To Class: ClassName=U_Cell13 Member=Component F2_U_Cell13 (F2) SF-0603FP
Added Member To Class: ClassName=U_Cell14 Member=Component F2_U_Cell14 (F2) SF-0603FP
Added Member To Class: ClassName=U_Cell15 Member=Component F2_U_Cell15 (F2) SF-0603FP
Added Member To Class: ClassName=U_Cell16 Member=Component F2_U_Cell16 (F2) SF-0603FP
Added Member To Class: ClassName=U_Cell1 Member=Component LED1_U_Cell1 (LED1) 150060SS75000
Added Member To Class: ClassName=U_Cell2 Member=Component LED1_U_Cell2 (LED1) 150060SS75000
Added Member To Class: ClassName=U_Cell3 Member=Component LED1_U_Cell3 (LED1) 150060SS75000
Added Member To Class: ClassName=U_Cell4 Member=Component LED1_U_Cell4 (LED1) 150060SS75000
Added Member To Class: ClassName=U_Cell5 Member=Component LED1_U_Cell5 (LED1) 150060SS75000
Added Member To Class: ClassName=U_Cell6 Member=Component LED1_U_Cell6 (LED1) 150060SS75000
Added Member To Class: ClassName=U_Cell7 Member=Component LED1_U_Cell7 (LED1) 150060SS75000
Added Member To Class: ClassName=U_Cell8 Member=Component LED1_U_Cell8 (LED1) 150060SS75000
Added Member To Class: ClassName=U_Cell9 Member=Component LED1_U_Cell9 (LED1) 150060SS75000
Added Member To Class: ClassName=U_Cell10 Member=Component LED1_U_Cell10 (LED1) 150060SS75000
Added Member To Class: ClassName=U_Cell12 Member=Component LED1_U_Cell12 (LED1) 150060SS75000
Added Member To Class: ClassName=U_Cell13 Member=Component LED1_U_Cell13 (LED1) 150060SS75000
Added Member To Class: ClassName=U_Cell14 Member=Component LED1_U_Cell14 (LED1) 150060SS75000
Added Member To Class: ClassName=U_Cell15 Member=Component LED1_U_Cell15 (LED1) 150060SS75000
Added Member To Class: ClassName=U_Cell16 Member=Component LED1_U_Cell16 (LED1) 150060SS75000
Added Member To Class: ClassName=U_Cell1 Member=Component R1_U_Cell1 (R1) 100 1% 0603(1608)
Added Member To Class: ClassName=U_Cell2 Member=Component R1_U_Cell2 (R1) 100 1% 0603(1608)
Added Member To Class: ClassName=U_Cell3 Member=Component R1_U_Cell3 (R1) 100 1% 0603(1608)
Added Member To Class: ClassName=U_Cell4 Member=Component R1_U_Cell4 (R1) 100 1% 0603(1608)
Added Member To Class: ClassName=U_Cell5 Member=Component R1_U_Cell5 (R1) 100 1% 0603(1608)
Added Member To Class: ClassName=U_Cell6 Member=Component R1_U_Cell6 (R1) 100 1% 0603(1608)
Added Member To Class: ClassName=U_Cell7 Member=Component R1_U_Cell7 (R1) 100 1% 0603(1608)
Added Member To Class: ClassName=U_Cell8 Member=Component R1_U_Cell8 (R1) 100 1% 0603(1608)
Added Member To Class: ClassName=U_Cell9 Member=Component R1_U_Cell9 (R1) 100 1% 0603(1608)
Added Member To Class: ClassName=U_Cell10 Member=Component R1_U_Cell10 (R1) 100 1% 0603(1608)
Added Member To Class: ClassName=U_Cell12 Member=Component R1_U_Cell12 (R1) 100 1% 0603(1608)
Added Member To Class: ClassName=U_Cell13 Member=Component R1_U_Cell13 (R1) 100 1% 0603(1608)
Added Member To Class: ClassName=U_Cell14 Member=Component R1_U_Cell14 (R1) 100 1% 0603(1608)
Added Member To Class: ClassName=U_Cell15 Member=Component R1_U_Cell15 (R1) 100 1% 0603(1608)
Added Member To Class: ClassName=U_Cell16 Member=Component R1_U_Cell16 (R1) 100 1% 0603(1608)
Added Member To Class: ClassName=U_Cell1 Member=Component R2_U_Cell1 (R2) 2K 1% 0603(1608)
Added Member To Class: ClassName=U_Cell2 Member=Component R2_U_Cell2 (R2) 2K 1% 0603(1608)
Added Member To Class: ClassName=U_Cell3 Member=Component R2_U_Cell3 (R2) 2K 1% 0603(1608)
Added Member To Class: ClassName=U_Cell4 Member=Component R2_U_Cell4 (R2) 2K 1% 0603(1608)
Added Member To Class: ClassName=U_Cell5 Member=Component R2_U_Cell5 (R2) 2K 1% 0603(1608)
Added Member To Class: ClassName=U_Cell6 Member=Component R2_U_Cell6 (R2) 2K 1% 0603(1608)
Added Member To Class: ClassName=U_Cell7 Member=Component R2_U_Cell7 (R2) 2K 1% 0603(1608)
Added Member To Class: ClassName=U_Cell8 Member=Component R2_U_Cell8 (R2) 2K 1% 0603(1608)
Added Member To Class: ClassName=U_Cell9 Member=Component R2_U_Cell9 (R2) 2K 1% 0603(1608)
Added Member To Class: ClassName=U_Cell10 Member=Component R2_U_Cell10 (R2) 2K 1% 0603(1608)
Added Member To Class: ClassName=U_Cell12 Member=Component R2_U_Cell12 (R2) 2K 1% 0603(1608)
Added Member To Class: ClassName=U_Cell13 Member=Component R2_U_Cell13 (R2) 2K 1% 0603(1608)
Added Member To Class: ClassName=U_Cell14 Member=Component R2_U_Cell14 (R2) 2K 1% 0603(1608)
Added Member To Class: ClassName=U_Cell15 Member=Component R2_U_Cell15 (R2) 2K 1% 0603(1608)
Added Member To Class: ClassName=U_Cell16 Member=Component R2_U_Cell16 (R2) 2K 1% 0603(1608)
Added Member To Class: ClassName=U_Cell1 Member=Component R3_U_Cell1 (R3) 100K NTC 1% 0603(1608)
Added Member To Class: ClassName=U_Cell2 Member=Component R3_U_Cell2 (R3) 100K NTC 1% 0603(1608)
Added Member To Class: ClassName=U_Cell3 Member=Component R3_U_Cell3 (R3) 100K NTC 1% 0603(1608)
Added Member To Class: ClassName=U_Cell4 Member=Component R3_U_Cell4 (R3) 100K NTC 1% 0603(1608)
Added Member To Class: ClassName=U_Cell5 Member=Component R3_U_Cell5 (R3) 100K NTC 1% 0603(1608)
Added Member To Class: ClassName=U_Cell6 Member=Component R3_U_Cell6 (R3) 100K NTC 1% 0603(1608)
Added Member To Class: ClassName=U_Cell7 Member=Component R3_U_Cell7 (R3) 100K NTC 1% 0603(1608)
Added Member To Class: ClassName=U_Cell8 Member=Component R3_U_Cell8 (R3) 100K NTC 1% 0603(1608)
Added Member To Class: ClassName=U_Cell9 Member=Component R3_U_Cell9 (R3) 100K NTC 1% 0603(1608)
Added Member To Class: ClassName=U_Cell10 Member=Component R3_U_Cell10 (R3) 100K NTC 1% 0603(1608)
Added Member To Class: ClassName=U_Cell12 Member=Component R3_U_Cell12 (R3) 100K NTC 1% 0603(1608)
Added Member To Class: ClassName=U_Cell13 Member=Component R3_U_Cell13 (R3) 100K NTC 1% 0603(1608)
Added Member To Class: ClassName=U_Cell14 Member=Component R3_U_Cell14 (R3) 100K NTC 1% 0603(1608)
Added Member To Class: ClassName=U_Cell15 Member=Component R3_U_Cell15 (R3) 100K NTC 1% 0603(1608)
Added Member To Class: ClassName=U_Cell16 Member=Component R3_U_Cell16 (R3) 100K NTC 1% 0603(1608)
Added Member To Class: ClassName=U_Cell1 Member=Component R4_U_Cell1 (R4) 330R 1% 0603(1608)
Added Member To Class: ClassName=U_Cell2 Member=Component R4_U_Cell2 (R4) 330R 1% 0603(1608)
Added Member To Class: ClassName=U_Cell3 Member=Component R4_U_Cell3 (R4) 330R 1% 0603(1608)
Added Member To Class: ClassName=U_Cell4 Member=Component R4_U_Cell4 (R4) 330R 1% 0603(1608)
Added Member To Class: ClassName=U_Cell5 Member=Component R4_U_Cell5 (R4) 330R 1% 0603(1608)
Added Member To Class: ClassName=U_Cell6 Member=Component R4_U_Cell6 (R4) 330R 1% 0603(1608)
Added Member To Class: ClassName=U_Cell7 Member=Component R4_U_Cell7 (R4) 330R 1% 0603(1608)
Added Member To Class: ClassName=U_Cell8 Member=Component R4_U_Cell8 (R4) 330R 1% 0603(1608)
Added Member To Class: ClassName=U_Cell9 Member=Component R4_U_Cell9 (R4) 330R 1% 0603(1608)
Added Member To Class: ClassName=U_Cell10 Member=Component R4_U_Cell10 (R4) 330R 1% 0603(1608)
Added Member To Class: ClassName=U_Cell12 Member=Component R4_U_Cell12 (R4) 330R 1% 0603(1608)
Added Member To Class: ClassName=U_Cell13 Member=Component R4_U_Cell13 (R4) 330R 1% 0603(1608)
Added Member To Class: ClassName=U_Cell14 Member=Component R4_U_Cell14 (R4) 330R 1% 0603(1608)
Added Member To Class: ClassName=U_Cell15 Member=Component R4_U_Cell15 (R4) 330R 1% 0603(1608)
Added Member To Class: ClassName=U_Cell16 Member=Component R4_U_Cell16 (R4) 330R 1% 0603(1608)
Added Member To Class: ClassName=U_Cell1 Member=Component R5_U_Cell1 (R5) 3K3 1% 0603(1608)
Added Member To Class: ClassName=U_Cell2 Member=Component R5_U_Cell2 (R5) 3K3 1% 0603(1608)
Added Member To Class: ClassName=U_Cell3 Member=Component R5_U_Cell3 (R5) 3K3 1% 0603(1608)
Added Member To Class: ClassName=U_Cell4 Member=Component R5_U_Cell4 (R5) 3K3 1% 0603(1608)
Added Member To Class: ClassName=U_Cell5 Member=Component R5_U_Cell5 (R5) 3K3 1% 0603(1608)
Added Member To Class: ClassName=U_Cell6 Member=Component R5_U_Cell6 (R5) 3K3 1% 0603(1608)
Added Member To Class: ClassName=U_Cell7 Member=Component R5_U_Cell7 (R5) 3K3 1% 0603(1608)
Added Member To Class: ClassName=U_Cell8 Member=Component R5_U_Cell8 (R5) 3K3 1% 0603(1608)
Added Member To Class: ClassName=U_Cell9 Member=Component R5_U_Cell9 (R5) 3K3 1% 0603(1608)
Added Member To Class: ClassName=U_Cell10 Member=Component R5_U_Cell10 (R5) 3K3 1% 0603(1608)
Added Member To Class: ClassName=U_Cell12 Member=Component R5_U_Cell12 (R5) 3K3 1% 0603(1608)
Added Member To Class: ClassName=U_Cell13 Member=Component R5_U_Cell13 (R5) 3K3 1% 0603(1608)
Added Member To Class: ClassName=U_Cell14 Member=Component R5_U_Cell14 (R5) 3K3 1% 0603(1608)
Added Member To Class: ClassName=U_Cell15 Member=Component R5_U_Cell15 (R5) 3K3 1% 0603(1608)
Added Member To Class: ClassName=U_Cell16 Member=Component R5_U_Cell16 (R5) 3K3 1% 0603(1608)
Added Member To Class: ClassName=U_Cell1 Member=Component R_U_Cell1 (R) TKH45
Added Member To Class: ClassName=U_Cell2 Member=Component R_U_Cell2 (R) TKH45
Added Member To Class: ClassName=U_Cell3 Member=Component R_U_Cell3 (R) TKH45
Added Member To Class: ClassName=U_Cell4 Member=Component R_U_Cell4 (R) TKH45
Added Member To Class: ClassName=U_Cell5 Member=Component R_U_Cell5 (R) TKH45
Added Member To Class: ClassName=U_Cell6 Member=Component R_U_Cell6 (R) TKH45
Added Member To Class: ClassName=U_Cell7 Member=Component R_U_Cell7 (R) TKH45
Added Member To Class: ClassName=U_Cell8 Member=Component R_U_Cell8 (R) TKH45
Added Member To Class: ClassName=U_Cell9 Member=Component R_U_Cell9 (R) TKH45
Added Member To Class: ClassName=U_Cell10 Member=Component R_U_Cell10 (R) TKH45
Added Member To Class: ClassName=U_Cell12 Member=Component R_U_Cell12 (R) TKH45
Added Member To Class: ClassName=U_Cell13 Member=Component R_U_Cell13 (R) TKH45
Added Member To Class: ClassName=U_Cell14 Member=Component R_U_Cell14 (R) TKH45
Added Member To Class: ClassName=U_Cell15 Member=Component R_U_Cell15 (R) TKH45
Added Member To Class: ClassName=U_Cell16 Member=Component R_U_Cell16 (R) TKH45
Added Room: Name=Even
