Added Component: Designator=3_U_Cell1(TO252)
Add component. Clean all parameters for all variants
Add component (AddParameter): Name = "DeviceName"; Value = ""; VariantName = "[No Variations]"
Add component (AddParameter): Name = "DeviceSetName"; Value = "DMP10H400SK3-13"; VariantName = "[No Variations]"
Add component (AddParameter): Name = "GateName_1"; Value = "G$1"; VariantName = "[No Variations]"
Add component (AddParameter): Name = "LibraryName"; Value = "IFE_Transistors"; VariantName = "[No Variations]"
Add component (AddParameter): Name = "Package"; Value = "TO252"; VariantName = "[No Variations]"
Add component (AddParameter): Name = "SymbolName_1"; Value = "LABELED-PMOS"; VariantName = "[No Variations]"
Added Component: Designator=3_U_Cell2(TO252)
Add component. Clean all parameters for all variants
Add component (AddParameter): Name = "DeviceName"; Value = ""; VariantName = "[No Variations]"
Add component (AddParameter): Name = "DeviceSetName"; Value = "DMP10H400SK3-13"; VariantName = "[No Variations]"
Add component (AddParameter): Name = "GateName_1"; Value = "G$1"; VariantName = "[No Variations]"
Add component (AddParameter): Name = "LibraryName"; Value = "IFE_Transistors"; VariantName = "[No Variations]"
Add component (AddParameter): Name = "Package"; Value = "TO252"; VariantName = "[No Variations]"
Add component (AddParameter): Name = "SymbolName_1"; Value = "LABELED-PMOS"; VariantName = "[No Variations]"
Added Component: Designator=3_U_Cell3(TO252)
Add component. Clean all parameters for all variants
Add component (AddParameter): Name = "DeviceName"; Value = ""; VariantName = "[No Variations]"
Add component (AddParameter): Name = "DeviceSetName"; Value = "DMP10H400SK3-13"; VariantName = "[No Variations]"
Add component (AddParameter): Name = "GateName_1"; Value = "G$1"; VariantName = "[No Variations]"
Add component (AddParameter): Name = "LibraryName"; Value = "IFE_Transistors"; VariantName = "[No Variations]"
Add component (AddParameter): Name = "Package"; Value = "TO252"; VariantName = "[No Variations]"
Add component (AddParameter): Name = "SymbolName_1"; Value = "LABELED-PMOS"; VariantName = "[No Variations]"
Added Component: Designator=3_U_Cell4(TO252)
Add component. Clean all parameters for all variants
Add component (AddParameter): Name = "DeviceName"; Value = ""; VariantName = "[No Variations]"
Add component (AddParameter): Name = "DeviceSetName"; Value = "DMP10H400SK3-13"; VariantName = "[No Variations]"
Add component (AddParameter): Name = "GateName_1"; Value = "G$1"; VariantName = "[No Variations]"
Add component (AddParameter): Name = "LibraryName"; Value = "IFE_Transistors"; VariantName = "[No Variations]"
Add component (AddParameter): Name = "Package"; Value = "TO252"; VariantName = "[No Variations]"
Add component (AddParameter): Name = "SymbolName_1"; Value = "LABELED-PMOS"; VariantName = "[No Variations]"
Added Component: Designator=3_U_Cell5(TO252)
Add component. Clean all parameters for all variants
Add component (AddParameter): Name = "DeviceName"; Value = ""; VariantName = "[No Variations]"
Add component (AddParameter): Name = "DeviceSetName"; Value = "DMP10H400SK3-13"; VariantName = "[No Variations]"
Add component (AddParameter): Name = "GateName_1"; Value = "G$1"; VariantName = "[No Variations]"
Add component (AddParameter): Name = "LibraryName"; Value = "IFE_Transistors"; VariantName = "[No Variations]"
Add component (AddParameter): Name = "Package"; Value = "TO252"; VariantName = "[No Variations]"
Add component (AddParameter): Name = "SymbolName_1"; Value = "LABELED-PMOS"; VariantName = "[No Variations]"
Added Component: Designator=3_U_Cell6(TO252)
Add component. Clean all parameters for all variants
Add component (AddParameter): Name = "DeviceName"; Value = ""; VariantName = "[No Variations]"
Add component (AddParameter): Name = "DeviceSetName"; Value = "DMP10H400SK3-13"; VariantName = "[No Variations]"
Add component (AddParameter): Name = "GateName_1"; Value = "G$1"; VariantName = "[No Variations]"
Add component (AddParameter): Name = "LibraryName"; Value = "IFE_Transistors"; VariantName = "[No Variations]"
Add component (AddParameter): Name = "Package"; Value = "TO252"; VariantName = "[No Variations]"
Add component (AddParameter): Name = "SymbolName_1"; Value = "LABELED-PMOS"; VariantName = "[No Variations]"
Added Component: Designator=3_U_Cell7(TO252)
Add component. Clean all parameters for all variants
Add component (AddParameter): Name = "DeviceName"; Value = ""; VariantName = "[No Variations]"
Add component (AddParameter): Name = "DeviceSetName"; Value = "DMP10H400SK3-13"; VariantName = "[No Variations]"
Add component (AddParameter): Name = "GateName_1"; Value = "G$1"; VariantName = "[No Variations]"
Add component (AddParameter): Name = "LibraryName"; Value = "IFE_Transistors"; VariantName = "[No Variations]"
Add component (AddParameter): Name = "Package"; Value = "TO252"; VariantName = "[No Variations]"
Add component (AddParameter): Name = "SymbolName_1"; Value = "LABELED-PMOS"; VariantName = "[No Variations]"
Added Component: Designator=3_U_Cell8(TO252)
Add component. Clean all parameters for all variants
Add component (AddParameter): Name = "DeviceName"; Value = ""; VariantName = "[No Variations]"
Add component (AddParameter): Name = "DeviceSetName"; Value = "DMP10H400SK3-13"; VariantName = "[No Variations]"
Add component (AddParameter): Name = "GateName_1"; Value = "G$1"; VariantName = "[No Variations]"
Add component (AddParameter): Name = "LibraryName"; Value = "IFE_Transistors"; VariantName = "[No Variations]"
Add component (AddParameter): Name = "Package"; Value = "TO252"; VariantName = "[No Variations]"
Add component (AddParameter): Name = "SymbolName_1"; Value = "LABELED-PMOS"; VariantName = "[No Variations]"
Added Component: Designator=3_U_Cell9(TO252)
Add component. Clean all parameters for all variants
Add component (AddParameter): Name = "DeviceName"; Value = ""; VariantName = "[No Variations]"
Add component (AddParameter): Name = "DeviceSetName"; Value = "DMP10H400SK3-13"; VariantName = "[No Variations]"
Add component (AddParameter): Name = "GateName_1"; Value = "G$1"; VariantName = "[No Variations]"
Add component (AddParameter): Name = "LibraryName"; Value = "IFE_Transistors"; VariantName = "[No Variations]"
Add component (AddParameter): Name = "Package"; Value = "TO252"; VariantName = "[No Variations]"
Add component (AddParameter): Name = "SymbolName_1"; Value = "LABELED-PMOS"; VariantName = "[No Variations]"
Added Component: Designator=3_U_Cell10(TO252)
Add component. Clean all parameters for all variants
Add component (AddParameter): Name = "DeviceName"; Value = ""; VariantName = "[No Variations]"
Add component (AddParameter): Name = "DeviceSetName"; Value = "DMP10H400SK3-13"; VariantName = "[No Variations]"
Add component (AddParameter): Name = "GateName_1"; Value = "G$1"; VariantName = "[No Variations]"
Add component (AddParameter): Name = "LibraryName"; Value = "IFE_Transistors"; VariantName = "[No Variations]"
Add component (AddParameter): Name = "Package"; Value = "TO252"; VariantName = "[No Variations]"
Add component (AddParameter): Name = "SymbolName_1"; Value = "LABELED-PMOS"; VariantName = "[No Variations]"
Added Component: Designator=3_U_Cell11(TO252)
Add component. Clean all parameters for all variants
Add component (AddParameter): Name = "DeviceName"; Value = ""; VariantName = "[No Variations]"
Add component (AddParameter): Name = "DeviceSetName"; Value = "DMP10H400SK3-13"; VariantName = "[No Variations]"
Add component (AddParameter): Name = "GateName_1"; Value = "G$1"; VariantName = "[No Variations]"
Add component (AddParameter): Name = "LibraryName"; Value = "IFE_Transistors"; VariantName = "[No Variations]"
Add component (AddParameter): Name = "Package"; Value = "TO252"; VariantName = "[No Variations]"
Add component (AddParameter): Name = "SymbolName_1"; Value = "LABELED-PMOS"; VariantName = "[No Variations]"
Added Component: Designator=3_U_Cell12(TO252)
Add component. Clean all parameters for all variants
Add component (AddParameter): Name = "DeviceName"; Value = ""; VariantName = "[No Variations]"
Add component (AddParameter): Name = "DeviceSetName"; Value = "DMP10H400SK3-13"; VariantName = "[No Variations]"
Add component (AddParameter): Name = "GateName_1"; Value = "G$1"; VariantName = "[No Variations]"
Add component (AddParameter): Name = "LibraryName"; Value = "IFE_Transistors"; VariantName = "[No Variations]"
Add component (AddParameter): Name = "Package"; Value = "TO252"; VariantName = "[No Variations]"
Add component (AddParameter): Name = "SymbolName_1"; Value = "LABELED-PMOS"; VariantName = "[No Variations]"
Added Component: Designator=3_U_Cell13(TO252)
Add component. Clean all parameters for all variants
Add component (AddParameter): Name = "DeviceName"; Value = ""; VariantName = "[No Variations]"
Add component (AddParameter): Name = "DeviceSetName"; Value = "DMP10H400SK3-13"; VariantName = "[No Variations]"
Add component (AddParameter): Name = "GateName_1"; Value = "G$1"; VariantName = "[No Variations]"
Add component (AddParameter): Name = "LibraryName"; Value = "IFE_Transistors"; VariantName = "[No Variations]"
Add component (AddParameter): Name = "Package"; Value = "TO252"; VariantName = "[No Variations]"
Add component (AddParameter): Name = "SymbolName_1"; Value = "LABELED-PMOS"; VariantName = "[No Variations]"
Added Component: Designator=3_U_Cell14(TO252)
Add component. Clean all parameters for all variants
Add component (AddParameter): Name = "DeviceName"; Value = ""; VariantName = "[No Variations]"
Add component (AddParameter): Name = "DeviceSetName"; Value = "DMP10H400SK3-13"; VariantName = "[No Variations]"
Add component (AddParameter): Name = "GateName_1"; Value = "G$1"; VariantName = "[No Variations]"
Add component (AddParameter): Name = "LibraryName"; Value = "IFE_Transistors"; VariantName = "[No Variations]"
Add component (AddParameter): Name = "Package"; Value = "TO252"; VariantName = "[No Variations]"
Add component (AddParameter): Name = "SymbolName_1"; Value = "LABELED-PMOS"; VariantName = "[No Variations]"
Added Component: Designator=3_U_Cell15(TO252)
Add component. Clean all parameters for all variants
Add component (AddParameter): Name = "DeviceName"; Value = ""; VariantName = "[No Variations]"
Add component (AddParameter): Name = "DeviceSetName"; Value = "DMP10H400SK3-13"; VariantName = "[No Variations]"
Add component (AddParameter): Name = "GateName_1"; Value = "G$1"; VariantName = "[No Variations]"
Add component (AddParameter): Name = "LibraryName"; Value = "IFE_Transistors"; VariantName = "[No Variations]"
Add component (AddParameter): Name = "Package"; Value = "TO252"; VariantName = "[No Variations]"
Add component (AddParameter): Name = "SymbolName_1"; Value = "LABELED-PMOS"; VariantName = "[No Variations]"
Added Component: Designator=3_U_Cell16(TO252)
Add component. Clean all parameters for all variants
Add component (AddParameter): Name = "DeviceName"; Value = ""; VariantName = "[No Variations]"
Add component (AddParameter): Name = "DeviceSetName"; Value = "DMP10H400SK3-13"; VariantName = "[No Variations]"
Add component (AddParameter): Name = "GateName_1"; Value = "G$1"; VariantName = "[No Variations]"
Add component (AddParameter): Name = "LibraryName"; Value = "IFE_Transistors"; VariantName = "[No Variations]"
Add component (AddParameter): Name = "Package"; Value = "TO252"; VariantName = "[No Variations]"
Add component (AddParameter): Name = "SymbolName_1"; Value = "LABELED-PMOS"; VariantName = "[No Variations]"
Added Component: Designator=F1_U_Cell1(0603)
Add component. Clean all parameters for all variants
Add component (AddParameter): Name = "DeviceName"; Value = ""; VariantName = "[No Variations]"
Add component (AddParameter): Name = "DeviceSetName"; Value = "SF-0603FP"; VariantName = "[No Variations]"
Add component (AddParameter): Name = "GateName_1"; Value = "G$1"; VariantName = "[No Variations]"
Add component (AddParameter): Name = "LibraryName"; Value = "IFE_Fuses"; VariantName = "[No Variations]"
Add component (AddParameter): Name = "Package"; Value = "0603"; VariantName = "[No Variations]"
Add component (AddParameter): Name = "SymbolName_1"; Value = "FUSE"; VariantName = "[No Variations]"
Added Component: Designator=F1_U_Cell2(0603)
Add component. Clean all parameters for all variants
Add component (AddParameter): Name = "DeviceName"; Value = ""; VariantName = "[No Variations]"
Add component (AddParameter): Name = "DeviceSetName"; Value = "SF-0603FP"; VariantName = "[No Variations]"
Add component (AddParameter): Name = "GateName_1"; Value = "G$1"; VariantName = "[No Variations]"
Add component (AddParameter): Name = "LibraryName"; Value = "IFE_Fuses"; VariantName = "[No Variations]"
Add component (AddParameter): Name = "Package"; Value = "0603"; VariantName = "[No Variations]"
Add component (AddParameter): Name = "SymbolName_1"; Value = "FUSE"; VariantName = "[No Variations]"
Added Component: Designator=F1_U_Cell3(0603)
Add component. Clean all parameters for all variants
Add component (AddParameter): Name = "DeviceName"; Value = ""; VariantName = "[No Variations]"
Add component (AddParameter): Name = "DeviceSetName"; Value = "SF-0603FP"; VariantName = "[No Variations]"
Add component (AddParameter): Name = "GateName_1"; Value = "G$1"; VariantName = "[No Variations]"
Add component (AddParameter): Name = "LibraryName"; Value = "IFE_Fuses"; VariantName = "[No Variations]"
Add component (AddParameter): Name = "Package"; Value = "0603"; VariantName = "[No Variations]"
Add component (AddParameter): Name = "SymbolName_1"; Value = "FUSE"; VariantName = "[No Variations]"
Added Component: Designator=F1_U_Cell4(0603)
Add component. Clean all parameters for all variants
Add component (AddParameter): Name = "DeviceName"; Value = ""; VariantName = "[No Variations]"
Add component (AddParameter): Name = "DeviceSetName"; Value = "SF-0603FP"; VariantName = "[No Variations]"
Add component (AddParameter): Name = "GateName_1"; Value = "G$1"; VariantName = "[No Variations]"
Add component (AddParameter): Name = "LibraryName"; Value = "IFE_Fuses"; VariantName = "[No Variations]"
Add component (AddParameter): Name = "Package"; Value = "0603"; VariantName = "[No Variations]"
Add component (AddParameter): Name = "SymbolName_1"; Value = "FUSE"; VariantName = "[No Variations]"
Added Component: Designator=F1_U_Cell5(0603)
Add component. Clean all parameters for all variants
Add component (AddParameter): Name = "DeviceName"; Value = ""; VariantName = "[No Variations]"
Add component (AddParameter): Name = "DeviceSetName"; Value = "SF-0603FP"; VariantName = "[No Variations]"
Add component (AddParameter): Name = "GateName_1"; Value = "G$1"; VariantName = "[No Variations]"
Add component (AddParameter): Name = "LibraryName"; Value = "IFE_Fuses"; VariantName = "[No Variations]"
Add component (AddParameter): Name = "Package"; Value = "0603"; VariantName = "[No Variations]"
Add component (AddParameter): Name = "SymbolName_1"; Value = "FUSE"; VariantName = "[No Variations]"
Added Component: Designator=F1_U_Cell6(0603)
Add component. Clean all parameters for all variants
Add component (AddParameter): Name = "DeviceName"; Value = ""; VariantName = "[No Variations]"
Add component (AddParameter): Name = "DeviceSetName"; Value = "SF-0603FP"; VariantName = "[No Variations]"
Add component (AddParameter): Name = "GateName_1"; Value = "G$1"; VariantName = "[No Variations]"
Add component (AddParameter): Name = "LibraryName"; Value = "IFE_Fuses"; VariantName = "[No Variations]"
Add component (AddParameter): Name = "Package"; Value = "0603"; VariantName = "[No Variations]"
Add component (AddParameter): Name = "SymbolName_1"; Value = "FUSE"; VariantName = "[No Variations]"
Added Component: Designator=F1_U_Cell7(0603)
Add component. Clean all parameters for all variants
Add component (AddParameter): Name = "DeviceName"; Value = ""; VariantName = "[No Variations]"
Add component (AddParameter): Name = "DeviceSetName"; Value = "SF-0603FP"; VariantName = "[No Variations]"
Add component (AddParameter): Name = "GateName_1"; Value = "G$1"; VariantName = "[No Variations]"
Add component (AddParameter): Name = "LibraryName"; Value = "IFE_Fuses"; VariantName = "[No Variations]"
Add component (AddParameter): Name = "Package"; Value = "0603"; VariantName = "[No Variations]"
Add component (AddParameter): Name = "SymbolName_1"; Value = "FUSE"; VariantName = "[No Variations]"
Added Component: Designator=F1_U_Cell8(0603)
Add component. Clean all parameters for all variants
Add component (AddParameter): Name = "DeviceName"; Value = ""; VariantName = "[No Variations]"
Add component (AddParameter): Name = "DeviceSetName"; Value = "SF-0603FP"; VariantName = "[No Variations]"
Add component (AddParameter): Name = "GateName_1"; Value = "G$1"; VariantName = "[No Variations]"
Add component (AddParameter): Name = "LibraryName"; Value = "IFE_Fuses"; VariantName = "[No Variations]"
Add component (AddParameter): Name = "Package"; Value = "0603"; VariantName = "[No Variations]"
Add component (AddParameter): Name = "SymbolName_1"; Value = "FUSE"; VariantName = "[No Variations]"
Added Component: Designator=F1_U_Cell9(0603)
Add component. Clean all parameters for all variants
Add component (AddParameter): Name = "DeviceName"; Value = ""; VariantName = "[No Variations]"
Add component (AddParameter): Name = "DeviceSetName"; Value = "SF-0603FP"; VariantName = "[No Variations]"
Add component (AddParameter): Name = "GateName_1"; Value = "G$1"; VariantName = "[No Variations]"
Add component (AddParameter): Name = "LibraryName"; Value = "IFE_Fuses"; VariantName = "[No Variations]"
Add component (AddParameter): Name = "Package"; Value = "0603"; VariantName = "[No Variations]"
Add component (AddParameter): Name = "SymbolName_1"; Value = "FUSE"; VariantName = "[No Variations]"
Added Component: Designator=F1_U_Cell10(0603)
Add component. Clean all parameters for all variants
Add component (AddParameter): Name = "DeviceName"; Value = ""; VariantName = "[No Variations]"
Add component (AddParameter): Name = "DeviceSetName"; Value = "SF-0603FP"; VariantName = "[No Variations]"
Add component (AddParameter): Name = "GateName_1"; Value = "G$1"; VariantName = "[No Variations]"
Add component (AddParameter): Name = "LibraryName"; Value = "IFE_Fuses"; VariantName = "[No Variations]"
Add component (AddParameter): Name = "Package"; Value = "0603"; VariantName = "[No Variations]"
Add component (AddParameter): Name = "SymbolName_1"; Value = "FUSE"; VariantName = "[No Variations]"
Added Component: Designator=F1_U_Cell11(0603)
Add component. Clean all parameters for all variants
Add component (AddParameter): Name = "DeviceName"; Value = ""; VariantName = "[No Variations]"
Add component (AddParameter): Name = "DeviceSetName"; Value = "SF-0603FP"; VariantName = "[No Variations]"
Add component (AddParameter): Name = "GateName_1"; Value = "G$1"; VariantName = "[No Variations]"
Add component (AddParameter): Name = "LibraryName"; Value = "IFE_Fuses"; VariantName = "[No Variations]"
Add component (AddParameter): Name = "Package"; Value = "0603"; VariantName = "[No Variations]"
Add component (AddParameter): Name = "SymbolName_1"; Value = "FUSE"; VariantName = "[No Variations]"
Added Component: Designator=F1_U_Cell12(0603)
Add component. Clean all parameters for all variants
Add component (AddParameter): Name = "DeviceName"; Value = ""; VariantName = "[No Variations]"
Add component (AddParameter): Name = "DeviceSetName"; Value = "SF-0603FP"; VariantName = "[No Variations]"
Add component (AddParameter): Name = "GateName_1"; Value = "G$1"; VariantName = "[No Variations]"
Add component (AddParameter): Name = "LibraryName"; Value = "IFE_Fuses"; VariantName = "[No Variations]"
Add component (AddParameter): Name = "Package"; Value = "0603"; VariantName = "[No Variations]"
Add component (AddParameter): Name = "SymbolName_1"; Value = "FUSE"; VariantName = "[No Variations]"
Added Component: Designator=F1_U_Cell13(0603)
Add component. Clean all parameters for all variants
Add component (AddParameter): Name = "DeviceName"; Value = ""; VariantName = "[No Variations]"
Add component (AddParameter): Name = "DeviceSetName"; Value = "SF-0603FP"; VariantName = "[No Variations]"
Add component (AddParameter): Name = "GateName_1"; Value = "G$1"; VariantName = "[No Variations]"
Add component (AddParameter): Name = "LibraryName"; Value = "IFE_Fuses"; VariantName = "[No Variations]"
Add component (AddParameter): Name = "Package"; Value = "0603"; VariantName = "[No Variations]"
Add component (AddParameter): Name = "SymbolName_1"; Value = "FUSE"; VariantName = "[No Variations]"
Added Component: Designator=F1_U_Cell14(0603)
Add component. Clean all parameters for all variants
Add component (AddParameter): Name = "DeviceName"; Value = ""; VariantName = "[No Variations]"
Add component (AddParameter): Name = "DeviceSetName"; Value = "SF-0603FP"; VariantName = "[No Variations]"
Add component (AddParameter): Name = "GateName_1"; Value = "G$1"; VariantName = "[No Variations]"
Add component (AddParameter): Name = "LibraryName"; Value = "IFE_Fuses"; VariantName = "[No Variations]"
Add component (AddParameter): Name = "Package"; Value = "0603"; VariantName = "[No Variations]"
Add component (AddParameter): Name = "SymbolName_1"; Value = "FUSE"; VariantName = "[No Variations]"
Added Component: Designator=F1_U_Cell15(0603)
Add component. Clean all parameters for all variants
Add component (AddParameter): Name = "DeviceName"; Value = ""; VariantName = "[No Variations]"
Add component (AddParameter): Name = "DeviceSetName"; Value = "SF-0603FP"; VariantName = "[No Variations]"
Add component (AddParameter): Name = "GateName_1"; Value = "G$1"; VariantName = "[No Variations]"
Add component (AddParameter): Name = "LibraryName"; Value = "IFE_Fuses"; VariantName = "[No Variations]"
Add component (AddParameter): Name = "Package"; Value = "0603"; VariantName = "[No Variations]"
Add component (AddParameter): Name = "SymbolName_1"; Value = "FUSE"; VariantName = "[No Variations]"
Added Component: Designator=F1_U_Cell16(0603)
Add component. Clean all parameters for all variants
Add component (AddParameter): Name = "DeviceName"; Value = ""; VariantName = "[No Variations]"
Add component (AddParameter): Name = "DeviceSetName"; Value = "SF-0603FP"; VariantName = "[No Variations]"
Add component (AddParameter): Name = "GateName_1"; Value = "G$1"; VariantName = "[No Variations]"
Add component (AddParameter): Name = "LibraryName"; Value = "IFE_Fuses"; VariantName = "[No Variations]"
Add component (AddParameter): Name = "Package"; Value = "0603"; VariantName = "[No Variations]"
Add component (AddParameter): Name = "SymbolName_1"; Value = "FUSE"; VariantName = "[No Variations]"
Added Component: Designator=F2_U_Cell1(0603)
Add component. Clean all parameters for all variants
Add component (AddParameter): Name = "DeviceName"; Value = ""; VariantName = "[No Variations]"
Add component (AddParameter): Name = "DeviceSetName"; Value = "SF-0603FP"; VariantName = "[No Variations]"
Add component (AddParameter): Name = "GateName_1"; Value = "G$1"; VariantName = "[No Variations]"
Add component (AddParameter): Name = "LibraryName"; Value = "IFE_Fuses"; VariantName = "[No Variations]"
Add component (AddParameter): Name = "Package"; Value = "0603"; VariantName = "[No Variations]"
Add component (AddParameter): Name = "SymbolName_1"; Value = "FUSE"; VariantName = "[No Variations]"
Added Component: Designator=F2_U_Cell2(0603)
Add component. Clean all parameters for all variants
Add component (AddParameter): Name = "DeviceName"; Value = ""; VariantName = "[No Variations]"
Add component (AddParameter): Name = "DeviceSetName"; Value = "SF-0603FP"; VariantName = "[No Variations]"
Add component (AddParameter): Name = "GateName_1"; Value = "G$1"; VariantName = "[No Variations]"
Add component (AddParameter): Name = "LibraryName"; Value = "IFE_Fuses"; VariantName = "[No Variations]"
Add component (AddParameter): Name = "Package"; Value = "0603"; VariantName = "[No Variations]"
Add component (AddParameter): Name = "SymbolName_1"; Value = "FUSE"; VariantName = "[No Variations]"
Added Component: Designator=F2_U_Cell3(0603)
Add component. Clean all parameters for all variants
Add component (AddParameter): Name = "DeviceName"; Value = ""; VariantName = "[No Variations]"
Add component (AddParameter): Name = "DeviceSetName"; Value = "SF-0603FP"; VariantName = "[No Variations]"
Add component (AddParameter): Name = "GateName_1"; Value = "G$1"; VariantName = "[No Variations]"
Add component (AddParameter): Name = "LibraryName"; Value = "IFE_Fuses"; VariantName = "[No Variations]"
Add component (AddParameter): Name = "Package"; Value = "0603"; VariantName = "[No Variations]"
Add component (AddParameter): Name = "SymbolName_1"; Value = "FUSE"; VariantName = "[No Variations]"
Added Component: Designator=F2_U_Cell4(0603)
Add component. Clean all parameters for all variants
Add component (AddParameter): Name = "DeviceName"; Value = ""; VariantName = "[No Variations]"
Add component (AddParameter): Name = "DeviceSetName"; Value = "SF-0603FP"; VariantName = "[No Variations]"
Add component (AddParameter): Name = "GateName_1"; Value = "G$1"; VariantName = "[No Variations]"
Add component (AddParameter): Name = "LibraryName"; Value = "IFE_Fuses"; VariantName = "[No Variations]"
Add component (AddParameter): Name = "Package"; Value = "0603"; VariantName = "[No Variations]"
Add component (AddParameter): Name = "SymbolName_1"; Value = "FUSE"; VariantName = "[No Variations]"
Added Component: Designator=F2_U_Cell5(0603)
Add component. Clean all parameters for all variants
Add component (AddParameter): Name = "DeviceName"; Value = ""; VariantName = "[No Variations]"
Add component (AddParameter): Name = "DeviceSetName"; Value = "SF-0603FP"; VariantName = "[No Variations]"
Add component (AddParameter): Name = "GateName_1"; Value = "G$1"; VariantName = "[No Variations]"
Add component (AddParameter): Name = "LibraryName"; Value = "IFE_Fuses"; VariantName = "[No Variations]"
Add component (AddParameter): Name = "Package"; Value = "0603"; VariantName = "[No Variations]"
Add component (AddParameter): Name = "SymbolName_1"; Value = "FUSE"; VariantName = "[No Variations]"
Added Component: Designator=F2_U_Cell6(0603)
Add component. Clean all parameters for all variants
Add component (AddParameter): Name = "DeviceName"; Value = ""; VariantName = "[No Variations]"
Add component (AddParameter): Name = "DeviceSetName"; Value = "SF-0603FP"; VariantName = "[No Variations]"
Add component (AddParameter): Name = "GateName_1"; Value = "G$1"; VariantName = "[No Variations]"
Add component (AddParameter): Name = "LibraryName"; Value = "IFE_Fuses"; VariantName = "[No Variations]"
Add component (AddParameter): Name = "Package"; Value = "0603"; VariantName = "[No Variations]"
Add component (AddParameter): Name = "SymbolName_1"; Value = "FUSE"; VariantName = "[No Variations]"
Added Component: Designator=F2_U_Cell7(0603)
Add component. Clean all parameters for all variants
Add component (AddParameter): Name = "DeviceName"; Value = ""; VariantName = "[No Variations]"
Add component (AddParameter): Name = "DeviceSetName"; Value = "SF-0603FP"; VariantName = "[No Variations]"
Add component (AddParameter): Name = "GateName_1"; Value = "G$1"; VariantName = "[No Variations]"
Add component (AddParameter): Name = "LibraryName"; Value = "IFE_Fuses"; VariantName = "[No Variations]"
Add component (AddParameter): Name = "Package"; Value = "0603"; VariantName = "[No Variations]"
Add component (AddParameter): Name = "SymbolName_1"; Value = "FUSE"; VariantName = "[No Variations]"
Added Component: Designator=F2_U_Cell8(0603)
Add component. Clean all parameters for all variants
Add component (AddParameter): Name = "DeviceName"; Value = ""; VariantName = "[No Variations]"
Add component (AddParameter): Name = "DeviceSetName"; Value = "SF-0603FP"; VariantName = "[No Variations]"
Add component (AddParameter): Name = "GateName_1"; Value = "G$1"; VariantName = "[No Variations]"
Add component (AddParameter): Name = "LibraryName"; Value = "IFE_Fuses"; VariantName = "[No Variations]"
Add component (AddParameter): Name = "Package"; Value = "0603"; VariantName = "[No Variations]"
Add component (AddParameter): Name = "SymbolName_1"; Value = "FUSE"; VariantName = "[No Variations]"
Added Component: Designator=F2_U_Cell9(0603)
Add component. Clean all parameters for all variants
Add component (AddParameter): Name = "DeviceName"; Value = ""; VariantName = "[No Variations]"
Add component (AddParameter): Name = "DeviceSetName"; Value = "SF-0603FP"; VariantName = "[No Variations]"
Add component (AddParameter): Name = "GateName_1"; Value = "G$1"; VariantName = "[No Variations]"
Add component (AddParameter): Name = "LibraryName"; Value = "IFE_Fuses"; VariantName = "[No Variations]"
Add component (AddParameter): Name = "Package"; Value = "0603"; VariantName = "[No Variations]"
Add component (AddParameter): Name = "SymbolName_1"; Value = "FUSE"; VariantName = "[No Variations]"
Added Component: Designator=F2_U_Cell10(0603)
Add component. Clean all parameters for all variants
Add component (AddParameter): Name = "DeviceName"; Value = ""; VariantName = "[No Variations]"
Add component (AddParameter): Name = "DeviceSetName"; Value = "SF-0603FP"; VariantName = "[No Variations]"
Add component (AddParameter): Name = "GateName_1"; Value = "G$1"; VariantName = "[No Variations]"
Add component (AddParameter): Name = "LibraryName"; Value = "IFE_Fuses"; VariantName = "[No Variations]"
Add component (AddParameter): Name = "Package"; Value = "0603"; VariantName = "[No Variations]"
Add component (AddParameter): Name = "SymbolName_1"; Value = "FUSE"; VariantName = "[No Variations]"
Added Component: Designator=F2_U_Cell11(0603)
Add component. Clean all parameters for all variants
Add component (AddParameter): Name = "DeviceName"; Value = ""; VariantName = "[No Variations]"
Add component (AddParameter): Name = "DeviceSetName"; Value = "SF-0603FP"; VariantName = "[No Variations]"
Add component (AddParameter): Name = "GateName_1"; Value = "G$1"; VariantName = "[No Variations]"
Add component (AddParameter): Name = "LibraryName"; Value = "IFE_Fuses"; VariantName = "[No Variations]"
Add component (AddParameter): Name = "Package"; Value = "0603"; VariantName = "[No Variations]"
Add component (AddParameter): Name = "SymbolName_1"; Value = "FUSE"; VariantName = "[No Variations]"
Added Component: Designator=F2_U_Cell12(0603)
Add component. Clean all parameters for all variants
Add component (AddParameter): Name = "DeviceName"; Value = ""; VariantName = "[No Variations]"
Add component (AddParameter): Name = "DeviceSetName"; Value = "SF-0603FP"; VariantName = "[No Variations]"
Add component (AddParameter): Name = "GateName_1"; Value = "G$1"; VariantName = "[No Variations]"
Add component (AddParameter): Name = "LibraryName"; Value = "IFE_Fuses"; VariantName = "[No Variations]"
Add component (AddParameter): Name = "Package"; Value = "0603"; VariantName = "[No Variations]"
Add component (AddParameter): Name = "SymbolName_1"; Value = "FUSE"; VariantName = "[No Variations]"
Added Component: Designator=F2_U_Cell13(0603)
Add component. Clean all parameters for all variants
Add component (AddParameter): Name = "DeviceName"; Value = ""; VariantName = "[No Variations]"
Add component (AddParameter): Name = "DeviceSetName"; Value = "SF-0603FP"; VariantName = "[No Variations]"
Add component (AddParameter): Name = "GateName_1"; Value = "G$1"; VariantName = "[No Variations]"
Add component (AddParameter): Name = "LibraryName"; Value = "IFE_Fuses"; VariantName = "[No Variations]"
Add component (AddParameter): Name = "Package"; Value = "0603"; VariantName = "[No Variations]"
Add component (AddParameter): Name = "SymbolName_1"; Value = "FUSE"; VariantName = "[No Variations]"
Added Component: Designator=F2_U_Cell14(0603)
Add component. Clean all parameters for all variants
Add component (AddParameter): Name = "DeviceName"; Value = ""; VariantName = "[No Variations]"
Add component (AddParameter): Name = "DeviceSetName"; Value = "SF-0603FP"; VariantName = "[No Variations]"
Add component (AddParameter): Name = "GateName_1"; Value = "G$1"; VariantName = "[No Variations]"
Add component (AddParameter): Name = "LibraryName"; Value = "IFE_Fuses"; VariantName = "[No Variations]"
Add component (AddParameter): Name = "Package"; Value = "0603"; VariantName = "[No Variations]"
Add component (AddParameter): Name = "SymbolName_1"; Value = "FUSE"; VariantName = "[No Variations]"
Added Component: Designator=F2_U_Cell15(0603)
Add component. Clean all parameters for all variants
Add component (AddParameter): Name = "DeviceName"; Value = ""; VariantName = "[No Variations]"
Add component (AddParameter): Name = "DeviceSetName"; Value = "SF-0603FP"; VariantName = "[No Variations]"
Add component (AddParameter): Name = "GateName_1"; Value = "G$1"; VariantName = "[No Variations]"
Add component (AddParameter): Name = "LibraryName"; Value = "IFE_Fuses"; VariantName = "[No Variations]"
Add component (AddParameter): Name = "Package"; Value = "0603"; VariantName = "[No Variations]"
Add component (AddParameter): Name = "SymbolName_1"; Value = "FUSE"; VariantName = "[No Variations]"
Added Component: Designator=F2_U_Cell16(0603)
Add component. Clean all parameters for all variants
Add component (AddParameter): Name = "DeviceName"; Value = ""; VariantName = "[No Variations]"
Add component (AddParameter): Name = "DeviceSetName"; Value = "SF-0603FP"; VariantName = "[No Variations]"
Add component (AddParameter): Name = "GateName_1"; Value = "G$1"; VariantName = "[No Variations]"
Add component (AddParameter): Name = "LibraryName"; Value = "IFE_Fuses"; VariantName = "[No Variations]"
Add component (AddParameter): Name = "Package"; Value = "0603"; VariantName = "[No Variations]"
Add component (AddParameter): Name = "SymbolName_1"; Value = "FUSE"; VariantName = "[No Variations]"
Added Component: Designator=R_U_Cell1(TO252-TKH-45)
Add component. Clean all parameters for all variants
Add component (AddParameter): Name = "DeviceName"; Value = ""; VariantName = "[No Variations]"
Add component (AddParameter): Name = "DeviceSetName"; Value = "TKH45"; VariantName = "[No Variations]"
Add component (AddParameter): Name = "GateName_1"; Value = "G$1"; VariantName = "[No Variations]"
Add component (AddParameter): Name = "LibraryName"; Value = "IFE_Resistors"; VariantName = "[No Variations]"
Add component (AddParameter): Name = "Package"; Value = "TO252-TKH-45"; VariantName = "[No Variations]"
Add component (AddParameter): Name = "SymbolName_1"; Value = "R-US"; VariantName = "[No Variations]"
Added Component: Designator=R_U_Cell2(TO252-TKH-45)
Add component. Clean all parameters for all variants
Add component (AddParameter): Name = "DeviceName"; Value = ""; VariantName = "[No Variations]"
Add component (AddParameter): Name = "DeviceSetName"; Value = "TKH45"; VariantName = "[No Variations]"
Add component (AddParameter): Name = "GateName_1"; Value = "G$1"; VariantName = "[No Variations]"
Add component (AddParameter): Name = "LibraryName"; Value = "IFE_Resistors"; VariantName = "[No Variations]"
Add component (AddParameter): Name = "Package"; Value = "TO252-TKH-45"; VariantName = "[No Variations]"
Add component (AddParameter): Name = "SymbolName_1"; Value = "R-US"; VariantName = "[No Variations]"
Added Component: Designator=R_U_Cell3(TO252-TKH-45)
Add component. Clean all parameters for all variants
Add component (AddParameter): Name = "DeviceName"; Value = ""; VariantName = "[No Variations]"
Add component (AddParameter): Name = "DeviceSetName"; Value = "TKH45"; VariantName = "[No Variations]"
Add component (AddParameter): Name = "GateName_1"; Value = "G$1"; VariantName = "[No Variations]"
Add component (AddParameter): Name = "LibraryName"; Value = "IFE_Resistors"; VariantName = "[No Variations]"
Add component (AddParameter): Name = "Package"; Value = "TO252-TKH-45"; VariantName = "[No Variations]"
Add component (AddParameter): Name = "SymbolName_1"; Value = "R-US"; VariantName = "[No Variations]"
Added Component: Designator=R_U_Cell4(TO252-TKH-45)
Add component. Clean all parameters for all variants
Add component (AddParameter): Name = "DeviceName"; Value = ""; VariantName = "[No Variations]"
Add component (AddParameter): Name = "DeviceSetName"; Value = "TKH45"; VariantName = "[No Variations]"
Add component (AddParameter): Name = "GateName_1"; Value = "G$1"; VariantName = "[No Variations]"
Add component (AddParameter): Name = "LibraryName"; Value = "IFE_Resistors"; VariantName = "[No Variations]"
Add component (AddParameter): Name = "Package"; Value = "TO252-TKH-45"; VariantName = "[No Variations]"
Add component (AddParameter): Name = "SymbolName_1"; Value = "R-US"; VariantName = "[No Variations]"
Added Component: Designator=R_U_Cell5(TO252-TKH-45)
Add component. Clean all parameters for all variants
Add component (AddParameter): Name = "DeviceName"; Value = ""; VariantName = "[No Variations]"
Add component (AddParameter): Name = "DeviceSetName"; Value = "TKH45"; VariantName = "[No Variations]"
Add component (AddParameter): Name = "GateName_1"; Value = "G$1"; VariantName = "[No Variations]"
Add component (AddParameter): Name = "LibraryName"; Value = "IFE_Resistors"; VariantName = "[No Variations]"
Add component (AddParameter): Name = "Package"; Value = "TO252-TKH-45"; VariantName = "[No Variations]"
Add component (AddParameter): Name = "SymbolName_1"; Value = "R-US"; VariantName = "[No Variations]"
Added Component: Designator=R_U_Cell6(TO252-TKH-45)
Add component. Clean all parameters for all variants
Add component (AddParameter): Name = "DeviceName"; Value = ""; VariantName = "[No Variations]"
Add component (AddParameter): Name = "DeviceSetName"; Value = "TKH45"; VariantName = "[No Variations]"
Add component (AddParameter): Name = "GateName_1"; Value = "G$1"; VariantName = "[No Variations]"
Add component (AddParameter): Name = "LibraryName"; Value = "IFE_Resistors"; VariantName = "[No Variations]"
Add component (AddParameter): Name = "Package"; Value = "TO252-TKH-45"; VariantName = "[No Variations]"
Add component (AddParameter): Name = "SymbolName_1"; Value = "R-US"; VariantName = "[No Variations]"
Added Component: Designator=R_U_Cell7(TO252-TKH-45)
Add component. Clean all parameters for all variants
Add component (AddParameter): Name = "DeviceName"; Value = ""; VariantName = "[No Variations]"
Add component (AddParameter): Name = "DeviceSetName"; Value = "TKH45"; VariantName = "[No Variations]"
Add component (AddParameter): Name = "GateName_1"; Value = "G$1"; VariantName = "[No Variations]"
Add component (AddParameter): Name = "LibraryName"; Value = "IFE_Resistors"; VariantName = "[No Variations]"
Add component (AddParameter): Name = "Package"; Value = "TO252-TKH-45"; VariantName = "[No Variations]"
Add component (AddParameter): Name = "SymbolName_1"; Value = "R-US"; VariantName = "[No Variations]"
Added Component: Designator=R_U_Cell8(TO252-TKH-45)
Add component. Clean all parameters for all variants
Add component (AddParameter): Name = "DeviceName"; Value = ""; VariantName = "[No Variations]"
Add component (AddParameter): Name = "DeviceSetName"; Value = "TKH45"; VariantName = "[No Variations]"
Add component (AddParameter): Name = "GateName_1"; Value = "G$1"; VariantName = "[No Variations]"
Add component (AddParameter): Name = "LibraryName"; Value = "IFE_Resistors"; VariantName = "[No Variations]"
Add component (AddParameter): Name = "Package"; Value = "TO252-TKH-45"; VariantName = "[No Variations]"
Add component (AddParameter): Name = "SymbolName_1"; Value = "R-US"; VariantName = "[No Variations]"
Added Component: Designator=R_U_Cell9(TO252-TKH-45)
Add component. Clean all parameters for all variants
Add component (AddParameter): Name = "DeviceName"; Value = ""; VariantName = "[No Variations]"
Add component (AddParameter): Name = "DeviceSetName"; Value = "TKH45"; VariantName = "[No Variations]"
Add component (AddParameter): Name = "GateName_1"; Value = "G$1"; VariantName = "[No Variations]"
Add component (AddParameter): Name = "LibraryName"; Value = "IFE_Resistors"; VariantName = "[No Variations]"
Add component (AddParameter): Name = "Package"; Value = "TO252-TKH-45"; VariantName = "[No Variations]"
Add component (AddParameter): Name = "SymbolName_1"; Value = "R-US"; VariantName = "[No Variations]"
Added Component: Designator=R_U_Cell10(TO252-TKH-45)
Add component. Clean all parameters for all variants
Add component (AddParameter): Name = "DeviceName"; Value = ""; VariantName = "[No Variations]"
Add component (AddParameter): Name = "DeviceSetName"; Value = "TKH45"; VariantName = "[No Variations]"
Add component (AddParameter): Name = "GateName_1"; Value = "G$1"; VariantName = "[No Variations]"
Add component (AddParameter): Name = "LibraryName"; Value = "IFE_Resistors"; VariantName = "[No Variations]"
Add component (AddParameter): Name = "Package"; Value = "TO252-TKH-45"; VariantName = "[No Variations]"
Add component (AddParameter): Name = "SymbolName_1"; Value = "R-US"; VariantName = "[No Variations]"
Added Component: Designator=R_U_Cell11(TO252-TKH-45)
Add component. Clean all parameters for all variants
Add component (AddParameter): Name = "DeviceName"; Value = ""; VariantName = "[No Variations]"
Add component (AddParameter): Name = "DeviceSetName"; Value = "TKH45"; VariantName = "[No Variations]"
Add component (AddParameter): Name = "GateName_1"; Value = "G$1"; VariantName = "[No Variations]"
Add component (AddParameter): Name = "LibraryName"; Value = "IFE_Resistors"; VariantName = "[No Variations]"
Add component (AddParameter): Name = "Package"; Value = "TO252-TKH-45"; VariantName = "[No Variations]"
Add component (AddParameter): Name = "SymbolName_1"; Value = "R-US"; VariantName = "[No Variations]"
Added Component: Designator=R_U_Cell12(TO252-TKH-45)
Add component. Clean all parameters for all variants
Add component (AddParameter): Name = "DeviceName"; Value = ""; VariantName = "[No Variations]"
Add component (AddParameter): Name = "DeviceSetName"; Value = "TKH45"; VariantName = "[No Variations]"
Add component (AddParameter): Name = "GateName_1"; Value = "G$1"; VariantName = "[No Variations]"
Add component (AddParameter): Name = "LibraryName"; Value = "IFE_Resistors"; VariantName = "[No Variations]"
Add component (AddParameter): Name = "Package"; Value = "TO252-TKH-45"; VariantName = "[No Variations]"
Add component (AddParameter): Name = "SymbolName_1"; Value = "R-US"; VariantName = "[No Variations]"
Added Component: Designator=R_U_Cell13(TO252-TKH-45)
Add component. Clean all parameters for all variants
Add component (AddParameter): Name = "DeviceName"; Value = ""; VariantName = "[No Variations]"
Add component (AddParameter): Name = "DeviceSetName"; Value = "TKH45"; VariantName = "[No Variations]"
Add component (AddParameter): Name = "GateName_1"; Value = "G$1"; VariantName = "[No Variations]"
Add component (AddParameter): Name = "LibraryName"; Value = "IFE_Resistors"; VariantName = "[No Variations]"
Add component (AddParameter): Name = "Package"; Value = "TO252-TKH-45"; VariantName = "[No Variations]"
Add component (AddParameter): Name = "SymbolName_1"; Value = "R-US"; VariantName = "[No Variations]"
Added Component: Designator=R_U_Cell14(TO252-TKH-45)
Add component. Clean all parameters for all variants
Add component (AddParameter): Name = "DeviceName"; Value = ""; VariantName = "[No Variations]"
Add component (AddParameter): Name = "DeviceSetName"; Value = "TKH45"; VariantName = "[No Variations]"
Add component (AddParameter): Name = "GateName_1"; Value = "G$1"; VariantName = "[No Variations]"
Add component (AddParameter): Name = "LibraryName"; Value = "IFE_Resistors"; VariantName = "[No Variations]"
Add component (AddParameter): Name = "Package"; Value = "TO252-TKH-45"; VariantName = "[No Variations]"
Add component (AddParameter): Name = "SymbolName_1"; Value = "R-US"; VariantName = "[No Variations]"
Added Component: Designator=R_U_Cell15(TO252-TKH-45)
Add component. Clean all parameters for all variants
Add component (AddParameter): Name = "DeviceName"; Value = ""; VariantName = "[No Variations]"
Add component (AddParameter): Name = "DeviceSetName"; Value = "TKH45"; VariantName = "[No Variations]"
Add component (AddParameter): Name = "GateName_1"; Value = "G$1"; VariantName = "[No Variations]"
Add component (AddParameter): Name = "LibraryName"; Value = "IFE_Resistors"; VariantName = "[No Variations]"
Add component (AddParameter): Name = "Package"; Value = "TO252-TKH-45"; VariantName = "[No Variations]"
Add component (AddParameter): Name = "SymbolName_1"; Value = "R-US"; VariantName = "[No Variations]"
Added Component: Designator=R_U_Cell16(TO252-TKH-45)
Add component. Clean all parameters for all variants
Add component (AddParameter): Name = "DeviceName"; Value = ""; VariantName = "[No Variations]"
Add component (AddParameter): Name = "DeviceSetName"; Value = "TKH45"; VariantName = "[No Variations]"
Add component (AddParameter): Name = "GateName_1"; Value = "G$1"; VariantName = "[No Variations]"
Add component (AddParameter): Name = "LibraryName"; Value = "IFE_Resistors"; VariantName = "[No Variations]"
Add component (AddParameter): Name = "Package"; Value = "TO252-TKH-45"; VariantName = "[No Variations]"
Add component (AddParameter): Name = "SymbolName_1"; Value = "R-US"; VariantName = "[No Variations]"
Added Pin To Net: NetName=Net3_U_Cell1_1 Pin=3_U_Cell1-1
Added Pin To Net: NetName=Net3_U_Cell1_2 Pin=3_U_Cell1-2
Added Pin To Net: NetName=Net3_U_Cell1_3 Pin=3_U_Cell1-3
Added Pin To Net: NetName=Net3_U_Cell2_1 Pin=3_U_Cell2-1
Added Pin To Net: NetName=Net3_U_Cell2_2 Pin=3_U_Cell2-2
Added Pin To Net: NetName=Net3_U_Cell2_3 Pin=3_U_Cell2-3
Added Pin To Net: NetName=Net3_U_Cell3_1 Pin=3_U_Cell3-1
Added Pin To Net: NetName=Net3_U_Cell3_2 Pin=3_U_Cell3-2
Added Pin To Net: NetName=Net3_U_Cell3_3 Pin=3_U_Cell3-3
Added Pin To Net: NetName=Net3_U_Cell4_1 Pin=3_U_Cell4-1
Added Pin To Net: NetName=Net3_U_Cell4_2 Pin=3_U_Cell4-2
Added Pin To Net: NetName=Net3_U_Cell4_3 Pin=3_U_Cell4-3
Added Pin To Net: NetName=Net3_U_Cell5_1 Pin=3_U_Cell5-1
Added Pin To Net: NetName=Net3_U_Cell5_2 Pin=3_U_Cell5-2
Added Pin To Net: NetName=Net3_U_Cell5_3 Pin=3_U_Cell5-3
Added Pin To Net: NetName=Net3_U_Cell6_1 Pin=3_U_Cell6-1
Added Pin To Net: NetName=Net3_U_Cell6_2 Pin=3_U_Cell6-2
Added Pin To Net: NetName=Net3_U_Cell6_3 Pin=3_U_Cell6-3
Added Pin To Net: NetName=Net3_U_Cell7_1 Pin=3_U_Cell7-1
Added Pin To Net: NetName=Net3_U_Cell7_2 Pin=3_U_Cell7-2
Added Pin To Net: NetName=Net3_U_Cell7_3 Pin=3_U_Cell7-3
Added Pin To Net: NetName=Net3_U_Cell8_1 Pin=3_U_Cell8-1
Added Pin To Net: NetName=Net3_U_Cell8_2 Pin=3_U_Cell8-2
Added Pin To Net: NetName=Net3_U_Cell8_3 Pin=3_U_Cell8-3
Added Pin To Net: NetName=Net3_U_Cell9_1 Pin=3_U_Cell9-1
Added Pin To Net: NetName=Net3_U_Cell9_2 Pin=3_U_Cell9-2
Added Pin To Net: NetName=Net3_U_Cell9_3 Pin=3_U_Cell9-3
Added Pin To Net: NetName=Net3_U_Cell10_1 Pin=3_U_Cell10-1
Added Pin To Net: NetName=Net3_U_Cell10_2 Pin=3_U_Cell10-2
Added Pin To Net: NetName=Net3_U_Cell10_3 Pin=3_U_Cell10-3
Added Pin To Net: NetName=Net3_U_Cell11_1 Pin=3_U_Cell11-1
Added Pin To Net: NetName=Net3_U_Cell11_2 Pin=3_U_Cell11-2
Added Pin To Net: NetName=Net3_U_Cell11_3 Pin=3_U_Cell11-3
Added Pin To Net: NetName=Net3_U_Cell12_1 Pin=3_U_Cell12-1
Added Pin To Net: NetName=Net3_U_Cell12_2 Pin=3_U_Cell12-2
Added Pin To Net: NetName=Net3_U_Cell12_3 Pin=3_U_Cell12-3
Added Pin To Net: NetName=Net3_U_Cell13_1 Pin=3_U_Cell13-1
Added Pin To Net: NetName=Net3_U_Cell13_2 Pin=3_U_Cell13-2
Added Pin To Net: NetName=Net3_U_Cell13_3 Pin=3_U_Cell13-3
Added Pin To Net: NetName=Net3_U_Cell14_1 Pin=3_U_Cell14-1
Added Pin To Net: NetName=Net3_U_Cell14_2 Pin=3_U_Cell14-2
Added Pin To Net: NetName=Net3_U_Cell14_3 Pin=3_U_Cell14-3
Added Pin To Net: NetName=Net3_U_Cell15_1 Pin=3_U_Cell15-1
Added Pin To Net: NetName=Net3_U_Cell15_2 Pin=3_U_Cell15-2
Added Pin To Net: NetName=Net3_U_Cell15_3 Pin=3_U_Cell15-3
Added Pin To Net: NetName=Net3_U_Cell16_1 Pin=3_U_Cell16-1
Added Pin To Net: NetName=Net3_U_Cell16_2 Pin=3_U_Cell16-2
Added Pin To Net: NetName=Net3_U_Cell16_3 Pin=3_U_Cell16-3
Added Pin To Net: NetName=NetF1_U_Cell1_1 Pin=F1_U_Cell1-1
Added Pin To Net: NetName=NetCELL+1_U_Cell1_CELL+ Pin=F1_U_Cell1-2
Added Pin To Net: NetName=NetF1_U_Cell2_1 Pin=F1_U_Cell2-1
Added Pin To Net: NetName=NetCELL+1_U_Cell2_CELL+ Pin=F1_U_Cell2-2
Added Pin To Net: NetName=NetF1_U_Cell3_1 Pin=F1_U_Cell3-1
Added Pin To Net: NetName=NetCELL+1_U_Cell3_CELL+ Pin=F1_U_Cell3-2
Added Pin To Net: NetName=NetF1_U_Cell4_1 Pin=F1_U_Cell4-1
Added Pin To Net: NetName=NetCELL+1_U_Cell4_CELL+ Pin=F1_U_Cell4-2
Added Pin To Net: NetName=NetF1_U_Cell5_1 Pin=F1_U_Cell5-1
Added Pin To Net: NetName=NetCELL+1_U_Cell5_CELL+ Pin=F1_U_Cell5-2
Added Pin To Net: NetName=NetF1_U_Cell6_1 Pin=F1_U_Cell6-1
Added Pin To Net: NetName=NetCELL+1_U_Cell6_CELL+ Pin=F1_U_Cell6-2
Added Pin To Net: NetName=NetF1_U_Cell7_1 Pin=F1_U_Cell7-1
Added Pin To Net: NetName=NetCELL+1_U_Cell7_CELL+ Pin=F1_U_Cell7-2
Added Pin To Net: NetName=NetF1_U_Cell8_1 Pin=F1_U_Cell8-1
Added Pin To Net: NetName=NetCELL+1_U_Cell8_CELL+ Pin=F1_U_Cell8-2
Added Pin To Net: NetName=NetF1_U_Cell9_1 Pin=F1_U_Cell9-1
Added Pin To Net: NetName=NetCELL+1_U_Cell9_CELL+ Pin=F1_U_Cell9-2
Added Pin To Net: NetName=NetF1_U_Cell10_1 Pin=F1_U_Cell10-1
Added Pin To Net: NetName=NetCELL+1_U_Cell10_CELL+ Pin=F1_U_Cell10-2
Added Pin To Net: NetName=NetF1_U_Cell11_1 Pin=F1_U_Cell11-1
Added Pin To Net: NetName=NetCELL+1_U_Cell11_CELL+ Pin=F1_U_Cell11-2
Added Pin To Net: NetName=NetF1_U_Cell12_1 Pin=F1_U_Cell12-1
Added Pin To Net: NetName=NetCELL+1_U_Cell12_CELL+ Pin=F1_U_Cell12-2
Added Pin To Net: NetName=NetF1_U_Cell13_1 Pin=F1_U_Cell13-1
Added Pin To Net: NetName=NetCELL+1_U_Cell13_CELL+ Pin=F1_U_Cell13-2
Added Pin To Net: NetName=NetF1_U_Cell14_1 Pin=F1_U_Cell14-1
Added Pin To Net: NetName=NetCELL+1_U_Cell14_CELL+ Pin=F1_U_Cell14-2
Added Pin To Net: NetName=NetF1_U_Cell15_1 Pin=F1_U_Cell15-1
Added Pin To Net: NetName=NetCELL+1_U_Cell15_CELL+ Pin=F1_U_Cell15-2
Added Pin To Net: NetName=NetF1_U_Cell16_1 Pin=F1_U_Cell16-1
Added Pin To Net: NetName=NetCELL+1_U_Cell16_CELL+ Pin=F1_U_Cell16-2
Added Pin To Net: NetName=NetCELL+1_U_Cell1_CELL+ Pin=F2_U_Cell1-1
Added Pin To Net: NetName=Net3_U_Cell1_3 Pin=F2_U_Cell1-2
Added Pin To Net: NetName=NetCELL+1_U_Cell2_CELL+ Pin=F2_U_Cell2-1
Added Pin To Net: NetName=Net3_U_Cell2_3 Pin=F2_U_Cell2-2
Added Pin To Net: NetName=NetCELL+1_U_Cell3_CELL+ Pin=F2_U_Cell3-1
Added Pin To Net: NetName=Net3_U_Cell3_3 Pin=F2_U_Cell3-2
Added Pin To Net: NetName=NetCELL+1_U_Cell4_CELL+ Pin=F2_U_Cell4-1
Added Pin To Net: NetName=Net3_U_Cell4_3 Pin=F2_U_Cell4-2
Added Pin To Net: NetName=NetCELL+1_U_Cell5_CELL+ Pin=F2_U_Cell5-1
Added Pin To Net: NetName=Net3_U_Cell5_3 Pin=F2_U_Cell5-2
Added Pin To Net: NetName=NetCELL+1_U_Cell6_CELL+ Pin=F2_U_Cell6-1
Added Pin To Net: NetName=Net3_U_Cell6_3 Pin=F2_U_Cell6-2
Added Pin To Net: NetName=NetCELL+1_U_Cell7_CELL+ Pin=F2_U_Cell7-1
Added Pin To Net: NetName=Net3_U_Cell7_3 Pin=F2_U_Cell7-2
Added Pin To Net: NetName=NetCELL+1_U_Cell8_CELL+ Pin=F2_U_Cell8-1
Added Pin To Net: NetName=Net3_U_Cell8_3 Pin=F2_U_Cell8-2
Added Pin To Net: NetName=NetCELL+1_U_Cell9_CELL+ Pin=F2_U_Cell9-1
Added Pin To Net: NetName=Net3_U_Cell9_3 Pin=F2_U_Cell9-2
Added Pin To Net: NetName=NetCELL+1_U_Cell10_CELL+ Pin=F2_U_Cell10-1
Added Pin To Net: NetName=Net3_U_Cell10_3 Pin=F2_U_Cell10-2
Added Pin To Net: NetName=NetCELL+1_U_Cell11_CELL+ Pin=F2_U_Cell11-1
Added Pin To Net: NetName=Net3_U_Cell11_3 Pin=F2_U_Cell11-2
Added Pin To Net: NetName=NetCELL+1_U_Cell12_CELL+ Pin=F2_U_Cell12-1
Added Pin To Net: NetName=Net3_U_Cell12_3 Pin=F2_U_Cell12-2
Added Pin To Net: NetName=NetCELL+1_U_Cell13_CELL+ Pin=F2_U_Cell13-1
Added Pin To Net: NetName=Net3_U_Cell13_3 Pin=F2_U_Cell13-2
Added Pin To Net: NetName=NetCELL+1_U_Cell14_CELL+ Pin=F2_U_Cell14-1
Added Pin To Net: NetName=Net3_U_Cell14_3 Pin=F2_U_Cell14-2
Added Pin To Net: NetName=NetCELL+1_U_Cell15_CELL+ Pin=F2_U_Cell15-1
Added Pin To Net: NetName=Net3_U_Cell15_3 Pin=F2_U_Cell15-2
Added Pin To Net: NetName=NetCELL+1_U_Cell16_CELL+ Pin=F2_U_Cell16-1
Added Pin To Net: NetName=Net3_U_Cell16_3 Pin=F2_U_Cell16-2
Added Pin To Net: NetName=NetCELL+1_U_Cell1_1 Pin=R_U_Cell1-1
Added Pin To Net: NetName=Net3_U_Cell1_2 Pin=R_U_Cell1-2
Added Pin To Net: NetName=Net3_U_Cell1_3 Pin=R_U_Cell1-3
Added Pin To Net: NetName=NetCELL+1_U_Cell2_1 Pin=R_U_Cell2-1
Added Pin To Net: NetName=Net3_U_Cell2_2 Pin=R_U_Cell2-2
Added Pin To Net: NetName=Net3_U_Cell2_3 Pin=R_U_Cell2-3
Added Pin To Net: NetName=NetCELL+1_U_Cell3_1 Pin=R_U_Cell3-1
Added Pin To Net: NetName=Net3_U_Cell3_2 Pin=R_U_Cell3-2
Added Pin To Net: NetName=Net3_U_Cell3_3 Pin=R_U_Cell3-3
Added Pin To Net: NetName=NetCELL+1_U_Cell4_1 Pin=R_U_Cell4-1
Added Pin To Net: NetName=Net3_U_Cell4_2 Pin=R_U_Cell4-2
Added Pin To Net: NetName=Net3_U_Cell4_3 Pin=R_U_Cell4-3
Added Pin To Net: NetName=NetCELL+1_U_Cell5_1 Pin=R_U_Cell5-1
Added Pin To Net: NetName=Net3_U_Cell5_2 Pin=R_U_Cell5-2
Added Pin To Net: NetName=Net3_U_Cell5_3 Pin=R_U_Cell5-3
Added Pin To Net: NetName=NetCELL+1_U_Cell6_1 Pin=R_U_Cell6-1
Added Pin To Net: NetName=Net3_U_Cell6_2 Pin=R_U_Cell6-2
Added Pin To Net: NetName=Net3_U_Cell6_3 Pin=R_U_Cell6-3
Added Pin To Net: NetName=NetCELL+1_U_Cell7_1 Pin=R_U_Cell7-1
Added Pin To Net: NetName=Net3_U_Cell7_2 Pin=R_U_Cell7-2
Added Pin To Net: NetName=Net3_U_Cell7_3 Pin=R_U_Cell7-3
Added Pin To Net: NetName=NetCELL+1_U_Cell8_1 Pin=R_U_Cell8-1
Added Pin To Net: NetName=Net3_U_Cell8_2 Pin=R_U_Cell8-2
Added Pin To Net: NetName=Net3_U_Cell8_3 Pin=R_U_Cell8-3
Added Pin To Net: NetName=NetCELL+1_U_Cell9_1 Pin=R_U_Cell9-1
Added Pin To Net: NetName=Net3_U_Cell9_2 Pin=R_U_Cell9-2
Added Pin To Net: NetName=Net3_U_Cell9_3 Pin=R_U_Cell9-3
Added Pin To Net: NetName=NetCELL+1_U_Cell10_1 Pin=R_U_Cell10-1
Added Pin To Net: NetName=Net3_U_Cell10_2 Pin=R_U_Cell10-2
Added Pin To Net: NetName=Net3_U_Cell10_3 Pin=R_U_Cell10-3
Added Pin To Net: NetName=NetCELL+1_U_Cell11_1 Pin=R_U_Cell11-1
Added Pin To Net: NetName=Net3_U_Cell11_2 Pin=R_U_Cell11-2
Added Pin To Net: NetName=Net3_U_Cell11_3 Pin=R_U_Cell11-3
Added Pin To Net: NetName=NetCELL+1_U_Cell12_1 Pin=R_U_Cell12-1
Added Pin To Net: NetName=Net3_U_Cell12_2 Pin=R_U_Cell12-2
Added Pin To Net: NetName=Net3_U_Cell12_3 Pin=R_U_Cell12-3
Added Pin To Net: NetName=NetCELL+1_U_Cell13_1 Pin=R_U_Cell13-1
Added Pin To Net: NetName=Net3_U_Cell13_2 Pin=R_U_Cell13-2
Added Pin To Net: NetName=Net3_U_Cell13_3 Pin=R_U_Cell13-3
Added Pin To Net: NetName=NetCELL+1_U_Cell14_1 Pin=R_U_Cell14-1
Added Pin To Net: NetName=Net3_U_Cell14_2 Pin=R_U_Cell14-2
Added Pin To Net: NetName=Net3_U_Cell14_3 Pin=R_U_Cell14-3
Added Pin To Net: NetName=NetCELL+1_U_Cell15_1 Pin=R_U_Cell15-1
Added Pin To Net: NetName=Net3_U_Cell15_2 Pin=R_U_Cell15-2
Added Pin To Net: NetName=Net3_U_Cell15_3 Pin=R_U_Cell15-3
Added Pin To Net: NetName=NetCELL+1_U_Cell16_1 Pin=R_U_Cell16-1
Added Pin To Net: NetName=Net3_U_Cell16_2 Pin=R_U_Cell16-2
Added Pin To Net: NetName=Net3_U_Cell16_3 Pin=R_U_Cell16-3
Added Member To Class: ClassName=U_Cell1 Member=Component 3_U_Cell1 (3) DMP10H400SK3-13
Added Member To Class: ClassName=U_Cell2 Member=Component 3_U_Cell2 (3) DMP10H400SK3-13
Added Member To Class: ClassName=U_Cell3 Member=Component 3_U_Cell3 (3) DMP10H400SK3-13
Added Member To Class: ClassName=U_Cell4 Member=Component 3_U_Cell4 (3) DMP10H400SK3-13
Added Member To Class: ClassName=U_Cell5 Member=Component 3_U_Cell5 (3) DMP10H400SK3-13
Added Member To Class: ClassName=U_Cell6 Member=Component 3_U_Cell6 (3) DMP10H400SK3-13
Added Member To Class: ClassName=U_Cell7 Member=Component 3_U_Cell7 (3) DMP10H400SK3-13
Added Member To Class: ClassName=U_Cell8 Member=Component 3_U_Cell8 (3) DMP10H400SK3-13
Added Member To Class: ClassName=U_Cell9 Member=Component 3_U_Cell9 (3) DMP10H400SK3-13
Added Member To Class: ClassName=U_Cell10 Member=Component 3_U_Cell10 (3) DMP10H400SK3-13
Added Member To Class: ClassName=U_Cell11 Member=Component 3_U_Cell11 (3) DMP10H400SK3-13
Added Member To Class: ClassName=U_Cell12 Member=Component 3_U_Cell12 (3) DMP10H400SK3-13
Added Member To Class: ClassName=U_Cell13 Member=Component 3_U_Cell13 (3) DMP10H400SK3-13
Added Member To Class: ClassName=U_Cell14 Member=Component 3_U_Cell14 (3) DMP10H400SK3-13
Added Member To Class: ClassName=U_Cell15 Member=Component 3_U_Cell15 (3) DMP10H400SK3-13
Added Member To Class: ClassName=U_Cell16 Member=Component 3_U_Cell16 (3) DMP10H400SK3-13
Added Member To Class: ClassName=U_Cell1 Member=Component F1_U_Cell1 (F1) SF-0603FP
Added Member To Class: ClassName=U_Cell2 Member=Component F1_U_Cell2 (F1) SF-0603FP
Added Member To Class: ClassName=U_Cell3 Member=Component F1_U_Cell3 (F1) SF-0603FP
Added Member To Class: ClassName=U_Cell4 Member=Component F1_U_Cell4 (F1) SF-0603FP
Added Member To Class: ClassName=U_Cell5 Member=Component F1_U_Cell5 (F1) SF-0603FP
Added Member To Class: ClassName=U_Cell6 Member=Component F1_U_Cell6 (F1) SF-0603FP
Added Member To Class: ClassName=U_Cell7 Member=Component F1_U_Cell7 (F1) SF-0603FP
Added Member To Class: ClassName=U_Cell8 Member=Component F1_U_Cell8 (F1) SF-0603FP
Added Member To Class: ClassName=U_Cell9 Member=Component F1_U_Cell9 (F1) SF-0603FP
Added Member To Class: ClassName=U_Cell10 Member=Component F1_U_Cell10 (F1) SF-0603FP
Added Member To Class: ClassName=U_Cell11 Member=Component F1_U_Cell11 (F1) SF-0603FP
Added Member To Class: ClassName=U_Cell12 Member=Component F1_U_Cell12 (F1) SF-0603FP
Added Member To Class: ClassName=U_Cell13 Member=Component F1_U_Cell13 (F1) SF-0603FP
Added Member To Class: ClassName=U_Cell14 Member=Component F1_U_Cell14 (F1) SF-0603FP
Added Member To Class: ClassName=U_Cell15 Member=Component F1_U_Cell15 (F1) SF-0603FP
Added Member To Class: ClassName=U_Cell16 Member=Component F1_U_Cell16 (F1) SF-0603FP
Added Member To Class: ClassName=U_Cell1 Member=Component F2_U_Cell1 (F2) SF-0603FP
Added Member To Class: ClassName=U_Cell2 Member=Component F2_U_Cell2 (F2) SF-0603FP
Added Member To Class: ClassName=U_Cell3 Member=Component F2_U_Cell3 (F2) SF-0603FP
Added Member To Class: ClassName=U_Cell4 Member=Component F2_U_Cell4 (F2) SF-0603FP
Added Member To Class: ClassName=U_Cell5 Member=Component F2_U_Cell5 (F2) SF-0603FP
Added Member To Class: ClassName=U_Cell6 Member=Component F2_U_Cell6 (F2) SF-0603FP
Added Member To Class: ClassName=U_Cell7 Member=Component F2_U_Cell7 (F2) SF-0603FP
Added Member To Class: ClassName=U_Cell8 Member=Component F2_U_Cell8 (F2) SF-0603FP
Added Member To Class: ClassName=U_Cell9 Member=Component F2_U_Cell9 (F2) SF-0603FP
Added Member To Class: ClassName=U_Cell10 Member=Component F2_U_Cell10 (F2) SF-0603FP
Added Member To Class: ClassName=U_Cell11 Member=Component F2_U_Cell11 (F2) SF-0603FP
Added Member To Class: ClassName=U_Cell12 Member=Component F2_U_Cell12 (F2) SF-0603FP
Added Member To Class: ClassName=U_Cell13 Member=Component F2_U_Cell13 (F2) SF-0603FP
Added Member To Class: ClassName=U_Cell14 Member=Component F2_U_Cell14 (F2) SF-0603FP
Added Member To Class: ClassName=U_Cell15 Member=Component F2_U_Cell15 (F2) SF-0603FP
Added Member To Class: ClassName=U_Cell16 Member=Component F2_U_Cell16 (F2) SF-0603FP
Added Member To Class: ClassName=U_Cell1 Member=Component R_U_Cell1 (R) TKH45
Added Member To Class: ClassName=U_Cell2 Member=Component R_U_Cell2 (R) TKH45
Added Member To Class: ClassName=U_Cell3 Member=Component R_U_Cell3 (R) TKH45
Added Member To Class: ClassName=U_Cell4 Member=Component R_U_Cell4 (R) TKH45
Added Member To Class: ClassName=U_Cell5 Member=Component R_U_Cell5 (R) TKH45
Added Member To Class: ClassName=U_Cell6 Member=Component R_U_Cell6 (R) TKH45
Added Member To Class: ClassName=U_Cell7 Member=Component R_U_Cell7 (R) TKH45
Added Member To Class: ClassName=U_Cell8 Member=Component R_U_Cell8 (R) TKH45
Added Member To Class: ClassName=U_Cell9 Member=Component R_U_Cell9 (R) TKH45
Added Member To Class: ClassName=U_Cell10 Member=Component R_U_Cell10 (R) TKH45
Added Member To Class: ClassName=U_Cell11 Member=Component R_U_Cell11 (R) TKH45
Added Member To Class: ClassName=U_Cell12 Member=Component R_U_Cell12 (R) TKH45
Added Member To Class: ClassName=U_Cell13 Member=Component R_U_Cell13 (R) TKH45
Added Member To Class: ClassName=U_Cell14 Member=Component R_U_Cell14 (R) TKH45
Added Member To Class: ClassName=U_Cell15 Member=Component R_U_Cell15 (R) TKH45
Added Member To Class: ClassName=U_Cell16 Member=Component R_U_Cell16 (R) TKH45
