Removed Pin From Net: NetName=V_DTEN Pin=P5-3
Removed Pin From Net: NetName=T_DTEN Pin=P5-4
Removed Pin From Net: NetName=V_ISOMD Pin=P6-3
Removed Pin From Net: NetName=T_ISOMD Pin=P6-4
Removed Member From Class: ClassName=Even Member=P5
Removed Member From Class: ClassName=Even Member=P6
Added Component: Designator=?(SJ_2)
Add component. Clean all parameters for all variants
Add component (AddParameter): Name = "DeviceName"; Value = ""; VariantName = "[No Variations]"
Add component (AddParameter): Name = "DeviceSetName"; Value = "JUMPER_2W"; VariantName = "[No Variations]"
Add component (AddParameter): Name = "GateName_1"; Value = "G$1"; VariantName = "[No Variations]"
Add component (AddParameter): Name = "LibraryName"; Value = "IFE_Jumpers"; VariantName = "[No Variations]"
Add component (AddParameter): Name = "Package"; Value = "SJ_2"; VariantName = "[No Variations]"
Add component (AddParameter): Name = "SymbolName_1"; Value = "SJ_2"; VariantName = "[No Variations]"
Added Component: Designator=?(SJ_2)
Add component. Clean all parameters for all variants
Add component (AddParameter): Name = "DeviceName"; Value = ""; VariantName = "[No Variations]"
Add component (AddParameter): Name = "DeviceSetName"; Value = "JUMPER_2W"; VariantName = "[No Variations]"
Add component (AddParameter): Name = "GateName_1"; Value = "G$1"; VariantName = "[No Variations]"
Add component (AddParameter): Name = "LibraryName"; Value = "IFE_Jumpers"; VariantName = "[No Variations]"
Add component (AddParameter): Name = "Package"; Value = "SJ_2"; VariantName = "[No Variations]"
Add component (AddParameter): Name = "SymbolName_1"; Value = "SJ_2"; VariantName = "[No Variations]"
Added Component: Designator=?(SJ_2)
Add component. Clean all parameters for all variants
Add component (AddParameter): Name = "DeviceName"; Value = ""; VariantName = "[No Variations]"
Add component (AddParameter): Name = "DeviceSetName"; Value = "JUMPER_2W"; VariantName = "[No Variations]"
Add component (AddParameter): Name = "GateName_1"; Value = "G$1"; VariantName = "[No Variations]"
Add component (AddParameter): Name = "LibraryName"; Value = "IFE_Jumpers"; VariantName = "[No Variations]"
Add component (AddParameter): Name = "Package"; Value = "SJ_2"; VariantName = "[No Variations]"
Add component (AddParameter): Name = "SymbolName_1"; Value = "SJ_2"; VariantName = "[No Variations]"
Added Component: Designator=?(SJ_2)
Add component. Clean all parameters for all variants
Add component (AddParameter): Name = "DeviceName"; Value = ""; VariantName = "[No Variations]"
Add component (AddParameter): Name = "DeviceSetName"; Value = "JUMPER_2W"; VariantName = "[No Variations]"
Add component (AddParameter): Name = "GateName_1"; Value = "G$1"; VariantName = "[No Variations]"
Add component (AddParameter): Name = "LibraryName"; Value = "IFE_Jumpers"; VariantName = "[No Variations]"
Add component (AddParameter): Name = "Package"; Value = "SJ_2"; VariantName = "[No Variations]"
Add component (AddParameter): Name = "SymbolName_1"; Value = "SJ_2"; VariantName = "[No Variations]"
Added Pin To Net: NetName=T_DTEN Pin=?-2
Added Pin To Net: NetName=T_ISOMD Pin=?-2
Added Pin To Net: NetName=V_DTEN Pin=?-2
Added Pin To Net: NetName=V_ISOMD Pin=?-2
Added Pin To Net: NetName=Net?_1 Pin=?-1
Added Pin To Net: NetName=Net?_1 Pin=?-1
Added Pin To Net: NetName=Net?_1 Pin=?-1
Added Pin To Net: NetName=Net?_1 Pin=?-1
Added Net: Name=Net?_1
Added Pin To Net: NetName=Net?_3 Pin=?-3
Added Pin To Net: NetName=Net?_3 Pin=?-3
Added Pin To Net: NetName=Net?_3 Pin=?-3
Added Pin To Net: NetName=Net?_3 Pin=?-3
Added Net: Name=Net?_3
Added Member To Class: ClassName=Even Member=Component ? JUMPER_2W
Added Member To Class: ClassName=Even Member=Component ? JUMPER_2W
Added Member To Class: ClassName=Even Member=Component ? JUMPER_2W
Added Member To Class: ClassName=Even Member=Component ? JUMPER_2W
