Added Pin To Net: NetName=T16 Pin=UT-2
Added Pin To Net: NetName=T16 Pin=UT-4
Added Pin To Net: NetName=T15 Pin=UT-6
Added Pin To Net: NetName=T14 Pin=UT-8
Added Pin To Net: NetName=T13 Pin=UT-10
Added Pin To Net: NetName=T12 Pin=UT-12
Added Pin To Net: NetName=T11 Pin=UT-14
Added Pin To Net: NetName=T11 Pin=UT-16
Added Pin To Net: NetName=T10 Pin=UT-18
Added Pin To Net: NetName=T9 Pin=UT-20
Added Pin To Net: NetName=T8 Pin=UT-22
Added Pin To Net: NetName=T7 Pin=UT-24
Added Pin To Net: NetName=T6 Pin=UT-26
Added Pin To Net: NetName=T5 Pin=UT-28
Added Pin To Net: NetName=T4 Pin=UT-30
Added Pin To Net: NetName=T3 Pin=UT-32
Added Pin To Net: NetName=T2 Pin=UT-34
Added Pin To Net: NetName=T1 Pin=UT-36
Added Pin To Net: NetName=V16 Pin=UV-2
Added Pin To Net: NetName=S16 Pin=UV-3
Added Pin To Net: NetName=V16 Pin=UV-4
Added Pin To Net: NetName=S16 Pin=UV-5
Added Pin To Net: NetName=V15 Pin=UV-6
Added Pin To Net: NetName=S15 Pin=UV-7
Added Pin To Net: NetName=V14 Pin=UV-8
Added Pin To Net: NetName=S14 Pin=UV-9
Added Pin To Net: NetName=V13 Pin=UV-10
Added Pin To Net: NetName=S13 Pin=UV-11
Added Pin To Net: NetName=V12 Pin=UV-12
Added Pin To Net: NetName=S12 Pin=UV-13
Added Pin To Net: NetName=V11 Pin=UV-14
Added Pin To Net: NetName=S11 Pin=UV-15
Added Pin To Net: NetName=V11 Pin=UV-16
Added Pin To Net: NetName=S11 Pin=UV-17
Added Pin To Net: NetName=V10 Pin=UV-18
Added Pin To Net: NetName=S10 Pin=UV-19
Added Pin To Net: NetName=V9 Pin=UV-20
Added Pin To Net: NetName=S9 Pin=UV-21
Added Pin To Net: NetName=V8 Pin=UV-22
Added Pin To Net: NetName=S8 Pin=UV-23
Added Pin To Net: NetName=V7 Pin=UV-24
Added Pin To Net: NetName=S7 Pin=UV-25
Added Pin To Net: NetName=V6 Pin=UV-26
Added Pin To Net: NetName=S6 Pin=UV-27
Added Pin To Net: NetName=V5 Pin=UV-28
Added Pin To Net: NetName=S5 Pin=UV-29
Added Pin To Net: NetName=V4 Pin=UV-30
Added Pin To Net: NetName=S4 Pin=UV-31
Added Pin To Net: NetName=V3 Pin=UV-32
Added Pin To Net: NetName=S3 Pin=UV-33
Added Pin To Net: NetName=V2 Pin=UV-34
Added Pin To Net: NetName=S2 Pin=UV-35
Added Pin To Net: NetName=V1 Pin=UV-36
Added Pin To Net: NetName=S1 Pin=UV-37
Added Class: Name=S[1..16]
Added Class: Name=T[1..16]
Added Class: Name=V[1..16]
