Removed Pin From Net: NetName=Discharge+ Pin=High Voltage Connnector-P$1
Removed Pin From Net: NetName=HV- Pin=High Voltage Connnector-P$2
Removed Pin From Net: NetName=Discharge+ Pin=High Voltage Connnector-P$3
Removed Pin From Net: NetName=Discharge- Pin=High Voltage Connnector-P$4
Removed Pin From Net: NetName=TSMP+ Pin=High Voltage Connnector-P$5
Removed Pin From Net: NetName=TSMP- Pin=High Voltage Connnector-P$6
Removed Member From Class: ClassName=ife19_TS_TSAL-Discharge-TSMP Member=High Voltage Connnector
Removed Member From Class: ClassName=Low Voltage Member=Discharge+
Removed Member From Class: ClassName=Low Voltage Member=Discharge-
Removed Member From Class: ClassName=Low Voltage Member=HV-
Removed Member From Class: ClassName=Low Voltage Member=TSMP+
Removed Member From Class: ClassName=Low Voltage Member=TSMP-
Added Component: Designator=F_HV+(FUSE_885)
Add component. Clean all parameters for all variants
Added Component: Designator=X?(43650-0724)
Add component. Clean all parameters for all variants
Add component (AddParameter): Name = "DeviceName"; Value = "43650-0724"; VariantName = "[No Variations]"
Add component (AddParameter): Name = "DeviceSetName"; Value = "HEADER_POS7_?"; VariantName = "[No Variations]"
Add component (AddParameter): Name = "GateName_1"; Value = "G$1"; VariantName = "[No Variations]"
Add component (AddParameter): Name = "LibraryName"; Value = "MOLEX Micro-Fit"; VariantName = "[No Variations]"
Add component (AddParameter): Name = "Package"; Value = "43650-0724"; VariantName = "[No Variations]"
Add component (AddParameter): Name = "SymbolName_1"; Value = "HEADER_POS7"; VariantName = "[No Variations]"
Added Pin To Net: NetName=Discharge+ Pin=F_HV+-2
Added Pin To Net: NetName=Discharge+ Pin=X?-P$1
Added Pin To Net: NetName=HV- Pin=X?-P$2
Added Pin To Net: NetName=Discharge+ Pin=X?-P$3
Added Pin To Net: NetName=Discharge- Pin=X?-P$4
Added Pin To Net: NetName=TSMP+ Pin=X?-P$5
Added Pin To Net: NetName=TSMP- Pin=X?-P$6
Added Pin To Net: NetName=HV+_SENSE Pin=F_HV+-1
Added Pin To Net: NetName=HV+_SENSE Pin=X?-P$7
Added Net: Name=HV+_SENSE
Added Member To Class: ClassName=ife19_TS_TSAL-Discharge-TSMP Member=Component F_HV+ FUSE_885
Added Member To Class: ClassName=ife19_TS_TSAL-Discharge-TSMP Member=Component X? Molex - Micro-Fit 3.0 Series connector,  3.00mm (0.118") pitch header, 7 positions.
